36796
104 0 0
28 0 0
166 2 2
99 6 0
14 8 0
28 10 5
99 0 5
14 0 12
28 4 6
99 7 9
14 10 11
28 17 0
99 17 4
14 17 11
28 19 3
99 20 16
14 22 0
28 22 6
99 23 16
14 24 9
28 25 15
99 0 16
14 0 23
28 2 28
99 5 16
14 6 27
28 7 21
99 10 16
14 12 16
28 12 22
99 14 27
14 15 23
28 17 28
99 21 28
14 22 23
28 24 28
99 28 18
14 28 27
28 35 0
99 35 4
14 35 11
28 35 17
99 35 21
14 35 29
28 37 3
99 38 20
14 39 16
28 40 0
99 41 6
14 41 21
28 42 3
99 43 27
14 44 6
28 45 0
99 46 12
14 46 26
28 46 32
99 49 0
14 49 11
28 49 17
99 50 31
14 51 0
28 51 20
99 53 30
14 54 5
28 54 16
99 54 23
14 55 30
28 56 10
99 57 19
14 58 13
28 59 0
99 60 19
14 61 3
28 61 26
99 63 17
14 63 29
28 0 32
99 0 36
14 0 43
28 0 49
99 0 53
14 0 60
28 2 35
99 3 52
14 4 48
28 5 33
99 6 54
14 7 36
28 7 42
99 8 61
14 9 53
28 10 43
99 11 59
14 12 46
28 13 40
99 14 33
14 14 58
28 16 38
99 17 50
14 17 63
28 18 33
99 19 41
14 19 48
28 20 36
99 21 54
14 22 39
28 23 53
99 24 32
14 24 58
28 25 44
99 27 32
14 27 47
28 27 63
99 30 33
14 30 40
28 30 52
99 31 62
14 32 55
28 33 33
99 34 61
14 35 45
28 36 35
99 37 59
14 38 38
28 38 50
99 40 55
14 40 62
28 41 51
99 43 42
14 43 54
28 45 40
99 46 46
14 46 59
28 47 43
99 49 35
14 49 46
28 50 52
99 51 63
14 52 37
28 52 55
99 54 60
14 55 42
28 55 50
99 56 56
14 57 53
28 57 63
99 60 34
14 60 47
28 60 58
99 62 63
14 63 35
28 63 41
99 66 7
14 66 14
28 66 20
99 67 40
14 68 0
28 68 6
99 69 23
14 69 39
28 69 45
99 70 19
14 70 31
28 71 7
99 73 18
14 73 25
28 73 44
99 74 10
14 75 0
28 75 6
99 76 17
14 76 35
28 76 41
99 77 11
14 77 46
28 78 7
99 79 18
14 79 29
28 80 10
99 80 14
14 80 40
28 81 4
99 82 21
14 83 0
28 83 7
99 83 13
14 83 34
28 84 20
99 85 44
14 86 5
28 86 11
99 86 25
14 87 16
28 87 22
99 88 38
14 88 45
28 89 25
99 89 29
14 90 10
28 90 36
99 92 0
14 92 21
28 92 27
99 93 39
14 94 0
28 94 15
99 94 32
14 95 26
28 95 44
99 97 5
14 97 12
28 97 31
99 97 35
14 98 18
28 98 42
99 100 5
14 100 32
28 100 38
99 101 45
14 102 0
28 102 23
99 103 6
14 103 37
28 103 43
99 105 13
14 105 20
28 105 26
99 106 5
14 106 42
28 107 12
99 108 29
14 109 0
28 109 6
99 109 25
14 110 11
28 110 34
99 111 46
14 112 5
28 112 16
99 112 24
14 112 37
28 113 21
99 114 43
14 115 17
28 115 24
99 115 28
14 116 42
28 117 0
99 118 10
14 118 22
28 118 28
99 118 32
14 119 3
28 120 9
99 121 31
14 122 12
28 122 27
99 123 38
14 123 45
28 124 17
99 124 32
14 125 0
28 125 24
99 127 6
14 127 18
28 127 27
99 127 31
14 127 38
28 129 5
99 130 11
14 130 23
28 130 29
99 131 43
14 132 0
28 132 6
99 133 12
14 133 28
28 133 34
99 134 42
14 135 5
28 135 11
99 136 17
14 136 33
28 136 39
99 137 45
14 138 10
28 138 16
99 139 22
14 139 38
28 139 44
99 141 0
14 141 15
28 141 21
99 0 64
14 0 71
28 0 77
99 0 81
14 0 88
28 0 94
99 0 98
14 0 105
28 0 111
99 0 115
14 0 122
28 0 128
99 0 132
14 0 139
28 2 80
99 3 97
14 3 110
28 3 116
99 3 131
14 4 76
28 4 93
99 4 127
14 5 82
28 6 67
99 6 98
14 6 115
28 6 126
99 6 134
14 7 87
28 7 94
99 8 131
14 8 139
28 9 68
99 9 99
14 9 106
28 9 120
99 10 126
14 11 71
28 11 78
99 11 92
14 11 99
28 11 123
99 13 111
14 13 118
28 13 126
99 13 130
14 14 76
28 14 82
99 14 91
14 15 87
28 15 110
99 16 103
14 16 123
28 16 129
99 16 133
14 16 140
28 17 92
99 19 69
14 19 81
28 19 95
99 19 99
14 19 106
28 19 112
99 19 132
14 20 117
28 20 128
99 22 67
14 22 74
28 22 86
99 22 91
14 22 98
28 22 131
99 22 135
14 23 111
28 23 122
99 25 64
14 25 85
28 25 91
99 25 127
14 25 134
28 25 140
99 26 103
14 26 121
28 27 69
99 27 78
14 27 127
28 28 92
99 29 102
14 29 115
28 29 139
99 30 72
14 30 79
28 30 95
99 31 68
14 31 89
28 31 100
99 32 106
14 32 132
28 32 140
99 34 67
14 34 94
28 34 101
99 34 119
14 34 126
28 35 74
99 35 107
14 35 137
28 36 66
99 37 83
14 37 99
28 37 105
99 37 114
14 38 69
28 38 75
99 38 79
14 38 110
28 39 88
99 40 116
14 40 123
28 40 130
99 40 141
14 41 74
28 41 80
99 42 91
14 42 104
28 42 115
99 43 85
14 43 128
28 43 134
99 43 138
14 44 79
28 44 96
99 45 66
14 45 85
28 45 109
99 46 115
14 46 133
28 46 139
99 47 91
14 47 98
28 47 112
99 48 65
14 48 72
28 48 120
99 50 89
14 50 103
28 50 109
99 50 125
14 50 138
28 51 77
99 51 115
14 51 122
28 52 82
99 53 88
14 53 95
28 53 110
99 53 128
14 54 69
28 54 78
99 55 85
14 55 113
28 55 127
99 56 133
14 57 74
28 57 80
99 57 100
14 57 107
28 57 118
99 58 86
14 58 124
28 58 130
99 58 140
14 59 83
28 59 99
99 59 136
14 60 91
28 60 133
99 62 117
14 62 129
28 62 136
99 62 140
14 63 57
28 63 70
99 63 96
14 63 103
28 63 111
99 65 63
14 65 73
28 65 79
99 65 116
14 65 123
28 65 134
99 65 139
14 66 51
28 66 85
99 66 96
14 66 108
28 67 62
99 68 90
14 68 113
28 68 135
99 68 139
14 69 65
28 69 78
99 69 97
14 69 128
28 70 56
99 70 84
14 70 118
28 70 138
99 71 91
14 71 102
28 72 59
99 72 70
14 72 77
28 72 83
99 73 48
14 73 88
28 73 96
99 73 133
14 73 140
28 74 55
99 74 107
14 74 123
28 75 60
99 75 70
14 75 82
28 75 132
99 76 49
14 76 65
28 76 93
99 77 107
14 77 114
28 77 128
99 78 56
14 78 70
28 78 96
99 79 52
14 79 76
28 79 101
99 79 133
14 80 87
28 80 106
99 81 59
14 81 93
28 81 119
99 81 127
14 81 138
28 82 51
99 82 55
14 82 81
28 82 99
99 83 109
14 83 122
28 83 132
99 84 62
14 84 102
28 84 116
99 85 54
14 85 69
28 85 108
99 86 127
14 87 51
28 87 59
99 87 75
14 87 86
28 87 111
99 88 134
14 88 141
28 89 62
99 89 92
14 89 107
28 89 114
99 89 127
14 90 56
28 90 74
99 90 78
14 90 99
28 90 119
99 91 134
14 92 61
28 92 67
99 92 90
14 92 112
28 92 122
99 92 126
14 93 72
28 93 78
99 94 133
14 95 50
28 95 81
99 95 85
14 95 92
28 95 104
99 95 117
14 95 124
28 95 130
99 96 140
14 97 55
28 97 66
99 97 135
14 98 77
28 98 83
99 98 97
14 98 105
28 98 116
99 99 129
14 99 140
28 100 60
99 100 69
14 100 86
28 100 110
99 101 97
14 101 115
28 101 121
99 102 65
14 102 91
28 102 126
99 102 130
14 103 50
28 103 61
99 104 72
14 104 96
28 104 102
99 105 66
14 105 79
28 105 107
99 105 120
14 105 127
28 105 133
99 106 55
14 106 62
28 106 138
99 108 68
14 108 84
28 108 101
99 108 110
14 108 117
28 108 134
99 109 55
14 109 90
28 109 106
99 109 141
14 110 67
28 110 73
99 111 52
14 111 95
28 111 102
99 111 122
14 111 131
28 111 137
99 112 109
14 113 51
28 113 57
99 113 76
14 113 105
28 113 140
99 114 72
14 114 114
28 114 121
99 116 60
14 116 71
28 116 77
99 116 81
14 116 88
28 116 124
99 116 135
14 117 56
28 117 99
99 119 62
14 119 76
28 119 82
99 119 93
14 119 102
28 119 109
99 119 118
14 119 125
28 119 131
99 119 135
14 121 61
28 121 112
99 122 48
14 122 67
28 122 83
99 122 93
14 122 117
28 122 132
99 122 136
14 123 88
28 123 107
99 125 51
14 125 72
28 125 80
99 125 94
14 125 110
28 125 122
99 125 135
14 126 101
28 126 127
99 126 131
14 127 50
28 127 56
99 128 92
14 128 121
28 128 130
99 128 138
14 129 59
28 129 65
99 129 77
14 129 84
28 129 115
99 130 135
14 131 68
28 131 76
99 131 90
14 131 106
28 131 126
99 132 132
14 132 140
28 133 89
99 133 97
14 133 111
28 133 129
99 135 49
14 135 56
28 135 73
99 135 77
14 135 92
28 135 116
99 136 98
14 136 121
28 136 127
99 136 132
14 137 61
28 137 76
99 137 84
14 138 67
28 138 81
99 139 97
14 139 104
28 139 115
99 139 130
14 139 137
28 140 49
99 140 86
14 140 126
28 141 72
99 141 76
14 141 83
28 141 96
99 144 0
14 144 7
28 144 22
99 144 26
14 144 33
28 144 43
99 144 47
14 144 54
28 144 60
99 144 75
14 144 88
28 144 94
99 145 71
14 145 99
28 146 25
99 146 65
14 147 0
28 147 12
99 147 38
14 147 45
28 147 61
99 147 78
14 147 93
28 148 17
99 148 72
14 149 22
28 149 28
99 149 66
14 149 83
28 150 13
99 150 38
14 150 50
28 150 58
99 151 73
14 152 5
28 152 16
99 152 31
14 152 38
28 152 61
99 152 65
14 152 88
28 152 98
99 153 27
14 153 55
28 153 72
99 155 10
14 155 17
28 155 26
99 155 43
14 155 60
28 155 66
99 155 77
14 155 93
28 155 99
99 157 31
14 157 43
28 157 49
99 157 71
14 157 82
28 158 0
99 158 10
14 158 22
28 158 28
99 159 65
14 159 76
28 159 87
99 159 98
14 160 3
28 160 9
99 160 33
14 160 48
28 160 54
99 162 14
14 162 27
28 162 38
99 162 64
14 162 88
28 162 95
99 162 99
14 163 8
28 163 55
99 163 59
14 164 14
28 164 32
99 165 41
14 165 58
28 165 64
99 165 68
14 165 80
28 165 93
99 165 98
14 166 0
28 166 19
99 166 37
14 166 52
28 167 33
99 168 44
14 168 63
28 168 69
99 168 73
14 168 85
28 168 94
99 168 98
14 169 5
28 169 20
99 169 24
14 169 36
28 170 11
99 171 42
14 171 68
28 171 74
99 171 90
14 171 97
28 172 14
99 172 23
14 172 30
28 172 49
99 173 56
14 173 77
28 174 0
99 174 19
14 174 41
28 174 52
99 174 90
14 175 9
28 175 15
99 176 57
14 176 82
28 176 88
99 176 101
14 177 1
28 177 18
99 177 22
14 177 35
28 177 46
99 178 52
14 178 62
28 178 70
99 178 93
14 178 100
28 179 14
99 180 21
14 180 28
28 180 47
99 180 87
14 181 6
28 181 17
99 181 53
14 181 67
28 181 73
99 182 39
14 182 50
28 182 78
99 183 86
14 183 93
28 184 0
99 184 11
14 184 18
28 184 33
99 184 56
14 184 72
28 184 81
99 185 39
14 185 86
28 185 98
99 187 11
14 187 23
28 187 30
99 187 36
14 187 44
28 187 55
99 187 59
14 187 77
28 187 101
99 188 0
14 188 8
28 188 66
99 190 33
14 190 49
28 190 56
99 190 60
14 190 69
28 190 91
99 190 97
14 191 0
28 191 13
99 191 28
14 191 82
28 192 18
99 193 35
14 193 54
28 193 60
99 193 94
14 193 101
28 194 5
99 194 27
14 194 42
28 194 74
99 194 87
14 195 10
28 195 16
99 195 21
14 195 34
28 195 63
99 196 94
14 197 4
28 197 19
99 197 77
14 197 86
28 198 24
99 198 47
14 198 59
28 198 65
99 198 69
14 198 92
28 199 15
99 200 76
14 200 97
28 201 18
99 201 27
14 201 38
28 201 44
99 201 48
14 201 64
28 201 70
99 203 9
14 203 21
28 203 32
99 203 75
14 203 82
28 204 0
99 204 47
14 204 54
28 204 71
99 205 6
14 205 14
28 205 26
99 205 43
14 205 87
28 206 3
99 207 31
14 207 42
28 207 48
99 207 59
14 207 68
28 207 74
99 207 93
14 207 100
28 208 6
99 209 26
14 209 36
28 209 77
99 210 0
14 210 9
28 210 19
99 210 59
14 210 82
28 210 92
99 211 47
14 211 54
28 211 73
99 212 24
14 212 87
28 212 95
99 213 0
14 213 14
28 213 20
99 213 60
14 213 76
28 214 29
99 214 46
14 214 67
28 214 98
99 215 41
14 215 59
28 215 92
99 216 0
14 216 19
28 216 25
99 217 32
14 217 39
28 217 46
99 217 101
14 218 0
28 218 6
99 218 80
14 218 91
28 218 97
99 219 28
14 219 49
28 219 72
99 220 11
14 220 24
28 220 64
99 221 77
14 221 84
28 221 98
99 222 5
14 222 16
28 222 29
99 222 33
14 222 54
28 222 67
99 223 60
14 223 72
28 223 101
99 224 43
14 224 78
28 224 95
99 225 4
14 225 30
28 225 36
99 226 0
14 226 21
28 226 41
99 226 59
14 226 66
28 226 89
99 227 47
14 227 94
28 227 100
99 228 7
14 228 35
28 228 44
99 229 0
14 229 14
28 229 52
99 229 58
14 229 83
28 230 40
99 231 7
14 231 26
28 231 45
99 231 70
14 231 77
28 231 88
99 231 99
14 232 0
28 232 50
99 232 55
14 232 62
28 233 6
99 234 18
14 234 31
28 234 39
99 234 68
14 234 89
28 234 96
99 234 100
14 235 9
28 235 44
99 235 53
14 236 16
28 236 49
99 237 66
14 237 73
28 237 81
99 237 99
14 238 21
28 238 36
99 238 40
14 238 52
28 238 58
99 238 94
14 239 0
28 239 64
99 240 84
14 240 93
28 240 99
99 241 26
14 241 33
28 241 39
99 241 43
14 241 57
28 241 67
99 241 78
14 242 5
28 242 11
99 243 85
14 243 98
28 244 14
99 244 26
14 244 38
28 244 44
99 244 62
14 244 69
28 244 75
99 244 79
14 245 19
28 245 49
99 246 86
14 247 0
28 247 10
99 247 25
14 247 43
28 247 52
99 247 62
14 247 74
28 247 80
99 249 32
14 249 48
28 249 55
99 249 59
14 249 83
28 249 89
99 249 93
14 250 5
28 250 11
99 250 23
14 250 66
28 250 100
99 252 16
14 252 23
28 252 29
99 252 33
14 252 53
28 252 59
99 252 92
14 253 10
28 253 40
99 253 88
14 253 99
28 254 32
99 254 71
14 254 78
28 255 0
99 255 16
14 255 43
28 255 60
99 256 87
14 257 3
28 257 15
99 257 27
14 257 34
28 257 48
99 257 70
14 257 83
28 258 20
99 258 63
14 258 92
28 259 25
99 259 57
14 259 70
28 260 8
99 260 51
14 260 97
28 261 13
99 262 19
14 262 26
28 262 39
99 262 47
14 262 56
28 262 62
99 262 75
14 263 0
28 263 9
99 264 16
14 264 31
28 264 42
99 264 87
14 265 5
28 265 12
99 265 48
14 265 61
28 265 67
99 265 75
14 265 82
28 266 36
99 267 17
14 267 41
28 267 47
99 267 72
14 267 87
28 267 93
99 267 101
14 268 10
28 268 52
99 269 66
14 269 96
28 270 15
99 270 19
14 270 26
28 270 35
99 270 73
14 271 0
28 271 46
99 271 55
14 271 65
28 271 101
99 273 18
14 273 31
28 273 37
99 273 51
14 273 70
28 273 76
99 273 80
14 274 5
28 274 14
99 274 58
14 274 87
28 275 40
99 275 44
14 275 51
28 275 79
99 275 101
14 276 10
28 276 17
99 276 21
14 276 57
28 276 92
99 277 98
14 278 20
28 278 26
99 278 35
14 278 42
28 278 62
99 278 74
14 278 81
28 278 95
99 280 0
14 280 29
28 280 65
99 280 100
14 281 35
28 281 47
99 281 71
14 281 86
28 281 92
99 283 0
14 283 7
28 283 13
99 283 52
14 283 59
28 283 66
99 283 97
14 284 46
28 284 71
99 284 75
14 284 91
28 285 16
99 286 0
14 286 21
28 286 40
99 286 52
14 286 64
28 286 74
99 286 97
14 287 12
28 287 27
99 287 80
14 288 0
28 288 32
99 289 50
14 289 69
28 289 75
99 289 95
14 290 5
28 290 28
99 290 37
14 290 57
28 290 80
99 290 84
14 291 33
28 291 44
99 292 16
14 292 49
28 292 76
99 292 91
14 292 98
28 293 23
99 293 83
14 294 10
28 294 38
99 294 62
14 294 79
28 294 90
99 295 16
14 295 26
28 295 43
99 296 0
14 296 54
28 296 61
99 297 67
14 297 84
28 297 91
99 298 15
14 298 31
28 298 37
99 299 0
14 299 42
28 299 48
99 299 64
14 299 72
28 299 94
99 300 59
14 300 99
28 301 5
99 301 14
14 301 21
28 301 77
99 302 88
14 303 0
28 303 8
99 303 35
14 303 47
28 303 53
99 303 58
14 303 65
28 303 80
99 304 14
14 304 26
28 304 86
99 305 92
14 306 5
28 306 11
99 306 32
14 306 39
28 306 54
99 306 58
14 306 70
28 306 76
99 307 82
14 307 89
28 307 97
99 308 16
14 308 31
28 308 57
99 309 79
14 309 100
28 310 10
99 310 44
14 310 51
28 310 60
99 310 75
14 310 94
28 311 0
99 311 16
14 311 23
28 311 65
99 312 82
14 313 3
28 313 11
99 313 35
14 313 42
28 313 56
99 313 74
14 314 16
28 314 28
99 314 68
14 314 81
28 314 87
99 315 61
14 316 8
28 316 31
99 316 35
14 316 47
28 316 57
99 0 143
14 0 150
28 0 156
99 0 160
14 0 167
28 0 173
99 0 177
14 0 184
28 0 190
99 0 194
14 0 201
28 0 207
99 0 211
14 0 218
28 0 224
99 0 228
14 0 235
28 0 241
99 0 245
14 0 252
28 0 258
99 0 262
14 0 269
28 0 275
99 0 279
14 0 286
28 0 292
99 0 296
14 0 303
28 0 309
99 0 313
14 2 159
28 2 176
99 3 193
14 3 206
28 3 212
99 3 227
14 3 240
28 3 246
99 3 261
14 3 274
28 3 280
99 3 295
14 3 308
28 3 314
99 4 189
14 4 223
28 4 257
99 4 291
14 5 145
28 5 172
99 6 178
14 6 188
28 6 194
99 6 229
14 6 245
28 6 260
99 6 264
14 6 279
28 6 290
99 6 298
14 6 313
28 7 152
99 7 163
14 7 175
28 7 199
99 7 211
14 7 251
28 7 295
99 9 181
14 9 193
28 9 202
99 9 227
14 9 234
28 9 256
99 9 263
14 9 270
28 9 284
99 9 300
14 10 150
28 10 156
99 10 160
14 10 167
28 10 208
99 10 212
14 10 219
28 10 289
99 11 295
14 11 305
28 12 144
99 12 179
14 12 198
28 12 204
99 12 225
14 12 239
28 12 257
99 12 261
14 12 275
28 12 285
99 13 159
14 13 172
28 13 186
99 13 211
14 13 245
28 13 290
99 14 155
14 14 178
28 14 207
99 14 296
14 14 310
28 14 316
99 15 223
14 15 230
28 15 250
99 15 260
14 15 267
28 15 280
99 16 144
14 16 154
28 16 160
99 16 189
14 16 203
28 16 210
99 16 214
14 16 255
28 16 285
99 16 293
14 17 165
28 17 183
99 17 300
14 17 315
28 18 188
99 18 221
14 18 235
28 18 260
99 18 290
14 19 145
28 19 193
99 19 213
14 19 241
28 19 249
99 19 272
14 19 279
28 19 286
99 19 297
14 19 305
28 20 159
99 20 208
14 20 220
28 21 170
99 21 174
14 21 181
28 21 189
99 21 291
14 22 150
28 22 194
99 22 198
14 22 207
28 22 213
99 22 226
14 22 246
28 22 252
99 22 260
14 22 267
28 22 273
99 22 298
14 22 310
28 23 156
99 23 284
14 23 291
28 24 161
99 24 173
14 24 186
28 24 197
99 24 257
14 24 297
28 25 166
99 25 224
14 25 231
28 25 237
99 25 315
14 26 155
28 26 171
99 26 212
14 26 251
28 26 272
99 26 276
14 26 283
28 26 302
99 27 191
14 27 198
28 27 219
99 27 257
14 27 315
28 28 145
99 28 161
14 28 174
28 28 180
99 28 240
14 28 264
28 28 275
99 29 204
14 29 211
28 29 222
99 29 236
14 29 256
28 29 288
99 29 305
14 30 148
28 30 160
99 30 191
14 30 245
28 30 269
99 31 166
14 31 179
28 31 185
99 31 293
14 31 300
28 32 163
99 32 202
14 32 216
28 32 223
99 32 227
14 32 234
28 32 272
99 32 276
14 32 287
28 32 306
99 33 190
14 33 250
28 33 311
99 34 153
14 34 166
28 34 186
99 34 293
14 35 160
28 35 172
99 35 197
14 35 204
28 35 221
99 35 226
14 35 239
28 35 260
99 35 268
14 35 275
28 35 281
99 35 316
14 36 152
28 36 189
99 36 193
14 36 210
28 36 265
99 36 304
14 36 312
28 37 145
99 37 291
14 38 171
28 38 177
99 38 183
14 38 192
28 38 198
99 38 224
14 38 231
28 38 244
99 38 254
14 38 261
28 38 268
99 39 220
14 39 280
28 39 286
99 39 298
14 39 305
28 40 180
99 40 215
14 40 247
28 40 253
99 40 292
14 41 157
28 41 164
99 41 316
14 42 146
28 42 176
99 42 185
14 42 197
28 42 203
99 42 222
14 42 236
28 42 266
99 42 270
14 42 285
28 42 291
99 43 214
14 43 252
28 43 296
99 44 181
14 44 206
28 44 221
99 44 309
14 44 316
28 45 151
99 45 162
14 45 169
28 45 177
99 45 188
14 45 212
28 45 226
99 45 241
14 45 257
28 45 263
99 45 269
14 45 276
28 45 292
99 46 299
14 46 307
28 47 154
99 47 182
14 47 217
28 47 229
99 48 161
14 48 174
28 48 189
99 48 241
14 48 262
28 48 268
99 48 295
14 49 144
28 49 150
99 49 223
14 49 232
28 49 238
99 49 281
14 49 288
28 50 155
99 50 180
14 50 192
28 50 198
99 50 248
14 50 271
28 50 294
99 51 161
14 51 203
28 51 209
99 51 243
14 51 280
28 51 299
99 51 311
14 52 149
28 52 158
99 52 221
14 52 237
28 52 253
99 53 168
14 53 179
28 53 185
99 53 304
14 53 311
28 54 154
99 54 163
14 54 197
28 54 210
99 54 214
14 54 221
28 54 227
99 54 243
14 54 256
28 54 293
99 55 299
14 55 316
28 56 157
99 56 170
14 56 184
28 56 213
99 56 262
14 56 275
28 56 285
99 57 163
14 57 190
28 57 207
99 57 230
14 57 242
28 57 248
99 57 296
14 57 304
28 58 153
99 58 226
14 58 261
28 58 267
99 58 290
14 59 147
28 59 158
99 59 170
14 59 202
28 59 210
99 59 280
14 59 287
28 60 163
99 60 216
14 60 225
28 60 231
99 60 235
14 60 247
28 60 253
99 60 297
14 60 309
28 61 154
99 61 177
14 61 195
28 61 213
99 61 293
14 62 159
28 62 166
99 62 170
14 62 207
28 62 234
99 62 266
14 62 279
28 62 314
99 63 218
14 63 239
28 63 254
99 64 177
14 64 184
28 64 214
99 64 291
14 64 298
28 65 151
99 65 169
14 65 230
28 65 257
99 65 265
14 65 272
28 65 284
99 66 164
14 66 176
28 66 189
99 66 199
14 66 217
28 66 244
99 66 304
14 66 313
28 67 146
99 67 251
14 67 260
28 67 287
99 67 291
14 68 152
28 68 163
99 68 223
14 68 247
28 68 266
99 69 169
14 69 190
28 69 196
99 69 200
14 69 207
28 69 235
99 69 302
14 70 157
28 70 166
99 70 253
14 70 277
28 70 283
99 70 290
14 71 146
28 71 181
99 71 221
14 71 238
28 71 267
99 72 171
14 72 195
28 72 201
99 72 212
14 72 228
28 72 252
99 72 297
14 72 304
28 72 310
99 73 162
14 73 184
28 73 219
99 73 286
14 73 293
28 73 315
99 74 257
14 74 264
28 74 270
99 74 282
14 75 151
28 75 167
99 75 171
14 75 178
28 75 202
99 75 212
14 75 222
28 75 243
99 76 249
14 76 256
28 76 273
99 76 309
14 76 316
28 77 156
99 77 161
14 77 170
28 77 189
99 77 207
14 77 233
28 77 246
99 77 281
14 77 298
28 78 145
99 78 214
14 78 240
28 78 269
99 79 199
14 79 206
28 79 227
99 79 276
14 79 286
28 79 303
99 79 308
14 80 157
28 80 163
99 80 192
14 80 212
28 80 247
99 81 183
14 81 199
28 81 218
99 81 260
14 81 267
28 81 273
99 82 144
14 82 151
28 82 175
99 82 279
14 82 291
28 82 304
99 82 308
14 83 162
28 83 180
99 83 190
14 83 221
28 83 227
99 83 250
14 83 258
28 83 276
99 84 186
14 84 232
28 84 244
99 84 315
14 85 167
28 85 173
99 85 281
14 85 296
28 85 302
99 85 307
14 86 178
28 86 184
99 86 193
14 86 204
28 86 237
99 86 249
14 86 272
28 86 278
99 87 144
14 87 156
28 87 189
99 87 314
14 88 172
28 88 198
99 88 210
14 88 226
28 88 240
99 88 244
14 88 263
28 88 281
99 88 285
14 88 301
28 88 307
99 89 251
14 89 312
28 90 146
99 90 183
14 90 190
28 90 209
99 90 217
14 90 236
28 90 243
99 91 161
14 91 196
28 91 214
99 91 276
14 91 283
28 91 289
99 92 248
14 92 255
28 92 268
99 93 149
14 93 160
28 93 166
99 93 182
14 93 201
28 93 207
99 93 219
14 93 241
28 93 274
99 93 294
14 93 306
28 94 146
99 94 177
14 94 212
28 94 230
99 94 316
14 95 154
28 95 169
99 95 247
14 95 260
28 95 266
99 95 288
14 95 299
28 96 174
99 96 184
14 96 206
28 96 217
99 96 221
14 96 233
28 96 271
99 96 277
14 96 311
28 97 147
99 97 180
14 97 192
28 97 246
99 98 164
14 98 177
28 98 220
99 98 287
14 98 316
28 99 171
99 99 226
14 99 238
28 99 249
99 99 265
14 99 272
28 99 278
99 99 282
14 100 146
28 100 159
99 100 183
14 100 197
28 100 216
99 100 303
14 101 164
28 101 221
99 101 254
14 101 264
28 101 281
99 101 289
14 101 296
28 102 151
99 102 227
14 102 243
28 102 250
99 103 170
14 103 182
28 103 188
99 103 202
14 103 209
28 103 217
99 103 286
14 103 301
28 103 307
99 104 156
14 104 222
28 104 232
99 104 255
14 104 277
28 104 283
99 105 312
14 106 150
28 106 169
99 106 173
14 106 187
28 106 193
99 106 202
14 106 214
28 106 227
99 106 248
14 106 255
28 106 269
99 106 288
14 106 306
28 107 156
99 107 235
14 107 261
28 107 284
99 108 198
14 108 230
28 108 247
99 108 312
14 109 159
28 109 165
99 109 172
14 109 179
28 109 194
99 109 289
14 109 296
28 110 203
99 110 236
14 110 243
28 110 266
99 110 270
14 110 281
28 110 311
99 111 218
14 111 249
28 111 287
99 112 143
14 112 164
28 112 170
99 112 197
14 112 206
28 112 235
99 112 301
14 112 314
28 113 152
99 113 184
14 113 191
28 113 212
99 113 269
14 113 290
28 113 308
99 114 218
14 114 225
28 114 254
99 114 258
14 114 265
28 115 143
99 115 173
14 115 183
28 115 196
99 115 301
14 116 148
28 116 154
99 116 169
14 116 211
28 116 217
99 116 231
14 116 238
28 116 257
99 116 271
14 116 278
28 116 295
99 117 308
14 118 157
28 118 168
99 118 176
14 118 197
28 118 203
99 118 244
14 118 251
28 118 270
99 118 284
14 118 298
28 118 304
99 119 141
14 119 173
28 119 188
99 119 229
14 119 258
28 119 313
99 120 216
14 120 243
28 120 283
99 121 162
14 121 178
28 121 191
99 121 289
14 121 303
28 121 309
99 122 142
14 122 185
28 122 202
99 122 206
14 122 215
28 122 221
99 122 225
14 122 232
28 122 263
99 122 267
14 122 274
28 122 286
99 122 316
14 123 150
28 123 167
99 124 280
14 124 289
28 124 295
99 124 312
14 125 155
28 125 161
99 125 190
14 125 197
28 125 203
99 125 207
14 125 220
28 125 226
99 125 237
14 125 248
28 125 254
99 125 266
14 125 308
28 126 144
99 126 170
14 126 260
28 126 279
99 127 166
14 127 190
28 127 206
99 127 298
14 127 313
28 128 162
99 128 237
14 128 253
28 128 265
99 128 269
14 128 282
28 128 294
99 129 173
14 129 180
28 129 202
99 129 211
14 129 225
28 129 231
99 130 145
14 130 165
28 130 207
99 130 299
14 131 152
28 131 159
99 131 236
14 131 243
28 131 266
99 131 270
14 131 287
28 131 295
99 132 171
14 132 185
28 132 195
99 132 212
14 132 219
28 132 232
99 133 201
14 133 208
28 133 248
99 133 257
14 133 269
28 133 275
99 133 300
14 133 307
28 134 145
99 135 157
14 135 170
28 135 176
99 135 190
14 135 197
28 135 213
99 135 235
14 135 251
28 135 262
99 135 292
14 135 299
28 135 312
99 135 316
14 136 224
28 136 230
99 136 278
14 137 146
28 137 156
99 137 274
14 137 291
28 137 315
99 138 162
14 138 175
28 138 181
99 138 190
14 138 202
28 138 214
99 138 235
14 138 242
28 138 256
99 139 262
14 139 273
28 139 279
99 139 283
14 139 304
28 139 311
99 140 151
14 140 158
28 140 184
99 140 229
14 140 259
28 140 316
99 141 164
14 141 189
28 141 207
99 141 217
14 141 236
28 141 247
99 142 109
14 142 116
28 142 131
99 142 213
14 142 228
28 142 253
99 142 265
14 142 278
28 142 284
99 142 295
14 142 309
28 143 142
99 143 151
14 143 163
28 143 169
99 143 179
14 143 194
28 143 210
99 144 220
14 144 246
28 144 264
99 144 315
14 145 108
28 145 121
99 145 147
14 145 172
28 145 178
99 145 215
14 145 252
28 145 269
99 145 287
14 145 294
28 145 300
99 146 131
14 146 139
28 146 154
99 146 199
14 146 206
28 146 212
99 146 283
14 146 314
28 147 124
99 147 183
14 147 220
28 147 233
99 148 145
14 148 157
28 148 179
99 148 257
14 148 264
28 148 270
99 148 303
14 149 113
28 149 119
99 149 129
14 149 188
28 149 198
99 149 238
14 149 275
28 149 281
99 149 285
14 149 299
28 150 125
99 150 211
14 150 225
28 150 231
99 151 143
14 151 150
28 151 162
99 151 166
14 151 176
28 151 182
99 151 257
14 151 269
28 151 284
99 151 305
14 152 105
28 152 120
99 152 130
14 152 193
28 152 199
99 152 236
14 152 243
28 152 249
99 152 290
14 153 126
28 153 137
99 153 210
14 153 217
28 153 232
99 154 143
14 154 161
28 154 167
99 154 204
14 154 252
28 154 258
99 154 279
14 154 286
28 154 304
99 154 308
14 154 315
28 155 110
99 155 181
14 155 198
28 155 235
99 155 292
14 156 115
28 156 131
99 156 140
14 156 155
28 156 170
99 156 263
14 156 274
28 156 307
99 157 204
14 157 211
28 157 222
99 157 229
14 157 238
28 157 259
99 157 299
14 158 109
28 158 120
99 158 136
14 158 145
28 158 166
99 158 180
14 158 187
28 158 268
99 158 291
14 159 130
28 159 171
99 159 175
14 159 203
28 159 225
99 159 279
14 159 298
28 159 304
99 160 231
14 160 243
28 160 249
99 160 262
14 160 290
28 160 309
99 161 123
14 161 135
28 161 150
99 161 192
14 161 216
28 161 228
99 161 256
14 161 269
28 161 284
99 162 160
14 162 167
28 162 173
99 162 177
14 162 222
28 162 252
99 162 314
14 163 114
28 163 120
99 163 233
14 163 261
28 163 276
99 163 303
14 163 310
28 164 105
99 164 140
14 164 149
28 164 155
99 164 192
14 164 208
28 164 229
99 165 125
14 165 160
28 165 174
99 165 178
14 165 185
28 165 199
99 165 247
14 165 254
28 165 279
99 165 283
14 165 295
28 165 302
99 165 316
14 166 108
28 166 121
99 166 234
14 167 130
28 167 139
99 167 191
14 167 202
28 167 213
99 168 177
14 168 218
28 168 226
99 168 230
14 168 239
28 168 245
99 168 265
14 168 272
28 168 280
99 168 284
14 168 300
28 168 315
99 169 153
14 169 165
28 169 171
99 170 118
14 170 135
28 170 141
99 170 189
14 170 196
28 170 229
99 170 258
14 170 265
28 170 283
99 170 306
14 171 113
28 171 146
99 171 176
14 171 207
28 171 223
99 171 248
14 171 277
28 171 288
99 172 103
14 172 123
28 172 151
99 172 155
14 172 170
28 172 183
99 172 244
14 172 256
28 172 293
99 172 313
14 173 140
28 173 188
99 173 232
14 173 282
28 173 305
99 173 309
14 174 128
28 174 147
99 174 176
14 174 201
28 174 212
99 174 226
14 174 243
28 174 249
99 175 105
14 175 152
28 175 158
99 175 222
14 175 237
28 175 270
99 175 288
14 175 295
28 175 308
99 175 316
14 176 163
28 176 175
99 176 183
14 176 190
28 176 215
99 176 301
14 176 313
28 177 110
99 177 229
14 177 248
28 177 261
99 178 117
14 178 133
28 178 145
99 178 180
14 178 195
28 178 206
99 178 220
14 178 266
28 178 272
99 178 286
14 178 300
28 178 306
99 180 106
14 180 113
28 180 122
99 180 156
14 180 168
28 180 174
99 180 211
14 180 218
28 180 225
99 180 229
14 180 253
28 180 259
99 180 277
14 180 284
28 181 127
99 181 138
14 181 146
28 181 179
99 181 183
14 181 200
28 181 207
99 181 290
14 181 305
28 182 105
99 182 241
14 182 271
28 183 118
99 183 152
14 183 159
28 183 175
99 183 228
14 183 235
28 183 260
99 183 277
14 183 289
28 183 295
99 184 138
14 184 180
28 184 186
99 184 190
14 184 205
28 184 211
99 184 223
14 184 241
28 184 247
99 184 310
14 185 107
28 185 121
99 185 125
14 185 132
28 185 151
99 186 263
14 186 276
28 186 296
99 187 138
14 187 164
28 187 170
99 187 189
14 187 196
28 187 212
99 187 222
14 187 229
28 187 248
99 187 257
14 187 282
28 187 301
99 187 310
14 188 112
28 188 118
99 188 124
14 188 145
28 188 152
99 188 185
14 188 217
28 188 253
99 189 264
14 189 293
28 189 304
99 190 136
14 190 155
28 190 171
99 190 175
14 190 184
28 190 190
99 190 258
14 190 287
28 190 309
99 190 313
14 191 117
28 191 123
99 191 127
14 191 201
28 191 207
99 191 222
14 191 234
28 191 240
99 191 245
14 191 252
28 191 269
99 192 104
14 192 134
28 192 174
99 192 298
14 192 305
28 192 312
99 193 258
14 193 265
28 193 272
99 194 126
14 194 139
28 194 149
99 194 160
14 194 167
28 194 177
99 194 189
14 194 206
28 194 212
99 194 222
14 194 239
28 194 245
99 194 278
14 194 298
28 194 315
99 195 107
14 195 122
28 195 219
99 196 256
14 196 270
28 196 276
99 197 128
14 197 144
28 197 150
99 197 159
14 197 172
28 197 178
99 197 188
14 197 195
28 197 213
99 197 224
14 197 231
28 197 246
99 197 282
14 197 289
28 197 310
99 198 105
14 198 112
28 198 155
99 198 184
14 198 218
28 198 251
99 198 316
14 199 127
28 199 133
99 199 257
14 199 275
28 199 281
99 199 302
14 199 313
28 200 103
99 200 160
14 200 177
28 200 183
99 200 200
14 200 210
28 200 223
99 201 117
14 201 136
28 201 149
99 201 236
14 201 243
28 201 249
99 201 254
14 201 262
28 201 294
99 202 155
14 202 165
28 202 186
99 202 300
14 202 307
28 203 104
99 203 200
14 203 224
28 203 235
99 203 280
14 203 297
28 204 109
99 204 117
14 204 141
28 204 147
99 204 152
14 204 170
28 204 182
99 204 191
14 204 215
28 204 250
99 204 254
14 204 267
28 204 287
99 206 114
14 206 122
28 206 129
99 206 187
14 206 196
28 206 202
99 206 229
14 206 236
28 206 253
99 206 279
14 206 290
28 206 312
99 207 104
14 207 111
28 207 148
99 207 152
14 207 159
28 207 175
99 207 272
14 207 302
28 208 132
99 208 181
14 208 205
28 208 241
99 208 247
14 208 256
28 208 284
99 209 188
14 209 220
28 209 228
99 209 315
14 210 105
28 210 116
99 210 151
14 210 164
28 210 176
99 210 262
14 210 271
28 210 277
99 210 307
14 211 127
28 211 133
99 211 137
14 211 144
28 211 181
99 211 185
14 211 210
28 211 231
99 211 244
14 211 282
28 211 295
99 212 170
14 212 192
28 212 225
99 212 314
14 213 115
28 213 121
99 213 150
14 213 177
28 213 184
99 213 240
14 213 249
28 213 261
99 213 307
14 214 132
28 214 138
99 214 198
14 214 215
28 214 228
99 214 234
14 214 276
28 214 287
99 214 291
14 214 298
28 214 304
99 215 157
14 215 169
28 215 254
99 215 314
14 216 109
28 216 122
99 216 148
14 216 182
28 216 197
99 216 241
14 216 259
28 216 265
99 216 309
14 217 137
28 217 155
99 217 203
14 217 220
28 217 226
99 217 231
14 217 238
28 217 270
99 217 290
14 217 303
28 218 125
99 218 161
14 218 187
28 218 200
99 218 286
14 218 309
28 218 315
99 219 143
14 219 150
28 219 158
99 219 244
14 219 253
28 219 266
99 219 280
14 220 114
28 220 120
99 220 173
14 220 192
28 220 203
99 220 207
14 220 225
28 220 231
99 220 293
14 221 126
28 221 142
99 221 163
14 221 214
28 221 243
99 221 271
14 221 278
28 221 285
99 221 289
14 221 314
28 222 132
99 223 105
14 223 119
28 223 155
99 223 159
14 223 168
28 223 174
99 223 178
14 223 197
28 223 204
99 223 263
14 223 270
28 223 288
99 223 296
14 224 135
28 224 143
99 224 230
14 224 237
28 224 244
99 224 257
14 224 293
28 224 305
99 225 219
14 225 249
28 225 283
99 226 104
14 226 111
28 226 146
99 226 158
14 226 173
28 226 179
99 226 183
14 226 202
28 226 208
99 226 299
14 226 308
28 227 140
99 227 152
14 227 190
28 227 218
99 227 229
14 227 242
28 227 254
99 227 258
14 227 275
28 227 286
99 228 123
14 228 149
28 228 163
99 228 224
14 228 265
28 228 298
99 229 182
14 229 207
28 229 213
99 229 313
14 230 116
28 230 122
99 230 130
14 230 139
28 230 154
99 230 178
14 230 195
28 230 219
99 230 231
14 230 255
28 230 280
99 231 105
14 231 127
28 231 159
99 231 166
14 231 224
28 231 285
99 231 289
14 231 296
28 231 302
99 232 246
14 232 270
28 232 312
99 232 316
14 233 110
28 233 132
99 233 177
14 233 184
28 233 200
99 233 212
14 233 229
28 233 235
99 234 144
14 234 153
28 234 160
99 234 164
14 234 171
28 234 240
99 234 260
14 234 275
28 234 281
99 234 288
14 234 301
28 234 307
99 235 120
14 235 177
28 235 189
99 235 246
14 235 313
28 236 133
99 236 203
14 236 210
28 236 216
99 237 143
14 237 158
28 237 164
99 237 199
14 237 221
28 237 234
99 237 243
14 237 251
28 237 257
99 237 261
14 237 280
28 237 286
99 237 290
14 237 306
28 238 115
99 238 119
14 238 126
28 238 136
99 238 192
14 238 239
28 239 105
99 240 141
14 240 148
28 240 165
99 240 181
14 240 188
28 240 197
99 240 201
14 240 215
28 240 226
99 240 260
14 240 267
28 240 287
99 240 291
14 240 298
28 241 108
99 241 118
14 241 131
28 241 137
99 241 232
14 241 244
28 241 256
99 242 114
14 242 153
28 242 168
99 242 172
14 242 179
28 242 193
99 242 273
14 242 290
28 242 311
99 243 102
14 243 111
28 243 140
99 243 200
14 243 207
28 243 227
99 244 121
14 244 158
28 244 164
99 244 233
14 244 249
28 244 257
99 244 303
14 244 314
28 245 116
99 245 171
14 245 194
28 245 220
99 245 271
14 245 278
28 245 284
99 246 103
14 246 121
28 246 136
99 246 143
14 246 167
28 246 184
99 246 200
14 246 212
28 246 225
99 246 230
14 246 238
28 246 260
99 247 294
14 247 301
28 247 307
99 248 127
14 248 139
28 248 148
99 248 173
14 248 187
28 248 199
99 248 254
14 248 263
28 248 269
99 249 103
14 249 115
28 249 181
99 249 217
14 249 224
28 249 230
99 249 243
14 249 283
28 249 289
99 250 153
14 250 172
28 250 202
99 251 125
14 251 132
28 251 144
99 251 253
14 251 268
28 251 274
99 251 294
14 251 306
28 251 312
99 252 105
14 252 149
28 252 158
99 252 162
14 252 177
28 252 192
99 252 207
14 252 216
28 252 231
99 252 243
14 252 250
28 252 290
99 253 198
14 253 236
28 253 258
99 254 119
14 254 126
28 254 154
99 254 277
14 254 293
28 254 299
99 254 315
14 255 104
28 255 110
99 255 161
14 255 182
28 255 189
99 255 195
14 255 203
28 255 209
99 255 242
14 255 261
28 255 273
99 255 311
14 256 115
28 256 137
99 256 141
14 256 157
28 256 168
99 256 221
14 256 228
28 256 255
99 257 278
14 257 285
28 257 300
99 258 192
14 258 208
28 258 220
99 258 240
14 258 247
28 258 266
99 258 310
14 259 109
28 259 120
99 259 130
14 259 138
28 259 144
99 259 162
14 259 169
28 259 175
99 259 187
14 259 214
28 259 233
99 259 272
14 259 303
28 260 149
99 260 253
14 260 269
28 260 279
99 261 194
14 261 219
28 261 236
99 261 240
14 261 290
28 261 296
99 261 309
14 261 316
28 262 102
99 262 123
14 262 130
28 262 145
99 262 162
14 262 174
28 262 180
99 262 186
14 262 201
28 262 225
99 263 119
14 263 150
28 263 156
99 263 251
14 263 258
28 263 274
99 264 113
14 264 161
28 264 183
99 264 193
14 264 228
28 264 234
99 264 239
14 264 279
28 264 297
99 264 307
14 265 124
28 265 135
99 265 189
14 265 206
28 265 246
99 266 105
14 266 112
28 266 118
99 266 142
14 266 155
28 266 166
99 266 263
14 266 273
28 266 284
99 267 178
14 267 185
28 267 194
99 267 212
14 267 233
28 267 239
99 267 251
14 267 294
28 267 300
99 267 304
14 267 311
28 268 136
99 269 142
14 269 167
28 269 173
99 269 219
14 269 242
28 269 248
99 269 263
14 269 285
28 269 303
99 270 104
14 270 117
28 270 129
99 270 190
14 270 197
28 270 211
99 270 215
14 270 253
28 270 260
99 270 316
14 271 134
28 271 140
99 271 149
14 271 160
28 271 176
99 272 203
14 272 214
28 272 220
99 272 224
14 272 247
28 272 263
99 272 267
14 272 277
28 272 299
99 273 106
14 273 122
28 273 143
99 273 190
14 273 290
28 273 304
99 273 316
14 274 128
28 274 148
99 274 152
14 274 172
28 274 178
99 274 182
14 274 202
28 274 208
99 275 223
14 275 230
28 275 236
99 275 257
14 275 264
28 275 270
99 275 309
14 275 316
28 276 108
99 276 112
14 276 139
28 276 151
99 276 164
14 276 181
28 276 187
99 276 191
14 276 219
28 276 241
99 276 282
14 276 295
28 276 301
99 278 145
14 278 154
28 278 162
99 278 207
14 278 224
28 278 237
99 278 252
14 278 269
28 278 281
99 278 306
14 279 107
28 279 113
99 279 117
14 279 133
28 279 167
99 279 190
14 279 197
28 279 242
99 280 186
14 280 206
28 280 212
99 280 248
14 280 257
28 280 274
99 280 286
14 280 300
28 280 311
99 281 124
14 281 144
28 281 159
99 282 116
14 282 164
28 282 170
99 282 174
14 282 185
28 282 191
99 282 234
14 282 241
28 282 247
99 282 279
14 282 286
28 282 292
99 283 112
14 283 123
28 283 138
99 283 215
14 283 229
28 283 262
99 283 305
14 283 312
28 284 149
99 284 211
14 284 250
28 284 273
99 285 173
14 285 190
28 285 201
99 285 279
14 285 291
28 286 104
99 286 111
14 286 128
28 286 135
99 286 154
14 286 169
28 286 210
99 286 218
14 286 234
28 286 263
99 286 267
14 286 276
28 286 297
99 286 305
14 287 140
28 287 150
99 288 175
14 288 182
28 288 195
99 288 204
14 288 213
28 288 223
99 288 255
14 288 266
28 288 281
99 288 302
14 289 105
28 289 111
99 289 115
14 289 133
28 289 145
99 289 155
14 289 162
28 289 200
99 290 239
14 290 246
28 290 254
99 290 295
14 290 302
28 290 308
99 290 316
14 291 114
28 291 120
99 291 150
14 291 174
28 291 187
99 291 205
14 291 218
28 291 224
99 291 228
14 291 259
28 291 271
99 291 284
14 291 313
28 292 125
99 292 194
14 292 201
28 292 238
99 293 145
14 293 155
28 293 167
99 293 280
14 293 289
28 293 295
99 294 137
14 294 179
28 294 188
99 294 207
14 294 223
28 294 229
99 294 251
14 294 270
28 294 276
99 295 119
14 295 126
28 295 144
99 295 194
14 295 234
28 295 240
99 295 306
14 296 105
28 296 132
99 296 263
14 296 279
28 296 296
99 297 138
14 297 147
28 297 160
99 297 164
14 297 171
28 297 184
99 297 191
14 297 206
28 297 212
99 297 250
14 297 301
28 298 110
99 298 118
14 298 135
28 298 198
99 298 243
14 298 257
28 298 284
99 298 307
14 298 315
28 299 115
99 299 217
14 299 228
28 299 239
99 299 263
14 299 293
28 300 140
99 300 152
14 300 159
28 300 165
99 300 187
14 300 194
28 300 213
99 300 250
14 300 287
28 300 306
99 301 120
14 301 176
28 301 182
99 301 244
14 301 262
28 301 268
99 302 110
14 302 117
28 302 128
99 302 200
14 302 216
28 302 222
99 302 274
14 302 309
28 303 104
99 303 152
14 303 164
28 303 185
99 303 233
14 303 240
28 303 249
99 304 140
14 304 147
28 304 170
99 304 271
14 304 279
28 304 298
99 305 109
14 305 122
28 305 129
99 305 198
14 305 205
28 305 223
99 305 254
14 305 267
28 305 303
99 306 135
14 306 152
28 306 181
99 306 188
14 306 228
28 306 234
99 306 245
14 306 284
28 306 291
99 306 314
14 307 106
28 307 132
99 308 112
14 308 140
28 308 157
99 308 168
14 308 175
28 308 184
99 308 195
14 308 210
28 308 220
99 308 252
14 308 259
28 308 272
99 308 296
14 308 304
28 308 313
99 309 190
14 309 233
28 309 244
99 309 248
14 309 289
28 310 111
99 310 126
14 310 133
28 310 160
99 311 117
14 311 145
28 311 165
99 311 180
14 311 187
28 311 195
99 311 199
14 311 215
28 311 221
99 311 275
14 311 294
28 311 309
99 311 316
14 312 114
28 312 124
99 312 238
14 312 245
28 312 251
99 312 264
14 312 271
28 313 150
99 313 156
14 313 168
28 313 198
99 314 180
14 314 192
28 314 203
99 314 224
14 314 238
28 314 254
99 314 277
14 314 284
28 314 299
99 314 312
14 315 104
28 315 119
99 315 127
14 315 138
28 315 153
99 315 220
14 315 259
28 315 265
99 315 308
14 316 124
28 316 158
99 316 173
14 316 180
28 316 199
99 316 208
14 316 229
28 316 250
99 316 304
14 318 21
28 318 27
99 318 62
14 318 69
28 318 75
99 318 86
14 318 93
28 318 109
99 318 130
14 318 143
28 318 149
99 318 204
14 318 213
28 318 219
99 318 276
14 318 289
28 318 296
99 318 300
14 318 309
28 319 0
99 319 34
14 319 52
28 319 58
99 319 161
14 319 172
28 319 185
99 319 242
14 319 249
28 319 264
99 319 268
14 320 13
28 320 30
99 320 114
14 320 129
28 320 152
99 320 156
14 320 196
28 320 202
99 321 41
14 321 61
28 321 76
99 321 85
14 321 98
28 321 110
99 321 222
14 321 234
28 321 240
99 321 275
14 321 282
28 321 294
99 321 299
14 322 1
28 322 26
99 322 35
14 322 81
28 322 119
99 322 135
14 322 148
28 322 155
99 322 163
14 322 177
28 322 186
99 322 218
14 322 254
28 322 261
99 322 267
14 323 7
28 323 31
99 323 104
14 323 113
28 323 160
99 323 205
14 323 227
28 323 243
99 324 42
14 324 66
28 324 73
99 324 87
14 324 122
28 324 134
99 324 201
14 324 217
28 324 264
99 324 274
14 324 293
28 324 299
99 324 303
14 325 18
28 325 24
99 325 36
14 325 49
28 325 103
99 325 140
14 325 153
28 325 163
99 325 167
14 325 182
28 325 188
99 325 270
14 325 287
28 326 29
99 326 208
14 326 239
28 326 245
99 326 310
14 327 12
28 327 34
99 327 55
14 327 71
28 327 86
99 327 90
14 327 106
28 327 127
99 327 137
14 327 158
28 327 166
99 327 193
14 327 200
28 327 259
99 327 267
14 327 275
28 327 300
99 327 304
14 328 23
28 328 39
99 328 133
14 328 144
28 328 171
99 328 231
14 328 248
28 328 264
99 329 77
14 329 89
28 329 95
99 329 99
14 329 117
28 329 130
99 329 187
14 329 205
28 329 211
99 329 221
14 329 254
28 329 280
99 330 0
14 330 28
28 330 35
99 330 53
14 330 60
28 330 111
99 330 176
14 330 194
28 330 229
99 330 303
14 330 310
28 331 40
99 331 44
14 331 76
28 331 82
99 331 135
14 331 149
28 331 163
99 331 167
14 331 186
28 331 214
99 331 260
14 331 267
28 331 283
99 331 297
14 332 0
28 332 6
99 332 98
14 332 122
28 332 128
99 332 220
14 332 232
28 332 289
99 332 293
14 333 16
28 333 33
99 333 51
14 333 65
28 333 94
99 333 174
14 333 210
28 333 217
99 334 43
14 334 81
28 334 103
99 334 110
14 334 131
28 334 137
99 334 154
14 334 161
28 334 167
99 334 238
14 334 245
28 334 259
99 334 272
14 334 279
28 334 285
99 334 300
14 335 5
28 335 21
99 335 38
14 335 50
28 335 70
99 335 198
14 335 220
28 335 226
99 335 292
14 336 32
28 336 56
99 336 97
14 336 106
28 336 115
99 336 142
14 336 154
28 336 170
99 336 174
14 336 181
28 336 191
99 336 251
14 336 262
28 336 288
99 337 86
14 337 93
28 337 138
99 337 236
14 337 271
28 337 297
99 337 301
14 337 308
28 338 10
99 338 24
14 338 37
28 338 43
99 338 73
14 338 111
28 338 118
99 338 196
14 338 203
28 338 227
99 339 59
14 339 69
28 339 98
99 339 143
14 339 166
28 339 172
99 339 186
14 339 193
28 339 214
99 339 249
14 339 256
28 339 284
99 339 291
14 339 300
28 340 0
99 340 20
14 340 55
28 340 78
99 340 86
14 340 121
28 340 127
99 340 232
14 340 239
28 340 276
99 341 13
14 341 27
28 341 44
99 341 135
14 341 142
28 341 148
99 341 158
14 341 175
28 341 208
99 342 9
14 342 20
28 342 49
99 342 61
14 342 74
28 342 81
99 342 101
14 342 130
28 342 185
99 342 217
14 342 224
28 342 230
99 342 245
14 342 266
28 342 279
99 342 287
14 342 294
28 343 1
99 343 5
14 343 32
28 343 86
99 343 213
14 343 284
28 343 305
99 344 97
14 344 106
28 344 115
99 344 151
14 344 158
28 344 180
99 344 197
14 344 207
28 344 233
99 345 12
14 345 37
28 345 43
99 345 59
14 345 66
28 345 79
99 345 91
14 345 135
28 345 147
99 345 188
14 345 213
28 345 244
99 345 248
14 345 260
28 345 271
99 345 275
14 345 308
28 346 2
99 346 6
14 346 48
28 346 84
99 347 98
14 347 111
28 347 117
99 347 163
14 347 170
28 347 181
99 347 185
14 347 193
28 347 199
99 347 228
14 347 235
28 347 247
99 347 298
14 348 5
28 348 11
99 348 15
14 348 24
28 348 53
99 348 57
14 348 71
28 348 80
99 348 89
14 348 122
28 348 140
99 348 150
14 348 218
28 348 241
99 348 253
14 348 270
28 348 276
99 348 288
14 349 42
28 349 85
99 349 146
14 349 163
28 349 175
99 350 96
14 350 103
28 350 127
99 350 184
14 350 198
28 350 204
99 350 224
14 350 244
28 350 250
99 350 281
14 350 288
28 350 294
99 350 298
14 351 10
28 351 16
99 351 29
14 351 54
28 351 60
99 351 76
14 351 88
28 351 116
99 351 143
14 351 151
28 351 157
99 351 180
14 351 209
28 351 255
99 352 132
14 352 139
28 352 176
99 352 275
14 352 297
28 352 303
99 353 65
14 353 76
28 353 82
99 353 94
14 353 108
28 353 128
99 353 187
14 353 203
28 353 223
99 353 227
14 353 249
28 353 258
99 353 262
14 353 282
28 353 308
99 354 0
14 354 15
28 354 21
99 354 29
14 354 36
28 354 47
99 354 167
14 354 179
28 354 214
99 355 59
14 355 70
28 355 93
99 355 114
14 355 121
28 355 131
99 355 144
14 355 156
28 355 185
99 355 234
14 355 254
28 355 261
99 355 274
14 355 302
28 356 5
99 356 26
14 356 41
28 356 83
99 356 191
14 356 217
28 356 224
99 356 228
14 356 241
28 356 266
99 356 270
14 356 309
28 357 22
99 357 98
14 357 113
28 357 126
99 357 162
14 357 169
28 357 188
99 358 47
14 358 54
28 358 60
99 358 134
14 358 143
28 358 149
99 358 286
14 358 293
28 359 0
99 359 8
14 359 25
28 359 31
99 359 86
14 359 93
28 359 103
99 359 193
14 359 200
28 359 207
99 359 227
14 359 234
28 359 246
99 359 259
14 359 267
28 359 273
99 359 277
14 360 5
28 360 19
99 360 80
14 360 127
28 360 133
99 360 160
14 360 174
28 360 183
99 360 222
14 360 284
28 361 13
99 361 45
14 361 59
28 361 65
99 361 75
14 361 98
28 361 106
99 361 189
14 361 210
28 361 249
99 362 34
14 362 70
28 362 85
99 362 117
14 362 136
28 362 148
99 362 152
14 362 159
28 362 179
99 362 258
14 362 272
28 362 278
99 362 298
14 362 305
28 363 16
99 363 30
14 363 41
28 363 109
99 363 186
14 363 194
28 363 215
99 363 221
14 363 228
28 363 239
99 363 254
14 364 10
28 364 47
99 364 76
14 364 88
28 364 103
99 364 165
14 364 182
28 364 244
99 365 114
14 365 121
28 365 141
99 365 151
14 365 204
28 365 218
99 365 250
14 365 259
28 365 279
99 365 288
14 365 295
28 365 310
99 366 0
14 366 15
28 366 21
99 366 29
14 366 50
28 366 64
99 366 147
14 366 164
28 366 170
99 367 74
14 367 81
28 367 93
99 367 106
14 367 113
28 367 126
99 367 187
14 367 214
28 367 221
99 367 233
14 367 240
28 367 246
99 367 265
14 367 282
28 367 300
99 368 26
14 368 34
28 368 55
99 368 102
14 368 131
28 368 142
99 368 154
14 368 173
28 368 251
99 368 288
14 368 309
28 369 0
99 369 4
14 369 20
28 369 60
99 369 67
14 369 74
28 369 96
99 369 148
14 369 187
28 369 198
99 370 224
14 370 231
28 370 247
99 370 263
14 370 270
28 370 276
99 371 26
14 371 39
28 371 45
99 371 101
14 371 118
28 371 125
99 371 136
14 371 143
28 371 153
99 371 157
14 371 178
28 371 192
99 371 219
14 371 252
28 371 287
99 371 300
14 372 1
28 372 7
99 372 55
14 372 62
28 372 68
99 372 85
14 372 92
28 372 98
99 372 201
14 372 208
28 372 258
99 373 108
14 373 136
28 373 148
99 373 197
14 373 218
28 373 224
99 373 292
14 373 299
28 374 10
99 374 14
14 374 25
28 374 31
99 374 48
14 374 55
28 374 79
99 374 103
14 374 123
28 374 154
99 374 158
14 374 165
28 374 193
99 374 236
14 374 243
28 374 261
99 374 275
14 374 282
28 374 288
99 375 44
14 375 67
28 375 84
99 375 305
14 376 6
28 376 13
99 376 97
14 376 108
28 376 128
99 376 171
14 376 183
28 376 189
99 376 198
14 376 223
28 376 235
99 377 34
14 377 43
28 377 49
99 377 73
14 377 80
28 377 87
99 377 148
14 377 155
28 377 194
99 377 257
14 377 264
28 377 272
99 377 291
14 377 304
28 377 310
99 378 18
14 378 30
28 378 96
99 378 114
14 378 131
28 378 141
99 378 229
14 378 248
28 378 254
99 378 287
14 379 0
28 379 11
99 379 59
14 379 72
28 379 90
99 379 169
14 379 176
28 379 190
99 379 199
14 379 206
28 379 212
99 380 36
14 380 48
28 380 99
99 380 146
14 380 160
28 380 195
99 380 236
14 380 257
28 380 269
99 380 275
14 380 286
28 380 292
99 380 296
14 380 309
28 381 14
99 381 18
14 381 54
28 381 64
99 381 112
14 381 119
28 381 125
99 381 136
14 381 143
28 381 167
99 381 217
14 381 228
28 382 35
99 382 84
14 382 91
28 382 102
99 383 149
14 383 170
28 383 181
99 383 187
14 383 194
28 383 200
99 383 211
14 383 222
28 383 233
99 383 237
14 383 268
28 383 274
99 383 278
14 383 291
28 383 297
99 384 4
14 384 11
28 384 17
99 384 21
14 384 38
28 384 59
99 384 76
14 384 83
28 384 96
99 384 107
14 384 124
28 384 135
99 385 65
14 385 101
28 385 148
99 385 244
14 385 251
28 385 262
99 385 302
14 386 0
28 386 20
99 386 28
14 386 43
28 386 62
99 386 154
14 386 164
28 386 175
99 386 184
14 386 199
28 386 205
99 386 210
14 386 234
28 386 240
99 386 277
14 386 296
28 387 25
99 387 72
14 387 106
28 387 112
99 387 129
14 387 136
28 387 151
99 387 273
14 387 284
28 387 307
99 388 49
14 388 56
28 388 65
99 388 180
14 388 189
28 388 208
99 388 256
14 388 263
28 388 301
99 389 5
14 389 16
28 389 28
99 389 32
14 389 70
28 389 77
99 389 87
14 389 94
28 389 115
99 389 142
14 389 154
28 389 176
99 389 214
14 389 226
28 389 241
99 390 129
14 390 169
28 390 204
99 390 272
14 390 289
28 390 304
99 390 310
14 391 5
28 391 21
99 391 47
14 391 61
28 391 80
99 391 120
14 391 141
28 391 147
99 391 181
14 391 194
28 391 209
99 391 246
14 391 255
28 391 268
99 392 31
14 392 38
28 392 85
99 392 110
14 392 117
28 392 127
99 392 159
14 392 174
28 392 214
99 392 218
14 392 231
28 392 238
99 393 26
14 393 45
28 393 75
99 393 99
14 393 132
28 393 180
99 393 273
14 393 280
28 393 294
99 393 300
14 393 307
28 394 10
99 394 51
14 394 81
28 394 88
99 394 199
14 394 206
28 394 217
99 394 243
14 394 260
28 394 269
99 395 21
14 395 31
28 395 66
99 395 106
14 395 122
28 395 146
99 395 159
14 395 183
28 395 222
99 396 98
14 396 151
28 396 166
99 396 236
14 396 243
28 396 249
99 396 297
14 397 0
28 397 11
99 397 15
14 397 50
28 397 56
99 397 71
14 397 86
28 397 92
99 397 189
14 397 198
28 397 211
99 397 265
14 397 272
28 397 285
99 397 293
14 398 22
28 398 63
99 398 105
14 398 112
28 398 127
99 398 136
14 398 143
28 398 156
99 398 160
14 398 169
28 398 216
99 398 225
14 398 235
28 398 252
99 399 97
14 399 176
28 399 188
99 399 290
14 399 298
28 399 304
99 400 5
14 400 12
28 400 36
99 400 40
14 400 55
28 400 66
99 400 70
14 400 77
28 400 93
99 400 221
14 400 248
28 400 255
99 400 265
14 400 277
28 400 283
99 401 104
14 401 117
28 401 128
99 401 132
14 401 157
28 401 163
99 401 203
14 401 210
28 401 217
99 401 228
14 401 260
28 401 288
99 401 309
14 402 5
28 402 27
99 402 98
14 402 148
28 402 181
99 402 191
14 402 240
28 402 305
99 403 39
14 403 46
28 403 60
99 403 69
14 403 82
28 403 90
99 403 187
14 403 202
28 403 220
99 403 224
14 403 253
28 403 265
99 404 17
14 404 30
28 404 36
99 404 105
14 404 122
28 404 129
99 404 133
14 404 140
28 404 164
99 404 282
14 404 289
28 404 308
99 405 65
14 405 93
28 405 99
99 405 184
14 405 192
28 405 215
99 405 231
14 405 268
28 405 295
99 406 72
14 406 87
28 406 104
99 406 169
14 406 176
28 406 221
99 406 225
14 406 245
28 406 274
99 406 302
14 407 0
28 407 10
99 407 16
14 407 23
28 407 37
99 407 51
14 407 58
28 407 64
99 407 110
14 407 127
28 407 133
99 407 152
14 407 161
28 407 182
99 407 281
14 407 298
28 407 309
99 408 206
14 408 213
28 408 224
99 408 232
14 408 258
28 408 277
99 409 69
14 409 76
28 409 98
99 409 107
14 409 115
28 409 145
99 409 167
14 409 185
28 409 197
99 410 5
14 410 12
28 410 34
99 410 40
14 410 48
28 410 65
99 410 151
14 410 202
28 410 218
99 410 229
14 410 237
28 410 250
99 410 282
14 410 303
28 410 310
99 411 103
14 411 120
28 411 132
99 411 136
14 411 148
28 411 166
99 411 263
14 411 272
28 411 278
99 412 27
14 412 37
28 412 53
99 412 81
14 412 91
28 412 99
99 412 223
14 412 242
28 412 287
99 412 291
14 413 4
28 413 17
99 413 68
14 413 108
28 413 135
99 413 154
14 413 169
28 413 175
99 413 190
14 413 207
28 413 219
99 413 230
14 413 248
28 413 281
99 414 62
14 414 81
28 414 102
99 414 141
14 414 161
28 414 180
99 414 263
14 414 290
28 414 296
99 414 308
14 415 20
28 415 26
99 415 30
14 415 42
28 415 54
99 415 58
14 415 73
28 415 96
99 415 125
14 415 138
28 415 153
99 415 224
14 415 253
28 415 260
99 416 189
14 416 196
28 416 212
99 416 231
14 416 277
28 416 283
99 417 9
14 417 29
28 417 47
99 417 65
14 417 86
28 417 99
99 417 113
14 417 124
28 417 130
99 417 174
14 417 181
28 417 217
99 417 221
14 417 263
28 417 269
99 417 299
14 417 306
28 418 52
99 418 57
14 418 143
28 418 150
99 418 228
14 418 236
28 418 295
99 419 187
14 419 201
28 419 213
99 420 0
14 420 7
28 420 13
99 420 34
14 420 48
28 420 55
99 420 64
14 420 78
28 420 91
99 420 95
14 420 102
28 420 110
99 420 114
14 420 129
28 420 153
99 420 166
14 420 173
28 420 218
99 420 222
14 420 241
28 420 247
99 420 282
14 420 298
28 421 60
99 421 207
14 421 229
28 421 257
99 421 268
14 421 289
28 422 16
99 422 135
14 422 148
28 422 156
99 422 160
14 422 186
28 422 192
99 422 310
14 423 0
28 423 21
99 423 34
14 423 41
28 423 53
99 423 65
14 423 72
28 423 83
99 423 94
14 423 107
28 423 113
99 423 117
14 423 167
28 423 178
99 423 214
14 423 221
28 423 248
99 423 281
14 423 303
28 424 12
99 424 90
14 424 134
28 424 140
99 424 205
14 424 253
28 424 259
99 424 267
14 424 274
28 424 309
99 425 26
14 425 33
28 425 56
99 425 60
14 425 86
28 425 116
99 425 159
14 425 191
28 425 197
99 426 17
14 426 95
28 426 121
99 426 153
14 426 177
28 426 203
99 426 212
14 426 234
28 426 245
99 426 264
14 426 279
28 426 294
99 428 4
14 428 11
28 428 22
99 428 26
14 428 46
28 428 52
99 428 59
14 428 66
28 428 77
99 428 101
14 428 112
28 428 124
99 428 139
14 428 152
28 428 158
99 428 208
14 428 226
28 428 239
99 428 258
14 428 284
28 428 297
99 428 307
14 429 38
28 429 118
99 429 182
14 429 196
28 429 204
99 429 215
14 429 244
28 429 265
99 429 290
14 430 0
28 430 16
99 430 129
14 430 138
28 430 144
99 430 163
14 430 170
28 430 250
99 431 25
14 431 51
28 431 57
99 431 71
14 431 78
28 431 90
99 431 99
14 431 106
28 431 121
99 431 209
14 431 220
28 431 255
99 431 259
14 431 268
28 431 289
99 431 300
14 431 307
28 432 5
99 432 21
14 432 32
28 432 84
99 432 157
14 432 181
28 432 187
99 432 274
14 432 294
28 433 17
99 433 126
14 433 143
28 433 164
99 433 201
14 433 208
28 433 214
99 433 230
14 433 237
28 433 251
99 434 60
14 434 70
28 434 87
99 434 93
14 434 100
28 434 116
99 434 258
14 434 273
28 434 279
99 434 300
14 435 6
28 435 13
99 435 22
14 435 42
28 435 56
99 435 122
14 435 131
28 435 148
99 435 156
14 435 175
28 435 188
99 436 110
14 436 119
28 436 153
99 436 200
14 436 213
28 436 225
99 436 229
14 436 242
28 436 248
99 436 254
14 436 263
28 436 282
99 436 286
14 436 299
28 437 16
99 437 61
14 437 75
28 437 82
99 437 90
14 437 136
28 437 161
99 437 165
14 437 191
28 437 197
99 438 22
14 438 29
28 438 36
99 438 47
14 438 54
28 438 87
99 439 104
14 439 111
28 439 124
99 439 148
14 439 155
28 439 164
99 439 202
14 439 218
28 439 226
99 439 230
14 439 247
28 439 253
99 439 277
14 439 284
28 439 290
99 439 304
14 440 0
28 440 11
99 440 19
14 440 47
28 440 59
99 440 63
14 440 80
28 440 90
99 440 94
14 440 141
28 440 169
99 440 179
14 440 196
28 440 268
99 442 16
14 442 34
28 442 40
99 442 101
14 442 116
28 442 125
99 442 147
14 442 160
28 442 172
99 442 202
14 442 209
28 442 223
99 442 229
14 442 236
28 442 254
99 442 258
14 442 271
28 442 277
99 442 293
14 442 303
28 442 309
99 443 5
14 443 12
28 443 23
99 443 62
14 443 69
28 443 85
99 443 93
14 443 130
28 443 166
99 443 178
14 443 185
28 443 265
99 443 289
14 444 58
28 444 90
99 445 51
14 445 74
28 445 98
99 445 102
14 445 121
28 445 135
99 445 145
14 445 152
28 445 169
99 445 175
14 445 190
28 445 201
99 445 226
14 445 241
28 445 251
99 445 257
14 445 276
28 445 288
99 445 296
14 445 308
28 446 4
99 446 17
14 446 24
28 446 39
99 446 214
14 446 221
28 446 282
99 447 84
14 447 91
28 447 101
99 447 109
14 447 138
28 447 144
99 447 264
14 447 291
28 448 0
99 448 44
14 448 51
28 448 63
99 448 79
14 448 106
28 448 157
99 448 165
14 448 172
28 448 178
99 448 195
14 448 202
28 448 213
99 448 227
14 448 246
28 448 252
99 448 256
14 448 285
28 448 297
99 449 7
14 449 16
28 449 29
99 450 35
14 450 42
28 450 66
99 450 96
14 450 111
28 450 126
99 450 162
14 450 181
28 450 207
99 450 234
14 450 255
28 450 261
99 450 265
14 450 300
28 451 1
99 451 79
14 451 117
28 451 131
99 451 143
14 451 156
28 451 187
99 451 195
14 451 212
28 451 226
99 451 230
14 451 272
28 452 6
99 452 32
14 452 56
28 452 62
99 452 71
14 452 86
28 452 150
99 453 21
14 453 28
28 453 67
99 453 96
14 453 122
28 453 134
99 453 162
14 453 190
28 453 217
99 453 237
14 453 260
28 453 266
99 453 278
14 453 305
28 454 2
99 454 78
14 454 91
28 454 103
99 454 142
14 454 169
28 454 196
99 454 229
14 454 289
28 455 7
99 455 11
14 455 20
28 455 33
99 455 46
14 455 61
28 455 70
99 455 74
14 455 127
28 455 137
99 455 222
14 455 236
28 455 242
99 456 97
14 456 106
28 456 147
99 456 160
14 456 174
28 456 199
99 456 203
14 456 218
28 456 247
99 456 276
14 456 283
28 456 294
99 456 310
14 457 0
28 457 10
99 457 38
14 457 45
28 457 51
99 457 229
14 457 252
28 457 265
99 458 66
14 458 73
28 458 79
99 458 112
14 458 132
28 458 138
99 458 152
14 458 159
28 458 179
99 458 183
14 458 195
28 458 202
99 458 224
14 458 241
28 458 270
99 458 299
14 458 310
28 459 5
99 459 33
14 459 54
28 459 84
99 459 95
14 459 119
28 459 143
99 459 208
14 459 257
28 459 275
99 460 13
14 460 25
28 460 111
99 460 149
14 460 164
28 460 182
99 460 294
14 460 304
28 461 8
99 461 66
14 461 78
28 461 87
99 461 188
14 461 200
28 461 206
99 461 222
14 461 229
28 461 246
99 461 263
14 461 271
28 461 278
99 462 31
14 462 38
28 462 59
99 462 93
14 462 100
28 462 124
99 462 137
14 462 144
28 462 169
99 462 212
14 462 235
28 462 287
99 462 291
14 463 4
28 463 11
99 463 15
14 463 64
28 463 83
99 463 150
14 463 174
28 463 180
99 463 185
14 463 209
28 463 220
99 464 90
14 464 105
28 464 111
99 464 249
14 464 262
28 464 276
99 464 281
14 464 290
28 464 296
99 465 29
14 465 43
28 465 49
99 465 70
14 465 86
28 465 116
99 465 127
14 465 134
28 465 149
99 465 192
14 465 214
28 465 223
99 465 245
14 465 309
28 466 9
99 466 14
14 466 21
28 466 56
99 466 123
14 466 154
28 466 160
99 466 183
14 466 240
28 466 254
99 467 92
14 467 110
28 467 119
99 467 179
14 467 190
28 467 197
99 467 279
14 467 295
28 467 301
99 468 27
14 468 34
28 468 50
99 468 68
14 468 75
28 468 128
99 468 139
14 468 148
28 468 163
99 468 167
14 468 202
28 468 219
99 468 226
14 468 245
28 468 267
99 468 275
14 469 0
28 469 10
99 469 14
14 469 55
28 469 61
99 470 90
14 470 97
28 470 115
99 470 122
14 470 139
28 470 159
99 470 178
14 470 195
28 470 207
99 470 233
14 470 250
28 470 256
99 470 272
14 470 280
28 470 286
99 471 25
14 471 39
28 471 47
99 471 66
14 471 80
28 471 103
99 471 166
14 471 173
28 471 220
99 471 224
14 471 261
28 471 268
99 471 300
14 472 5
28 472 11
99 472 15
14 472 60
28 472 88
99 472 129
14 472 162
28 472 183
99 473 118
14 473 125
28 473 153
99 473 210
14 473 223
28 473 229
99 473 233
14 473 240
28 473 271
99 473 289
14 473 299
28 473 305
99 473 309
14 474 14
28 474 20
99 474 24
14 474 31
28 474 44
99 474 66
14 474 91
28 474 104
99 474 114
14 474 144
28 474 167
99 474 285
14 475 49
28 475 73
99 475 110
14 475 130
28 475 156
99 475 178
14 475 185
28 475 200
99 475 206
14 475 215
28 475 232
99 475 254
14 475 266
28 475 274
99 476 84
14 476 107
28 476 119
99 476 245
14 476 284
28 476 290
99 476 308
14 477 0
28 477 21
99 477 64
14 477 76
28 477 96
99 477 136
14 477 149
28 477 168
99 477 191
14 477 203
28 477 228
99 477 304
14 478 36
28 478 42
99 478 54
14 478 82
28 478 101
99 478 113
14 478 155
28 478 175
99 478 252
14 478 259
28 478 271
99 478 277
14 478 293
28 479 7
99 479 233
14 479 244
28 479 303
99 480 24
14 480 54
28 480 60
99 480 64
14 480 87
28 480 97
99 480 120
14 480 135
28 480 141
99 480 161
14 480 169
28 480 178
99 480 189
14 480 196
28 480 208
99 480 219
14 480 226
28 480 250
99 480 309
14 481 10
28 481 16
99 481 20
14 481 41
28 481 102
99 481 111
14 481 127
28 481 232
99 481 274
14 481 298
28 481 306
99 482 270
14 482 281
28 483 4
99 483 27
14 483 46
28 483 61
99 483 65
14 483 72
28 483 92
99 483 118
14 483 140
28 483 146
99 483 159
14 483 174
28 483 180
99 483 184
14 483 207
28 483 213
99 483 217
14 483 235
28 483 251
99 483 263
14 483 287
28 483 309
99 484 19
14 484 78
28 484 97
99 484 105
14 484 112
28 484 151
99 485 15
14 485 26
28 485 32
99 485 200
14 485 216
28 485 240
99 485 256
14 485 263
28 485 269
99 485 273
14 485 292
28 485 303
99 486 0
14 486 51
28 486 58
99 486 64
14 486 83
28 486 93
99 486 102
14 486 117
28 486 132
99 486 156
14 486 163
28 486 181
99 486 185
14 486 192
28 486 222
99 487 145
14 487 152
28 487 198
99 487 245
14 487 252
28 487 272
99 487 308
14 488 0
28 488 6
99 488 14
14 488 31
28 488 37
99 488 98
14 488 122
28 488 135
99 488 227
14 488 241
28 488 277
99 489 61
14 489 68
28 489 88
99 489 105
14 489 128
28 489 144
99 489 168
14 489 178
28 489 184
99 489 297
14 489 304
28 490 9
99 490 42
14 490 56
28 490 74
99 490 94
14 490 138
28 490 157
99 490 201
14 490 209
28 490 221
99 490 257
14 490 268
28 490 280
99 490 284
14 490 310
28 491 14
99 491 18
14 491 36
28 491 91
99 491 101
14 491 110
28 491 187
99 491 196
14 491 226
28 491 232
99 492 168
14 492 214
28 492 246
99 492 274
14 492 283
28 492 289
99 492 296
14 493 26
28 493 41
99 493 45
14 527 14
28 528 2
99 529 40
14 0 320
28 0 326
99 0 330
14 0 337
28 0 343
99 0 347
14 0 354
28 0 360
99 0 364
14 0 371
28 0 377
99 0 381
14 0 388
28 0 394
99 0 398
14 0 405
28 0 411
99 0 415
14 0 422
28 0 428
99 0 432
14 0 439
28 0 445
99 0 449
14 0 456
28 0 462
99 0 466
14 0 473
28 0 479
99 0 483
14 0 490
28 2 329
99 3 346
14 3 359
28 3 365
99 3 380
14 3 393
28 3 399
99 3 414
14 3 427
28 3 433
99 3 448
14 3 461
28 3 467
99 3 482
14 4 325
28 4 342
99 4 376
14 4 410
28 4 444
99 4 478
14 5 331
28 6 345
99 6 349
14 6 364
28 6 375
99 6 383
14 6 398
28 6 415
99 6 449
14 6 466
28 6 477
99 6 485
14 6 494
28 7 319
99 7 432
14 7 439
28 7 445
99 8 336
14 8 348
28 8 354
99 8 380
14 8 388
28 8 403
99 8 420
14 8 454
28 8 471
99 8 482
14 9 369
28 9 376
99 10 415
14 10 425
28 10 431
99 10 476
14 10 487
28 11 318
99 11 322
14 11 335
28 11 341
99 11 357
14 11 379
28 11 393
99 11 406
14 11 444
28 11 459
99 12 353
14 12 402
28 12 413
99 12 471
14 12 481
28 13 327
99 13 434
14 13 449
28 13 462
99 14 360
14 14 384
28 14 394
99 14 418
14 14 430
28 14 467
99 14 492
14 15 321
28 15 340
99 15 344
14 15 351
28 15 357
99 15 407
14 15 414
28 15 456
99 15 473
14 16 328
28 16 365
99 16 373
14 16 389
28 16 435
99 16 515
14 17 343
28 17 370
99 17 420
14 17 440
28 17 459
99 17 463
14 17 470
28 17 486
99 17 491
14 18 333
28 18 358
99 18 395
14 18 406
28 18 476
99 18 550
14 19 363
28 19 373
99 19 377
14 19 419
28 19 425
99 20 445
14 20 452
28 20 460
99 20 481
14 20 488
28 20 494
99 20 632
14 21 348
28 21 355
99 21 393
14 21 400
28 21 411
99 22 368
14 22 375
28 22 381
99 22 428
14 22 435
28 22 463
99 22 474
14 22 481
28 23 321
99 23 325
14 23 338
28 23 386
99 23 424
14 23 444
28 23 457
99 24 392
14 24 410
28 24 466
99 25 353
14 25 360
28 25 367
99 25 472
14 25 493
28 26 322
99 26 326
14 26 343
28 26 380
99 26 389
14 26 415
28 26 421
99 26 425
14 26 449
28 26 458
99 26 674
14 27 352
28 27 370
99 27 469
14 27 486
28 27 578
99 27 603
14 28 325
28 28 331
99 28 385
14 28 394
28 28 402
99 28 463
14 28 476
28 29 365
99 29 424
14 29 431
28 29 437
99 29 454
14 30 334
28 30 371
99 30 375
14 30 382
28 30 405
99 30 420
14 30 442
28 30 461
99 30 497
14 31 357
28 31 388
99 31 467
14 32 339
28 32 347
99 32 399
14 32 408
28 32 419
99 32 454
14 32 464
28 32 481
99 32 490
14 33 362
28 33 368
99 33 374
14 33 424
28 33 436
99 33 510
14 34 350
28 34 389
99 34 447
14 34 454
28 34 469
99 35 322
14 35 329
28 35 344
99 35 398
14 35 413
28 35 474
99 35 484
14 35 491
28 35 642
99 36 371
14 36 378
28 36 392
99 36 480
14 37 334
28 37 367
99 37 429
14 37 436
28 37 444
99 38 318
14 38 343
28 38 355
99 38 384
14 38 395
28 38 401
99 38 418
14 38 459
28 38 468
99 38 477
14 38 485
28 38 496
99 39 644
14 40 323
28 40 358
99 40 370
14 40 383
28 40 389
99 40 406
14 40 418
28 40 426
99 40 447
14 40 464
28 40 471
99 41 364
14 41 400
28 41 441
99 41 477
14 42 328
28 42 348
99 42 352
14 42 361
28 42 375
99 43 406
14 43 423
28 43 429
99 43 446
14 43 453
28 43 469
99 43 474
14 43 490
28 43 496
99 44 338
14 44 351
28 44 366
99 44 388
14 44 434
28 44 442
99 45 333
14 45 345
28 45 371
99 45 481
14 46 376
28 46 387
99 46 404
14 46 411
28 46 445
99 46 458
14 46 468
28 46 474
99 47 393
14 47 417
28 47 428
99 47 546
14 48 321
28 48 332
99 48 336
14 48 356
28 48 365
99 48 439
14 48 448
28 48 477
99 48 481
14 49 370
28 49 381
99 49 390
14 49 398
28 49 404
99 49 458
14 49 494
28 50 326
99 51 335
14 51 342
28 51 349
99 51 361
14 51 384
28 51 422
99 51 426
14 51 433
28 51 439
99 51 453
14 51 463
28 51 473
99 51 480
14 51 487
28 52 329
99 52 390
14 52 403
28 53 334
99 53 684
14 54 325
28 54 347
99 54 361
14 54 375
28 54 389
99 54 409
14 54 416
28 54 423
99 54 442
14 54 452
28 54 468
99 54 476
14 55 352
28 55 358
99 55 438
14 55 473
28 55 672
99 56 394
14 56 408
28 56 426
99 56 491
14 57 330
28 57 336
99 57 363
14 57 380
28 57 390
99 57 445
14 57 457
28 57 478
99 57 482
14 58 341
28 58 359
99 58 437
14 58 463
28 58 489
99 59 395
14 59 402
28 59 421
99 59 429
14 59 444
28 59 481
99 60 320
14 60 335
28 60 346
99 60 364
14 60 371
28 60 385
99 60 545
14 61 356
28 61 390
99 61 412
14 61 424
28 61 434
99 61 468
14 61 477
28 61 484
99 61 492
14 62 320
28 62 349
99 62 449
14 62 489
28 63 326
99 63 362
14 63 376
28 63 386
99 63 395
14 63 407
28 63 417
99 63 539
14 64 345
28 64 391
99 64 429
14 64 436
28 64 454
99 64 468
14 64 482
28 64 494
99 65 460
14 66 325
28 66 331
99 66 360
14 66 367
28 66 381
99 66 396
14 66 412
28 66 418
99 66 448
14 66 457
28 66 467
99 67 350
14 67 386
28 67 392
99 67 429
14 67 441
28 67 472
99 67 595
14 68 334
28 68 358
99 68 615
14 69 340
28 69 372
99 69 397
14 69 404
28 69 419
99 69 423
14 69 446
28 69 462
99 69 486
14 69 493
28 70 318
99 70 350
14 70 361
28 70 378
99 70 430
14 70 467
28 70 473
99 70 477
14 71 345
28 71 391
99 71 644
14 72 322
28 72 355
99 72 397
14 72 409
28 72 416
99 72 422
14 72 429
28 72 435
99 72 451
14 72 461
28 72 476
99 72 484
14 73 328
28 73 366
99 73 371
14 73 379
28 73 394
99 73 523
14 74 350
28 74 385
99 74 481
14 75 333
28 75 356
99 75 399
14 75 414
28 75 420
99 75 438
14 75 450
28 75 472
99 75 488
14 76 339
28 76 367
99 76 371
14 76 388
28 76 395
99 76 434
14 76 477
28 76 518
99 76 569
14 77 359
28 77 404
99 77 483
14 77 493
28 78 344
99 78 423
14 78 433
28 78 439
99 78 443
14 78 455
28 78 465
99 79 370
14 79 393
28 79 399
99 79 419
14 79 470
28 79 482
99 80 321
14 80 328
28 80 347
99 80 364
14 80 377
28 80 405
99 80 662
14 81 352
28 81 383
99 81 426
14 81 438
28 81 444
99 81 460
14 81 485
28 81 522
99 82 410
14 82 417
28 82 423
99 83 320
14 83 333
28 83 341
99 83 364
14 83 371
28 83 386
99 83 398
14 83 406
28 83 447
99 84 428
14 84 452
28 84 459
99 84 463
14 84 475
28 84 490
99 85 357
14 85 364
28 85 382
99 85 642
14 86 321
28 86 338
99 86 344
14 86 387
28 86 395
99 86 399
14 86 411
28 86 422
99 86 442
14 86 462
28 86 468
99 87 428
14 87 435
28 87 480
99 87 614
14 88 326
28 88 341
99 88 356
14 88 376
28 88 398
99 88 489
14 89 346
28 89 352
99 89 425
14 89 440
28 89 446
99 89 485
14 90 331
28 90 337
99 90 368
14 90 381
28 90 392
99 90 403
14 90 416
28 90 422
99 90 467
14 90 479
28 90 494
99 91 357
14 91 397
28 91 449
99 91 456
14 91 485
28 91 634
99 92 427
14 92 466
28 92 472
99 93 351
14 93 362
28 93 368
99 93 403
14 93 410
28 93 423
99 94 336
14 94 373
28 94 386
99 94 390
14 94 432
28 94 445
99 94 452
14 94 459
28 94 490
99 94 682
14 95 323
28 95 343
99 96 350
14 96 367
28 96 378
99 96 401
14 96 420
28 96 426
99 96 471
14 96 493
28 97 328
99 97 335
14 97 346
28 97 383
99 97 389
14 97 437
28 97 443
99 97 448
14 97 478
28 98 355
99 99 396
14 99 403
28 99 414
99 99 463
14 99 470
28 99 483
99 100 331
14 100 338
28 100 351
99 100 378
14 100 385
28 100 391
99 100 425
14 100 442
28 100 448
99 100 452
14 101 327
28 101 356
99 101 360
14 101 372
28 101 408
99 101 504
14 102 321
28 102 394
99 102 459
14 102 484
28 102 490
99 102 595
14 103 332
28 103 343
99 103 378
14 103 411
28 103 417
99 103 424
14 103 431
28 103 449
99 103 453
14 103 475
28 104 348
99 104 352
14 104 359
28 104 365
99 105 389
14 105 396
28 105 420
99 105 460
14 105 467
28 105 491
99 105 656
14 106 342
28 106 351
99 106 376
14 106 402
28 106 425
99 106 436
14 106 446
28 106 452
99 106 456
14 107 364
28 107 383
99 107 701
14 108 325
28 108 347
99 108 389
14 108 416
28 108 455
99 108 479
14 108 488
28 108 494
99 108 619
14 109 336
28 109 352
99 109 370
14 109 377
28 109 386
99 109 436
14 109 460
28 109 472
99 110 407
14 110 421
28 110 427
99 110 554
14 111 330
28 111 348
99 111 391
14 111 432
28 111 441
99 111 450
14 111 475
28 111 481
99 112 318
14 112 353
28 112 359
99 112 368
14 112 382
28 112 388
99 113 398
14 113 405
28 113 411
99 113 465
14 113 493
28 113 530
99 114 340
14 114 347
28 114 362
99 114 393
14 114 426
28 114 437
99 114 444
14 114 451
28 114 482
99 115 319
14 115 367
28 115 373
99 116 387
14 116 398
28 116 412
99 116 416
14 116 440
28 116 456
99 116 464
14 116 485
28 117 324
99 117 335
14 117 358
28 117 376
99 118 461
14 118 469
28 118 477
99 119 318
14 119 327
28 119 333
99 119 386
14 119 409
28 119 415
99 119 419
14 119 431
28 119 445
99 119 580
14 120 338
28 120 344
99 120 371
14 120 378
28 120 403
99 120 456
14 120 490
28 120 496
99 120 547
14 121 349
28 121 363
99 122 384
14 122 391
28 122 416
99 122 420
14 122 436
28 122 446
99 122 450
14 122 461
28 122 474
99 122 478
14 123 332
28 123 354
99 123 368
14 123 397
28 124 321
99 124 403
14 124 419
28 124 425
99 125 342
14 125 357
28 125 363
99 125 382
14 125 413
28 125 441
99 125 449
14 125 466
28 125 472
99 125 477
14 125 484
28 125 641
99 126 369
14 126 402
28 126 428
99 127 317
14 127 324
28 127 337
99 127 446
14 127 454
28 127 475
99 128 343
14 128 351
28 128 364
99 128 376
14 128 383
28 128 407
99 128 489
14 129 329
28 129 340
99 129 370
14 129 389
28 129 424
99 129 431
14 129 438
28 129 444
99 130 459
14 130 471
28 130 477
99 130 593
14 131 334
28 131 343
99 131 367
14 131 375
28 131 394
99 131 489
14 132 356
28 132 362
99 132 407
14 132 415
28 132 421
99 132 427
14 132 443
28 132 449
99 132 613
14 133 339
28 133 346
99 133 399
14 133 458
28 133 464
99 133 480
14 133 487
28 133 599
99 134 320
14 134 365
28 134 380
99 134 476
14 134 493
28 135 349
99 135 394
14 135 404
28 135 422
99 135 426
14 135 433
28 135 450
99 136 385
14 136 463
28 136 475
99 137 323
14 137 330
28 137 344
99 137 370
14 137 379
28 137 392
99 138 409
14 138 419
28 138 425
99 138 438
14 138 447
28 138 453
99 138 469
14 138 478
28 138 663
99 139 320
14 139 335
28 139 347
99 139 351
14 139 358
28 139 384
99 139 397
14 139 484
28 140 341
99 140 370
14 140 389
28 140 428
99 141 409
14 141 437
28 141 454
99 141 467
14 141 489
28 141 495
99 142 321
14 142 344
28 142 350
99 142 363
14 142 370
28 142 394
99 142 398
14 142 406
28 142 424
99 143 459
14 143 466
28 143 472
99 144 376
14 144 383
28 144 397
99 144 412
14 144 427
28 144 442
99 144 650
14 145 322
28 145 328
99 145 353
14 145 362
28 145 421
99 145 451
14 145 458
28 145 475
99 145 494
14 146 333
28 146 349
99 146 447
14 146 480
28 147 339
99 147 374
14 147 388
28 147 394
99 147 400
14 147 411
28 147 417
99 147 432
14 147 441
28 147 471
99 148 354
14 148 367
28 148 452
99 148 486
14 148 493
28 149 327
99 150 342
14 150 349
28 150 372
99 150 376
14 150 393
28 150 399
99 150 403
14 150 416
28 150 422
99 150 432
14 150 446
28 150 463
99 151 337
14 151 355
28 151 429
99 151 469
14 151 485
28 151 576
99 151 649
14 152 321
28 152 328
99 152 452
14 152 466
28 152 476
99 153 361
14 153 373
28 153 379
99 153 383
14 153 398
28 153 404
99 153 434
14 153 459
28 154 331
99 154 335
14 154 342
28 154 409
99 154 421
14 154 428
28 154 451
99 155 471
14 155 478
28 155 490
99 155 497
14 156 326
28 156 334
99 156 359
14 156 366
28 156 380
99 156 384
14 156 403
28 156 412
99 156 434
14 156 441
28 157 347
99 157 420
14 157 448
28 157 493
99 158 391
14 158 408
28 158 415
99 158 471
14 158 483
28 159 320
99 159 352
14 159 359
28 159 377
99 159 383
14 159 420
28 159 433
99 159 454
14 159 463
28 159 489
99 160 331
14 160 338
28 160 348
99 161 370
14 161 380
28 161 388
99 161 392
14 161 413
28 161 425
99 161 469
14 161 492
28 161 569
99 161 637
14 162 323
28 162 330
99 162 436
14 162 453
28 162 476
99 162 622
14 163 343
28 163 349
99 163 399
14 163 428
28 163 443
99 164 363
14 164 370
28 164 385
99 164 391
14 164 434
28 164 458
99 164 467
14 164 479
28 165 328
99 165 354
14 165 398
28 165 404
99 166 417
14 166 439
28 166 445
99 166 485
14 167 331
28 167 337
99 167 348
14 167 359
28 167 375
99 167 388
14 167 407
28 167 459
99 167 463
14 167 470
28 167 545
99 168 384
14 168 413
28 168 422
99 169 380
14 169 444
28 169 450
99 169 483
14 169 490
28 169 623
99 169 677
14 170 322
28 170 338
99 170 347
14 170 364
28 170 376
99 170 391
14 170 418
28 170 425
99 170 462
14 170 475
28 171 343
99 171 387
14 171 430
28 171 453
99 171 457
14 171 481
28 172 352
99 172 370
14 172 379
28 172 396
99 172 528
14 173 327
28 173 335
99 173 402
14 173 423
28 173 435
99 173 464
14 174 340
28 174 346
99 174 385
14 174 392
28 174 399
99 174 448
14 174 455
28 174 461
99 175 355
14 175 369
28 175 407
99 176 351
14 176 384
28 176 412
99 176 438
14 176 446
28 176 464
99 176 468
14 176 486
28 176 492
99 177 332
14 177 345
28 177 360
99 177 533
14 178 318
28 178 374
99 178 397
14 178 404
28 178 415
99 178 427
14 178 434
28 178 460
99 178 475
14 179 324
28 179 331
99 179 351
14 179 363
28 179 420
99 179 467
14 179 491
28 179 656
99 180 527
14 181 334
28 181 350
99 181 377
14 181 389
28 181 395
99 181 409
14 181 416
28 181 423
99 181 427
14 181 439
28 181 451
99 181 463
14 181 472
28 181 478
99 182 356
14 182 368
28 182 374
99 182 457
14 182 483
28 183 339
99 184 353
14 184 377
28 184 383
99 184 398
14 184 408
28 184 421
99 184 426
14 184 444
28 184 452
99 184 464
14 184 477
28 184 543
99 185 344
14 185 360
28 185 394
99 185 458
14 185 488
28 186 317
99 186 321
14 186 328
28 186 340
99 186 433
14 186 455
28 186 494
99 187 351
14 187 382
28 187 397
99 187 401
14 187 413
28 187 422
99 187 426
14 187 449
28 187 463
99 187 467
14 188 320
28 188 333
99 188 345
14 188 365
28 188 388
99 189 433
14 189 466
28 189 472
99 189 624
14 190 336
28 190 342
99 190 352
14 190 370
28 190 391
99 190 400
14 190 418
28 190 424
99 190 428
14 190 440
28 190 460
99 190 482
14 190 493
28 190 638
99 191 348
14 191 376
28 191 396
99 192 407
14 192 427
28 192 433
99 192 475
14 192 482
28 193 325
99 193 345
14 193 353
28 193 359
99 193 387
14 193 399
28 193 445
99 193 471
14 194 330
28 194 341
99 194 453
14 194 460
28 194 487
99 195 381
14 195 392
28 195 404
99 195 408
14 195 432
28 195 448
99 195 625
14 196 323
28 196 344
99 196 362
14 196 415
28 196 465
99 196 470
14 196 490
28 197 335
99 197 358
14 197 369
28 197 380
99 197 453
14 197 477
28 197 496
99 198 407
14 198 420
28 198 437
99 198 441
14 198 449
28 198 468
99 198 659
14 199 338
28 199 345
99 199 385
14 199 403
28 199 426
99 200 357
14 200 374
28 200 381
99 200 396
14 200 440
28 200 454
99 200 482
14 201 318
28 201 328
99 201 350
14 201 408
28 201 429
99 201 464
14 201 471
28 201 495
99 202 386
14 202 394
28 202 434
99 202 459
14 202 482
28 203 331
99 203 343
14 203 350
28 203 356
99 203 360
14 203 379
28 203 413
99 204 323
14 204 367
28 204 385
99 204 425
14 204 445
28 204 453
99 204 488
14 205 334
28 205 342
99 205 459
14 205 476
28 206 328
99 206 359
14 206 388
28 206 399
99 206 416
14 206 423
28 206 430
99 206 434
14 206 456
28 206 466
99 207 355
14 207 372
28 207 404
99 207 486
14 207 493
28 208 322
99 208 412
14 208 433
28 208 439
99 209 339
14 209 346
28 209 354
99 209 449
14 209 461
28 209 467
99 210 327
14 210 359
28 210 377
99 210 393
14 210 400
28 210 406
99 210 480
14 210 487
28 210 604
99 210 688
14 211 321
28 211 338
99 211 412
14 211 438
28 211 444
99 211 651
14 212 327
28 212 351
99 212 365
14 212 380
28 212 392
99 212 450
14 212 466
28 212 472
99 213 409
14 213 417
28 213 425
99 213 478
14 214 332
28 214 339
99 214 386
14 214 405
28 214 430
99 214 447
14 214 455
28 214 475
99 214 636
14 215 350
28 215 364
99 215 368
14 215 393
28 215 443
99 215 491
14 216 342
28 216 356
99 216 480
14 217 367
28 217 373
99 217 384
14 217 398
28 217 410
99 217 422
14 217 429
28 217 435
99 217 448
14 217 460
28 217 471
99 218 477
14 218 485
28 218 491
99 219 321
14 219 355
28 219 361
99 219 440
14 219 447
28 219 465
99 219 661
14 220 328
28 220 336
99 220 376
14 220 383
28 220 411
99 220 421
14 220 434
28 220 472
99 220 601
14 221 320
28 221 347
99 221 372
14 221 389
28 221 403
99 221 417
14 221 440
28 221 452
99 221 478
14 221 490
28 222 339
99 223 360
14 223 371
28 223 377
99 223 414
14 223 422
28 223 455
99 223 465
14 223 473
28 224 333
99 224 394
14 224 401
28 224 407
99 224 479
14 225 338
28 225 344
99 225 348
14 225 359
28 225 365
99 225 428
14 225 451
28 225 458
99 225 462
14 226 325
28 226 378
99 226 412
14 226 445
28 226 478
99 226 564
14 227 331
28 227 347
99 227 394
14 227 406
28 227 427
99 227 484
14 228 352
28 228 366
99 228 383
14 228 391
28 228 417
99 228 433
14 228 456
28 228 462
99 228 466
14 228 481
28 228 492
99 230 342
14 230 369
28 230 375
99 230 379
14 230 396
28 230 411
99 230 430
14 230 438
28 230 465
99 230 557
14 231 363
28 231 418
99 231 422
14 231 470
28 231 486
99 232 335
14 232 342
28 232 357
99 232 492
14 233 323
28 233 376
99 233 380
14 233 401
28 233 412
99 233 429
14 233 443
28 233 449
99 233 460
14 233 475
28 233 489
99 234 421
14 235 328
28 235 334
99 235 347
14 235 354
28 235 379
99 235 387
14 235 406
28 235 415
99 235 518
14 236 373
28 236 384
99 236 428
14 236 435
28 236 450
99 236 454
14 236 461
28 236 480
99 236 484
14 236 491
28 237 337
99 237 420
14 237 467
28 238 318
99 238 347
14 238 359
28 238 365
99 238 389
14 238 396
28 238 411
99 239 378
14 239 385
28 239 416
99 239 427
14 239 440
28 239 447
99 239 453
14 239 472
28 239 481
99 240 332
14 240 339
28 240 345
99 240 422
14 241 320
28 241 350
99 241 401
14 241 410
28 241 419
99 242 364
14 242 377
28 242 390
99 242 429
14 242 445
28 242 451
99 242 455
14 242 477
28 242 483
99 243 326
14 243 333
28 243 346
99 243 424
14 243 463
28 243 488
99 244 353
14 244 363
28 244 369
99 244 401
14 244 415
28 244 421
99 244 585
14 245 325
28 245 349
99 245 393
14 245 429
28 245 435
99 245 454
14 245 468
28 245 484
99 245 493
14 246 343
28 246 382
99 246 389
14 246 400
28 246 450
99 246 671
14 247 352
28 247 370
99 247 489
14 248 385
28 248 394
99 248 406
14 248 420
28 248 436
99 248 440
14 248 453
28 248 473
99 248 561
14 249 330
28 249 337
99 249 481
14 249 488
28 250 318
99 250 357
14 250 367
28 250 373
99 250 377
14 250 390
28 250 405
99 250 459
14 250 476
28 251 410
99 251 439
14 251 446
28 251 493
99 251 631
14 252 322
28 252 335
99 252 425
14 252 432
28 252 458
99 252 558
14 253 340
28 253 346
99 253 357
14 253 372
28 253 378
99 253 395
14 253 402
28 253 413
99 253 464
14 253 481
28 253 496
99 254 438
14 254 461
28 255 327
99 255 351
14 255 362
28 255 381
99 255 424
14 255 451
28 255 469
99 255 708
14 256 332
28 256 347
99 256 395
14 256 407
28 256 414
99 256 418
14 256 437
28 256 486
99 256 492
14 257 356
28 257 377
99 257 386
14 257 443
28 257 472
99 258 316
14 258 326
28 258 350
99 258 425
14 258 466
28 258 489
99 259 367
14 259 380
28 259 391
99 259 395
14 259 412
28 259 418
99 259 495
14 260 337
28 260 343
99 260 455
14 260 471
28 260 477
99 261 423
14 261 430
28 261 448
99 261 483
14 261 490
28 262 346
99 262 350
14 262 361
28 262 367
99 262 371
14 262 385
28 262 392
99 262 396
14 262 403
28 262 419
99 263 453
14 263 460
28 263 478
99 264 321
14 264 330
28 264 342
99 264 435
14 264 442
28 264 449
99 265 349
14 265 366
28 265 372
99 265 395
14 265 408
28 265 416
99 265 422
14 265 465
28 265 481
99 266 390
14 266 435
28 266 452
99 267 321
14 267 335
28 267 343
99 267 377
14 267 419
28 267 427
99 267 475
14 267 484
28 268 348
99 268 352
14 268 371
28 268 389
99 268 397
14 268 413
28 268 447
99 268 470
14 268 490
28 269 359
99 269 455
14 270 323
28 270 340
99 270 377
14 270 384
28 270 392
99 270 477
14 271 329
28 271 345
99 271 351
14 271 362
28 271 397
99 271 401
14 271 424
28 271 430
99 271 439
14 271 446
28 271 452
99 271 470
14 272 376
28 272 457
99 272 461
14 272 477
28 273 341
99 274 348
14 274 355
28 274 367
99 274 389
14 274 396
28 274 402
99 274 406
14 274 417
28 274 431
99 274 435
14 274 451
28 274 460
99 274 468
14 274 482
28 275 334
99 276 344
14 276 370
28 276 381
99 276 465
14 276 487
28 276 493
99 277 339
14 277 386
28 277 403
99 277 407
14 277 428
28 277 434
99 277 438
14 277 456
28 277 462
99 277 664
14 278 321
28 278 327
99 278 472
14 279 332
28 279 338
99 279 346
14 279 360
28 279 375
99 279 421
14 279 437
28 279 443
99 279 467
14 279 492
28 280 343
99 280 391
14 280 400
28 280 406
99 280 410
14 280 448
28 280 463
99 281 474
14 281 481
28 281 626
99 281 646
14 282 326
28 282 339
99 282 348
14 282 365
28 282 376
99 282 380
14 282 391
28 282 409
99 282 417
14 282 442
28 282 466
99 282 470
14 283 344
28 283 414
99 284 424
14 284 431
28 284 453
99 284 460
14 284 469
28 284 475
99 284 486
14 285 336
28 285 349
99 285 353
14 285 370
28 285 377
99 285 381
14 285 405
28 285 417
99 286 317
14 286 396
28 286 411
99 286 538
14 287 352
28 287 358
99 287 422
14 287 436
28 287 447
99 287 456
14 287 463
28 287 476
99 287 486
14 287 493
28 288 322
99 288 380
14 288 387
28 288 414
99 289 375
14 289 419
28 289 441
99 289 452
14 289 479
28 289 485
99 290 327
14 290 341
28 290 359
99 290 363
14 290 410
28 290 425
99 291 400
14 291 430
28 291 444
99 291 448
14 291 457
28 291 468
99 292 323
14 292 332
28 292 346
99 292 374
14 292 381
28 292 392
99 292 705
14 293 320
28 293 356
99 293 362
14 293 369
28 293 398
99 293 484
14 294 349
28 294 403
99 294 423
14 294 435
28 294 441
99 294 447
14 294 462
28 294 469
99 294 473
14 294 491
28 295 325
99 295 414
14 295 483
28 295 572
99 296 359
14 296 374
28 296 386
99 296 390
14 296 397
28 296 406
99 296 693
14 297 337
28 297 343
99 297 354
14 297 412
28 297 419
99 297 423
14 297 440
28 297 446
99 297 450
14 297 467
28 297 473
99 299 325
14 299 354
28 299 360
99 299 364
14 299 379
28 299 387
99 299 402
14 299 422
28 299 428
99 299 618
14 300 320
28 300 344
99 300 449
14 300 456
28 300 474
99 300 663
14 301 330
28 301 363
99 301 445
14 301 479
28 301 487
99 301 495
14 302 347
28 302 368
99 302 390
14 302 401
28 302 407
99 302 431
14 302 461
28 302 492
99 303 384
14 303 416
28 303 427
99 304 358
14 304 371
28 304 395
99 304 444
14 304 466
28 304 472
99 304 651
14 305 335
28 305 341
99 305 432
14 305 439
28 305 451
99 305 484
14 305 491
28 305 610
99 305 708
14 306 324
28 306 352
99 306 383
14 306 390
28 306 406
99 307 358
14 307 365
28 307 376
99 307 421
14 307 428
28 307 444
99 308 396
14 308 409
28 308 449
99 308 454
14 308 471
28 308 477
99 308 483
14 309 329
28 309 340
99 309 344
14 309 351
28 309 357
99 309 381
14 309 403
28 309 420
99 310 433
14 310 445
28 310 452
99 310 461
14 310 480
28 311 343
99 311 375
14 311 395
28 311 414
99 311 486
14 312 334
28 312 358
99 312 369
14 312 382
28 312 421
99 312 457
14 312 493
28 313 321
99 313 433
14 313 450
28 313 464
99 314 388
14 314 413
28 314 424
99 314 485
14 315 324
28 315 339
99 315 343
14 315 355
28 315 361
99 315 365
14 315 372
28 315 400
99 315 430
14 315 438
28 315 455
99 315 606
14 316 317
28 316 387
99 316 467
14 316 474
28 316 484
99 317 405
14 317 418
28 317 425
99 317 460
14 318 329
28 318 340
99 318 344
14 318 360
28 318 366
99 318 377
14 318 390
28 318 397
99 318 431
14 318 443
28 318 456
99 318 596
14 319 384
28 319 402
99 319 467
14 319 479
28 319 485
99 319 489
14 320 334
28 320 343
99 320 408
14 320 423
28 320 429
99 320 461
14 321 348
28 321 367
99 321 377
14 321 395
28 321 405
99 321 448
14 321 455
28 321 488
99 322 434
14 322 461
28 322 467
99 322 585
14 323 317
28 323 323
99 323 339
14 323 353
28 323 370
99 323 374
14 323 400
28 323 408
99 323 412
14 323 428
28 323 472
99 323 493
14 324 364
28 324 439
99 324 448
14 324 484
28 324 490
99 326 326
14 326 338
28 326 358
99 326 373
14 326 380
28 326 386
99 326 411
14 326 418
28 326 433
99 326 444
14 326 466
28 326 473
99 326 640
14 327 322
28 327 344
99 327 369
14 327 391
28 327 405
99 327 493
14 328 331
28 328 410
99 328 438
14 328 449
28 328 457
99 328 489
14 329 347
28 329 359
99 329 423
14 329 432
28 329 471
99 329 476
14 330 316
28 330 368
99 330 372
14 330 385
28 330 396
99 331 353
14 331 362
28 331 401
99 331 405
14 331 412
28 331 437
99 331 441
14 331 454
28 331 460
99 331 488
14 332 371
28 332 377
99 332 423
14 332 470
28 332 476
99 332 480
14 333 326
28 333 336
99 334 351
14 334 390
28 334 396
99 334 404
14 334 417
28 334 438
99 334 442
14 334 459
28 334 479
99 334 487
14 335 331
28 335 339
99 335 423
14 335 484
28 336 320
99 336 376
14 336 399
28 336 430
99 337 344
14 337 351
28 337 357
99 337 405
14 337 422
28 337 435
99 337 441
14 337 448
28 337 464
99 337 474
14 337 489
28 337 525
99 338 314
14 338 336
28 338 364
99 338 383
14 339 321
28 339 342
99 339 375
14 339 404
28 339 410
99 340 369
14 340 382
28 340 427
99 340 431
14 340 438
28 340 453
99 340 467
14 340 474
28 340 584
99 341 313
14 341 326
28 341 345
99 341 356
14 341 363
28 341 388
99 341 463
14 341 480
28 341 658
99 342 394
14 342 409
28 342 415
99 342 458
14 342 494
28 342 562
99 343 369
14 343 376
28 343 391
99 343 430
14 343 443
28 343 454
99 344 312
14 344 331
28 344 340
99 344 348
14 344 355
28 344 399
99 344 426
14 344 463
28 344 485
99 345 418
14 345 448
28 345 457
99 346 345
14 346 368
28 346 386
99 346 414
14 346 425
28 346 431
99 346 469
14 346 488
28 347 313
99 347 317
14 347 336
28 347 342
99 347 392
14 347 400
28 347 436
99 348 360
14 348 381
28 348 389
99 348 453
14 348 468
28 348 474
99 348 598
14 349 316
28 349 322
99 349 347
14 349 373
28 349 405
99 349 413
14 349 430
28 349 439
99 349 480
14 349 493
28 350 327
99 351 341
14 351 352
28 351 358
99 351 362
14 351 386
28 351 392
99 351 410
14 351 418
28 351 435
99 351 453
14 351 460
28 351 475
99 352 442
14 352 450
28 352 480
99 353 321
14 353 328
28 353 340
99 353 405
14 353 423
28 353 438
99 354 361
14 354 368
28 354 378
99 354 395
14 354 402
28 354 412
99 354 485
14 355 320
28 355 333
99 355 345
14 355 357
28 355 391
99 355 443
14 355 465
28 355 471
99 355 475
14 355 482
28 355 643
99 356 313
14 356 338
28 356 381
99 356 434
14 356 455
28 356 490
99 357 373
14 357 394
28 357 407
99 357 428
14 357 441
28 357 474
99 357 671
14 358 343
28 358 349
99 358 413
14 358 447
28 358 493
99 359 362
14 359 373
28 359 379
99 359 384
14 359 410
28 359 420
99 360 314
14 360 325
28 360 331
99 360 427
14 360 434
28 360 460
99 360 469
14 360 476
28 360 487
99 361 352
14 361 361
28 361 367
99 361 399
14 361 415
28 361 423
99 362 348
14 362 378
28 362 384
99 362 388
14 362 452
28 362 463
99 362 492
14 363 316
28 363 332
99 363 469
14 363 481
28 363 488
99 364 338
14 364 347
28 364 353
99 364 398
14 364 405
28 364 420
99 364 426
14 364 439
28 364 457
99 365 366
14 365 383
28 365 389
99 365 393
14 365 445
28 365 464
99 366 335
14 366 356
28 366 423
99 366 470
14 366 486
28 366 492
99 367 321
14 367 328
28 367 365
99 367 410
14 367 428
28 367 458
99 367 580
14 368 334
28 368 340
99 368 371
14 368 388
28 368 394
99 368 398
14 368 417
28 368 465
99 369 471
14 369 478
28 369 493
99 370 320
14 370 343
28 370 361
99 370 368
14 370 376
28 370 397
99 370 410
14 370 422
28 370 433
99 370 449
14 370 456
28 370 468
99 371 314
14 371 349
28 371 402
99 372 438
14 372 445
28 372 461
99 372 524
14 373 319
28 373 325
99 373 364
14 373 381
28 373 393
99 373 407
14 373 432
28 373 466
99 373 471
14 373 483
28 373 489
99 373 493
14 374 330
28 374 354
99 374 358
14 374 398
28 374 404
99 375 414
14 375 437
28 375 450
99 376 336
14 376 357
28 376 363
99 376 367
14 376 386
28 376 407
99 376 461
14 376 468
28 376 474
99 376 492
14 377 324
28 377 345
99 377 488
14 378 335
28 378 351
99 378 374
14 378 391
28 378 403
99 378 412
14 378 419
28 378 425
99 378 453
14 378 460
28 378 477
99 379 366
14 379 408
28 379 442
99 379 449
14 379 487
28 379 493
99 379 675
14 380 315
28 380 340
99 380 362
14 380 373
28 380 379
99 381 346
14 381 396
28 381 413
99 381 428
14 381 445
28 381 454
99 381 472
14 381 479
28 382 329
99 382 424
14 382 435
28 382 465
99 383 343
14 383 351
28 383 359
99 383 363
14 383 378
28 383 384
99 383 492
14 384 320
28 384 332
99 384 401
14 384 414
28 384 423
99 384 450
14 384 457
28 384 468
99 384 472
14 385 326
28 385 337
99 386 343
14 386 356
28 386 362
99 386 366
14 386 383
28 386 389
99 386 428
14 386 440
28 386 462
99 386 483
14 386 490
28 386 531
99 387 401
14 387 408
28 387 419
99 387 450
14 387 467
28 387 473
99 388 313
14 388 331
28 388 338
99 388 425
14 388 445
28 388 478
99 389 344
14 389 361
28 389 367
99 389 371
14 389 388
28 389 394
99 389 398
14 389 422
28 389 432
99 389 656
14 390 341
28 390 450
99 390 483
14 391 317
28 391 323
99 391 472
14 391 479
28 392 346
99 392 350
14 392 366
28 392 372
99 392 376
14 392 393
28 392 399
99 392 412
14 392 427
28 392 433
99 392 455
14 392 462
28 392 494
99 393 485
14 394 322
28 394 328
99 394 404
14 394 411
28 394 417
99 394 438
14 394 449
28 394 469
99 395 335
14 395 347
28 395 353
99 395 375
14 395 382
28 395 400
99 395 455
14 395 484
28 395 490
99 396 371
14 396 420
28 396 432
99 397 312
14 397 327
28 397 333
99 397 358
14 397 387
28 397 403
99 397 438
14 397 454
28 397 467
99 397 472
14 397 493
28 398 338
99 399 352
14 399 363
28 399 369
99 399 373
14 399 392
28 399 398
99 399 435
14 399 443
28 399 459
99 400 313
14 400 332
28 400 341
99 400 406
14 400 425
28 400 431
99 400 470
14 400 477
28 401 320
99 401 464
14 402 337
28 402 344
99 402 351
14 402 368
28 402 374
99 402 378
14 402 397
28 402 403
99 402 413
14 402 434
28 402 448
99 402 604
14 403 315
28 403 323
99 403 409
14 403 458
28 403 469
99 403 482
14 403 489
28 403 570
99 405 347
14 405 354
28 405 360
99 405 377
14 405 384
28 405 404
99 405 416
14 405 439
28 405 449
99 405 495
14 406 320
28 406 326
99 406 342
14 406 373
28 406 390
99 406 410
14 406 463
28 406 470
99 406 482
14 407 331
28 407 363
99 407 522
14 408 341
28 408 347
99 408 407
14 408 415
28 408 421
99 408 425
14 408 444
28 408 450
99 408 475
14 408 482
28 409 359
99 409 393
14 409 400
28 409 432
99 410 366
14 410 378
28 410 389
99 410 455
14 410 468
28 410 474
99 410 515
14 411 315
28 411 325
99 411 406
14 411 420
28 411 426
99 411 487
14 412 346
28 412 352
99 412 362
14 412 383
28 412 392
99 412 435
14 412 449
28 412 460
99 413 358
14 413 369
28 413 405
99 413 431
14 413 473
28 413 492
99 414 320
14 414 327
28 414 333
99 415 355
14 415 363
28 415 388
99 415 395
14 415 408
28 415 414
99 415 425
14 415 436
28 415 442
99 415 454
14 415 461
28 415 478
99 415 486
14 415 495
28 416 336
99 416 351
14 416 374
28 416 402
99 417 310
14 417 319
28 417 341
99 417 483
14 418 332
28 418 350
99 418 391
14 418 398
28 418 415
99 418 424
14 418 441
28 418 453
99 418 466
14 418 479
28 419 344
99 419 356
14 419 379
28 419 385
99 419 565
14 420 324
28 420 337
99 420 420
14 420 429
28 420 446
99 420 485
14 421 347
28 421 353
99 421 368
14 421 388
28 421 403
99 421 456
14 421 465
28 421 471
99 422 359
14 422 408
28 422 414
99 422 451
14 422 484
28 422 490
99 423 340
14 423 356
28 423 366
99 423 420
14 423 434
28 423 447
99 423 499
14 424 315
28 424 329
99 424 372
14 424 393
28 424 417
99 424 458
14 424 470
28 424 476
99 425 336
14 425 361
28 425 369
99 425 452
14 425 489
28 425 659
99 426 399
14 426 413
28 426 420
99 426 424
14 426 439
28 426 445
99 427 320
14 427 327
28 427 333
99 427 374
14 427 381
28 427 450
99 427 459
14 427 475
28 428 338
99 428 342
14 428 349
28 428 366
99 429 387
14 429 398
28 429 404
99 429 423
14 429 430
28 429 446
99 429 455
14 429 464
28 429 480
99 430 320
14 430 332
28 430 341
99 430 371
14 430 418
28 430 451
99 431 311
14 431 354
28 431 367
99 431 604
14 432 318
28 432 337
99 432 385
14 432 392
28 432 405
99 432 456
14 432 469
28 432 481
99 432 485
14 432 492
28 433 324
99 433 360
14 433 370
28 433 376
99 433 423
14 433 435
28 433 441
99 433 445
14 433 452
28 433 674
99 434 342
14 434 381
28 434 408
99 434 598
14 435 312
28 435 327
99 435 458
14 435 474
28 435 482
99 436 337
14 436 347
28 436 359
99 436 363
14 436 375
28 436 386
99 436 402
14 436 411
28 436 422
99 436 426
14 436 440
28 436 446
99 437 396
14 437 457
28 437 463
99 437 496
14 438 322
28 438 328
99 438 332
14 438 352
28 438 362
99 438 485
14 439 339
28 439 367
99 439 389
14 439 396
28 439 402
99 439 416
14 439 423
28 439 429
99 439 479
14 439 492
28 439 684
99 440 445
14 440 462
28 440 468
99 441 331
14 441 357
28 441 363
99 441 385
14 441 405
28 441 432
99 442 327
14 442 344
28 442 368
99 442 380
14 442 415
28 442 437
99 442 478
14 442 485
28 442 648
99 443 315
14 443 373
28 443 390
99 443 444
14 443 451
28 443 469
99 443 473
14 444 326
28 444 332
99 444 427
14 444 440
28 445 314
99 445 349
14 445 362
28 445 378
99 445 382
14 445 393
28 445 420
99 446 456
14 446 466
28 446 472
99 446 476
14 446 490
28 446 496
99 447 319
14 447 331
28 447 337
99 447 399
14 447 409
28 447 423
99 447 427
14 447 434
28 447 445
99 447 550
14 448 313
28 448 348
99 448 352
14 448 367
28 448 379
99 448 383
14 448 456
28 448 475
99 449 481
14 450 318
28 450 338
99 450 342
14 450 351
28 450 357
99 450 397
14 450 414
28 450 420
99 450 426
14 450 444
28 450 450
99 451 372
14 451 380
28 451 386
99 451 470
14 451 477
28 451 693
99 452 324
14 452 341
28 452 360
99 452 461
14 452 483
28 452 494
99 453 391
14 453 398
28 453 404
99 453 423
14 453 430
28 453 438
99 454 372
14 454 385
28 454 419
99 454 449
14 454 460
28 454 466
99 454 470
14 454 488
28 454 579
99 455 322
14 455 329
28 455 335
99 455 355
14 455 362
28 455 369
99 456 346
14 456 390
28 456 405
99 456 409
14 456 422
28 456 435
99 457 374
14 457 416
28 457 440
99 457 448
14 457 465
28 457 471
99 458 317
14 458 334
28 458 345
99 458 353
14 458 367
28 458 408
99 459 445
14 459 453
28 459 474
99 459 478
14 459 493
28 460 315
99 460 350
14 460 372
28 460 378
99 460 395
14 460 402
28 460 427
99 460 434
14 460 441
28 460 485
99 461 321
14 461 339
28 461 346
99 461 357
14 461 383
28 461 409
99 462 458
14 462 470
28 462 476
99 462 687
14 463 316
28 463 326
99 463 351
14 463 362
28 463 388
99 463 394
14 463 412
28 463 420
99 463 430
14 463 446
28 463 481
99 464 426
14 464 458
28 464 464
99 464 487
14 465 321
28 465 329
99 465 344
14 465 351
28 465 377
99 465 636
14 466 334
28 466 367
99 466 391
14 466 398
28 466 406
99 466 423
14 466 431
28 466 437
99 466 475
14 466 482
28 466 492
99 467 417
14 467 451
28 467 465
99 468 343
14 468 356
28 468 370
99 468 380
14 468 387
28 468 440
99 469 326
14 469 339
28 469 375
99 469 424
14 469 468
28 469 474
99 469 487
14 470 316
28 470 361
99 470 403
14 470 410
28 470 416
99 470 420
14 470 436
28 470 443
99 471 345
14 471 366
28 471 378
99 471 392
14 471 456
28 471 462
99 472 325
14 472 372
28 472 402
99 472 477
14 472 486
28 472 492
99 473 321
14 473 332
28 473 344
99 473 419
14 473 426
28 473 441
99 473 446
14 473 473
28 474 349
99 474 381
14 474 391
28 474 397
99 474 415
14 474 461
28 475 326
99 475 377
14 475 403
28 475 431
99 475 479
14 475 491
28 475 584
99 476 354
14 476 361
28 476 414
99 476 444
14 476 451
28 476 466
99 477 320
14 477 337
28 477 343
99 477 384
14 477 396
28 477 408
99 477 440
14 477 478
28 477 635
99 478 315
14 478 327
28 478 348
99 478 377
14 478 417
28 478 432
99 478 436
14 479 353
28 479 366
99 480 372
14 480 382
28 480 388
99 480 423
14 480 435
28 480 441
99 480 456
14 480 465
28 480 471
99 480 483
14 481 316
28 481 342
99 481 408
14 481 446
28 482 332
99 482 369
14 482 391
28 482 401
99 483 358
14 483 365
28 483 376
99 483 421
14 483 428
28 483 453
99 483 457
14 483 470
28 483 482
99 483 486
14 483 493
28 483 620
99 484 321
14 484 335
28 484 343
99 484 347
14 484 396
28 484 404
99 484 408
14 484 440
28 484 476
99 486 328
14 486 346
28 486 352
99 486 357
14 486 370
28 486 377
99 486 415
14 486 422
28 486 451
99 486 456
14 486 479
28 486 485
99 487 321
14 487 340
28 487 384
99 487 407
14 487 433
28 487 463
99 487 563
14 488 316
28 488 355
99 488 401
14 488 414
28 488 445
99 489 328
14 489 360
28 489 375
99 489 454
14 489 466
28 489 486
99 490 322
14 490 351
28 490 380
99 490 387
14 490 400
28 490 406
99 490 450
14 490 472
28 490 491
99 491 426
14 491 438
28 491 446
99 492 329
14 492 367
28 492 376
99 492 457
14 492 487
28 492 494
99 492 500
14 492 528
28 492 557
99 492 561
14 492 583
28 492 607
99 492 611
14 492 623
28 492 629
99 492 638
14 492 645
28 492 651
99 493 320
14 495 493
28 495 499
99 495 503
14 505 493
28 505 518
99 506 538
14 513 492
28 513 514
99 513 560
14 527 495
28 527 514
99 527 603
14 548 493
28 549 589
99 549 623
14 572 492
28 572 594
99 573 675
14 580 493
28 580 521
99 580 557
14 590 537
28 590 599
99 590 632
14 599 493
28 599 503
99 599 567
14 618 494
28 618 534
99 618 562
14 629 493
28 629 509
99 629 591
14 638 494
28 639 525
99 639 584
14 659 494
28 659 571
99 660 621
14 687 493
28 687 623
99 688 353
14 707 494
28 708 450
99 708 687
14 715 493
28 715 559
99 715 657
14 729 493
28 729 641
99 729 681
14 736 493
28 736 645
99 736 661
14 744 493
28 744 641
99 744 670
14 759 493
28 760 374
99 761 560
14 768 493
28 768 604
99 769 553
14 784 493
28 784 538
99 784 576
14 793 494
28 793 666
99 794 252
14 812 494
28 812 625
99 813 659
14 826 493
28 826 510
99 828 232
14 850 497
28 850 655
99 850 684
14 883 493
28 884 32
99 884 261
14 915 493
28 915 565
99 915 629
14 927 493
28 927 525
99 927 599
14 937 493
28 937 683
99 938 562
14 954 493
28 955 163
99 955 282
14 974 493
28 974 583
99 974 687
14 985 493
28 985 564
99 986 64
14 989 427
28 990 394
99 990 543
14 991 4
28 991 61
99 991 521
14 991 575
28 991 658
99 992 77
14 992 85
28 992 94
99 992 98
14 992 106
28 992 114
99 992 143
14 992 150
28 992 158
99 992 203
14 992 218
28 992 235
99 992 257
14 992 264
28 992 271
99 992 383
14 992 390
28 992 403
99 992 418
14 992 442
28 992 449
99 992 453
14 992 469
28 992 475
99 993 10
14 12 994
28 13 712
99 20 993
14 55 994
28 56 868
99 64 717
14 85 994
28 88 857
99 91 868
14 122 994
28 124 842
99 125 724
14 213 994
28 214 873
99 217 741
14 229 994
28 234 789
99 240 927
14 242 994
28 243 783
99 243 831
14 254 994
28 255 743
99 256 924
14 263 994
28 264 694
99 266 895
14 270 994
28 274 970
99 275 769
14 318 994
28 321 877
99 325 840
14 325 994
28 326 710
99 329 731
14 332 994
28 334 905
99 334 962
14 372 994
28 373 971
99 385 760
14 403 994
28 407 782
99 411 992
14 423 994
28 424 782
99 424 838
14 491 737
28 491 841
99 492 806
14 492 835
28 492 854
99 492 858
14 492 865
28 492 882
99 492 893
14 492 900
28 492 908
99 492 976
14 492 984
28 493 693
99 493 702
14 520 994
28 521 712
99 521 725
14 532 994
28 533 779
99 533 791
14 539 994
28 540 723
99 540 906
14 559 994
28 560 694
99 560 795
14 566 994
28 567 709
99 567 721
14 589 994
28 590 718
99 590 754
14 605 994
28 608 817
99 608 937
14 612 994
28 613 805
99 613 842
14 644 994
28 645 898
99 645 917
14 651 994
28 652 958
99 653 791
14 665 994
28 666 786
99 666 860
14 672 994
28 673 734
99 673 965
14 679 994
28 680 854
99 680 876
14 693 994
28 694 891
99 694 973
14 700 994
28 701 932
99 702 701
14 721 994
28 722 706
99 722 874
14 750 994
28 751 703
99 751 715
14 774 994
28 775 909
99 775 938
14 799 994
28 800 698
99 800 717
14 806 994
28 807 697
99 807 757
14 820 994
28 821 837
99 821 874
14 836 993
28 837 754
99 837 881
14 844 994
28 845 800
99 845 866
14 851 994
28 852 844
99 853 909
14 858 994
28 859 812
99 859 885
14 865 994
28 867 774
99 867 786
14 876 994
28 877 849
99 877 873
14 889 994
28 890 718
99 890 754
14 896 994
28 897 874
99 897 974
14 907 994
28 908 864
99 909 748
14 921 994
28 922 721
99 922 780
14 943 994
28 944 728
99 944 761
14 960 994
28 961 985
99 962 795
14 967 994
28 968 731
99 968 825
14 991 994
28 992 716
99 992 823
14 992 835
28 992 889
99 993 709
14 492 753
28 492 759
99 493 715
14 992 844
28 992 928
99 993 722
14 492 782
28 492 916
99 493 765
14 992 866
28 992 940
99 993 749
14 492 934
28 492 963
99 493 802
14 992 986
28 993 763
99 993 779
