19 0 0
18 0 7
17 0 12
18 3 0
17 4 4
18 6 16
17 8 0
18 9 19
17 11 15
18 12 11
17 14 0
18 17 12
17 17 17
19 30 30
18 22 0
17 22 5
18 22 27
17 24 23
18 25 17
17 26 1
18 28 13
17 29 18
18 32 0
17 32 5
18 34 28
17 36 1
18 36 16
17 36 24
18 37 20
17 40 13
18 42 0
17 42 25
18 43 4
17 44 8
18 0 28
17 0 33
18 0 45
17 4 29
18 5 43
17 9 38
18 10 28
17 13 32
18 15 44
17 19 32
18 20 44
17 24 41
18 25 35
17 29 37
18 35 36
17 35 41
18 40 36
17 41 40
18 46 20
17 46 49
18 47 0
17 47 34
18 48 24
17 49 4
18 49 28
17 51 16
18 51 45
17 52 49
18 53 30
17 54 0
18 54 34
17 55 12
18 55 38
17 56 42
18 57 24
17 58 28
18 60 0
17 60 5
18 61 17
17 61 51
18 62 21
17 63 37
18 64 25
17 65 0
18 65 29
17 66 12
18 67 48
17 68 33
18 69 24
17 71 0
18 71 28
17 71 45
18 72 12
17 73 16
18 74 31
17 75 35
18 77 0
17 77 5
18 77 27
17 77 47
18 79 17
17 79 23
18 81 35
17 81 40
18 82 0
17 83 4
18 84 16
17 85 20
18 85 32
17 86 36
18 86 50
17 87 0
18 89 12
17 90 16
18 90 30
17 90 51
18 91 46
17 92 34
18 93 0
17 94 4
18 94 27
17 95 47
18 96 16
17 96 23
18 98 35
17 99 0
18 99 39
17 100 12
18 100 43
17 0 51
18 0 63
17 0 68
18 0 80
17 0 85
18 0 97
17 4 64
18 4 99
17 5 77
18 6 51
17 6 95
18 7 55
17 8 59
18 8 89
17 9 73
18 11 51
17 11 85
18 12 97
17 13 55
18 14 67
17 15 71
18 15 100
17 17 51
18 17 83
17 17 88
18 19 63
17 20 67
18 20 100
17 21 79
18 23 53
17 23 91
18 24 57
17 24 62
18 26 74
17 27 78
18 28 52
17 28 58
18 29 90
17 29 95
18 30 70
17 31 74
18 33 52
17 33 86
18 34 56
17 34 61
18 35 98
17 37 73
18 38 53
17 39 57
18 39 85
17 39 90
18 42 69
17 43 73
18 44 53
17 44 85
18 44 100
17 45 61
18 48 96
17 49 73
18 49 100
17 50 85
18 51 61
17 53 65
18 53 97
17 55 77
18 56 60
17 56 89
18 58 55
17 59 64
18 60 100
17 61 76
18 62 88
17 62 96
18 63 92
17 65 63
18 67 52
17 67 75
18 67 87
17 68 91
18 69 56
17 71 60
18 72 85
17 73 72
18 74 89
17 74 94
18 77 59
17 77 64
18 77 83
17 78 90
18 79 76
17 81 60
18 81 80
17 82 84
18 83 54
17 83 99
18 84 72
17 86 76
18 87 56
17 87 63
18 87 94
17 89 90
18 92 73
17 92 78
18 93 63
17 94 99
18 95 67
17 96 74
18 96 89
17 98 59
18 98 93
17 100 97
18 105 0
17 105 5
18 105 22
17 105 27
18 105 39
17 105 44
18 105 56
17 105 61
18 105 73
17 105 78
18 105 90
17 105 106
18 106 17
17 106 94
18 110 0
17 110 14
18 110 37
17 110 53
18 110 71
17 110 87
18 111 4
17 111 41
18 111 65
17 111 75
18 111 104
17 112 26
18 112 99
17 112 108
18 113 8
17 115 62
18 116 0
17 116 12
18 116 37
17 116 50
18 116 85
17 116 90
18 116 102
17 118 24
18 118 41
17 118 74
18 118 106
17 120 1
18 120 45
17 120 86
18 121 36
17 121 59
18 121 100
17 122 13
18 122 49
17 122 107
18 123 40
17 124 25
18 124 53
17 124 71
18 125 44
17 125 95
18 126 0
17 126 5
18 126 83
17 127 48
18 127 60
17 128 17
18 128 36
17 128 64
18 128 87
17 128 107
18 129 40
17 129 91
18 130 29
17 130 76
18 131 0
17 131 44
18 132 4
17 132 9
18 132 33
17 132 57
18 133 37
17 133 103
18 134 21
17 134 69
18 134 87
17 135 25
18 135 91
17 136 0
18 136 40
17 136 53
18 136 81
17 137 95
18 138 12
17 138 65
18 139 16
17 139 21
18 139 36
17 139 107
18 140 42
17 140 47
18 140 77
17 140 82
18 142 0
17 142 5
18 142 59
17 143 17
18 143 32
17 143 94
18 144 36
17 144 43
18 144 63
17 144 68
18 145 106
17 146 1
18 146 55
17 146 80
18 147 28
17 148 13
18 148 32
17 148 37
18 148 59
17 148 64
18 149 92
17 149 97
18 150 49
17 150 76
18 151 25
17 152 0
18 152 29
17 152 53
18 152 88
17 153 33
18 153 108
17 154 12
18 154 45
17 154 65
18 154 92
17 155 96
18 156 24
17 156 49
18 156 77
17 157 28
18 157 81
17 158 0
18 158 85
17 158 108
18 159 40
17 159 61
18 159 89
17 160 12
18 160 44
17 160 73
18 161 93
17 162 24
18 162 48
17 162 97
18 163 36
17 163 52
18 163 85
17 164 0
18 164 40
17 165 64
18 165 89
17 166 12
18 166 44
17 166 76
18 166 108
17 167 48
18 167 93
17 168 24
18 168 36
17 168 97
18 169 40
17 169 60
18 170 0
17 170 5
18 170 87
17 171 44
18 171 72
17 172 17
18 172 76
17 172 83
18 172 108
17 173 56
18 174 29
17 174 95
18 175 0
17 175 33
18 175 68
17 176 4
18 176 72
17 176 77
18 177 45
17 177 50
18 177 107
17 178 16
18 178 89
17 179 28
18 179 62
17 180 0
18 180 66
17 180 73
18 180 93
17 180 98
18 181 40
17 181 46
18 182 85
17 183 12
18 183 58
17 184 24
18 184 62
17 184 67
18 184 89
17 184 94
18 185 36
17 185 41
18 185 108
17 186 0
18 186 79
17 187 53
18 187 83
17 188 90
18 189 12
17 189 17
18 189 104
17 190 29
18 190 65
17 190 70
18 190 108
17 191 41
18 191 85
17 192 0
18 193 53
17 193 58
18 193 100
17 194 12
18 194 81
17 194 104
18 195 24
17 195 86
18 196 28
17 196 33
18 196 70
17 197 45
18 197 74
17 198 0
18 198 78
17 198 98
18 199 57
17 199 62
18 200 12
17 200 17
18 200 82
17 201 29
18 201 86
17 202 41
18 202 74
17 202 90
18 203 53
17 203 58
18 203 78
17 203 107
18 204 0
17 204 5
18 204 102
17 206 17
18 206 70
17 206 82
18 207 29
17 207 34
18 207 74
17 208 1
18 208 46
17 208 51
18 208 94
17 208 99
18 209 63
17 210 13
18 210 67
17 210 78
18 211 71
17 212 25
18 212 90
17 212 95
18 213 37
17 213 42
18 214 0
17 214 5
18 214 54
17 214 59
18 214 107
17 215 72
18 216 17
17 216 84
18 217 21
17 217 34
18 218 25
17 218 51
18 218 96
17 218 101
18 219 0
17 219 68
18 220 4
17 220 9
18 220 29
17 221 80
18 222 21
17 222 43
18 222 62
17 222 92
18 223 25
17 224 0
18 224 31
17 224 58
18 224 104
17 225 70
18 225 108
17 0 108
18 0 120
17 0 125
18 0 137
17 0 142
18 0 154
17 0 159
18 0 171
17 0 176
18 0 188
17 0 193
18 0 205
17 0 210
18 0 222
17 4 121
18 4 224
17 5 134
18 5 152
17 5 168
18 5 186
17 5 202
18 6 108
17 6 156
18 6 180
17 6 190
18 6 214
17 6 220
18 7 112
17 8 116
18 8 146
17 9 130
18 9 183
17 10 150
18 11 108
17 11 165
18 11 177
17 11 199
18 11 211
17 11 216
18 12 142
17 12 187
18 13 112
17 13 125
18 14 116
17 14 146
18 14 180
17 15 159
18 16 108
17 16 176
18 16 209
17 16 225
18 17 119
17 17 196
18 17 213
17 18 134
18 18 171
17 19 115
18 19 127
17 19 155
18 19 188
17 20 217
18 21 108
17 21 167
18 21 207
17 22 179
18 22 191
17 23 128
18 23 144
17 23 149
18 23 195
17 23 203
18 24 111
17 25 115
18 25 161
17 26 215
18 27 139
17 27 145
18 27 165
17 27 170
18 27 189
17 27 196
18 28 108
17 29 127
18 29 157
17 30 182
18 30 208
17 31 112
18 31 161
17 31 166
18 31 225
17 32 139
18 32 212
17 33 194
18 33 216
17 33 221
18 34 151
17 34 178
18 35 123
17 35 155
18 35 206
17 36 108
18 36 127
17 36 132
18 37 167
17 37 190
18 37 210
17 37 217
18 38 144
17 38 171
18 39 120
17 39 148
18 39 202
17 40 124
18 40 183
17 41 206
18 42 108
17 42 136
18 42 160
17 42 165
18 43 112
17 43 187
18 43 199
17 43 218
18 44 116
17 45 120
18 45 148
17 45 153
18 45 177
17 46 132
18 46 181
17 47 108
18 47 201
17 47 206
18 48 144
17 48 165
18 49 184
17 49 189
18 49 218
17 49 223
18 50 148
17 51 120
18 51 152
17 51 202
18 52 132
17 52 137
18 52 156
17 52 161
18 52 176
17 53 108
18 53 180
17 53 185
18 53 214
17 53 219
18 55 149
17 55 197
18 56 153
17 56 173
18 57 119
17 57 124
18 57 157
17 57 209
18 58 136
17 58 141
18 58 161
17 59 108
18 59 165
17 59 185
18 59 221
17 60 169
18 60 225
17 61 120
18 61 153
17 61 197
18 62 157
17 63 132
18 63 161
17 63 181
18 63 209
17 63 214
18 64 144
17 64 165
18 65 108
17 65 113
18 65 148
17 65 193
18 66 152
17 67 125
18 67 156
17 67 177
18 67 205
17 67 210
18 67 225
17 68 141
18 68 160
17 69 109
18 69 137
17 69 189
18 70 164
17 71 121
18 71 153
17 71 168
18 71 201
17 71 206
18 71 221
17 72 225
18 73 133
17 73 180
18 74 137
17 74 142
18 74 156
17 75 108
18 75 160
17 75 192
18 75 217
17 76 164
18 77 120
17 77 125
18 77 204
17 77 213
18 78 153
17 78 176
18 78 208
17 78 225
18 79 137
17 79 188
18 80 141
17 80 149
18 81 110
17 81 115
18 81 145
17 81 200
18 82 161
17 82 166
18 83 127
17 83 132
18 83 212
17 83 217
18 84 178
17 84 183
18 85 195
17 86 111
18 86 144
17 86 149
18 87 123
17 87 128
18 87 161
17 87 199
18 88 165
17 88 170
18 88 211
17 89 215
18 90 140
17 90 145
18 90 182
17 90 187
18 92 110
17 92 115
18 92 157
17 92 162
18 93 127
17 93 132
18 93 199
17 93 204
18 94 174
17 94 179
18 94 225
17 96 111
18 96 144
17 96 149
18 96 191
17 96 221
18 97 195
17 97 200
18 97 215
17 98 123
18 98 161
17 98 166
18 99 135
17 100 139
18 100 178
17 100 183
18 101 211
17 101 216
18 102 110
17 102 118
18 102 151
17 102 156
18 102 195
17 103 199
18 104 130
17 104 135
18 104 168
17 104 173
18 106 147
17 106 152
18 106 185
17 106 211
18 107 189
17 107 194
18 107 223
17 108 118
18 108 164
17 108 169
18 109 130
17 110 134
18 110 181
17 110 206
18 111 146
17 111 185
18 111 225
17 112 150
18 112 218
17 113 162
18 113 197
17 114 120
18 114 174
17 114 201
18 115 178
17 115 222
18 116 132
17 116 137
18 116 213
17 117 182
18 117 194
17 118 111
18 118 149
17 118 154
18 118 217
17 119 166
18 120 123
17 120 128
18 120 197
17 120 202
18 121 220
17 121 225
18 122 140
17 122 145
18 122 178
17 123 182
18 123 214
17 124 119
18 124 157
17 124 162
18 124 194
17 125 198
18 126 131
17 126 136
18 126 174
17 126 210
18 127 222
17 128 148
18 128 178
17 129 182
18 130 119
17 130 124
18 130 160
17 130 165
18 130 194
17 131 198
18 131 224
17 132 136
18 132 210
17 133 177
18 133 214
17 133 220
18 134 115
17 134 120
18 134 148
17 134 153
18 135 189
17 135 194
18 136 165
17 136 207
18 137 132
17 137 169
18 138 136
17 138 141
18 139 181
17 139 186
18 139 219
17 139 224
18 140 119
17 140 124
18 140 153
17 140 203
18 141 157
17 141 162
18 141 198
17 142 137
18 142 215
17 143 174
18 144 149
17 144 219
18 145 110
17 145 115
18 145 153
17 145 158
18 145 186
17 145 191
18 146 127
17 146 132
18 146 203
17 147 170
18 147 207
17 148 144
18 148 211
17 149 182
18 149 215
17 150 124
18 150 219
17 150 224
18 151 113
17 151 156
18 151 194
17 151 199
18 152 117
17 152 136
18 153 168
17 153 173
18 153 211
17 154 215
18 155 120
17 155 148
18 155 185
17 155 190
18 156 112
17 156 124
18 157 160
17 157 165
18 157 202
17 158 136
18 158 206
17 158 211
18 159 177
17 159 182
18 159 225
17 160 120
18 161 148
17 161 153
18 161 194
17 161 199
18 163 132
17 163 165
18 163 221
17 164 113
18 164 136
17 164 141
18 164 177
17 164 225
18 165 181
17 165 186
18 165 210
17 166 125
18 166 214
17 167 153
18 167 198
17 168 137
18 168 202
17 168 218
18 169 165
17 169 170
18 169 206
17 170 113
18 170 182
17 171 149
18 171 186
17 171 191
18 171 210
17 172 125
18 173 161
17 173 166
18 173 203
17 173 214
18 174 137
17 174 179
18 175 141
17 176 111
18 176 145
17 177 149
18 177 191
17 177 196
18 177 208
17 178 123
18 178 161
17 178 175
18 178 224
17 179 135
18 179 165
17 179 212
18 180 169
17 181 187
18 182 112
17 182 117
18 182 206
17 182 225
18 183 146
17 183 151
18 183 199
17 184 129
18 184 163
17 184 170
18 184 182
17 185 210
18 186 141
17 187 113
18 187 185
17 187 190
18 187 202
17 188 125
18 188 145
17 188 160
18 188 222
17 189 206
18 190 137
17 190 172
18 191 141
17 191 186
18 191 218
17 192 146
18 192 200
17 192 223
18 193 116
17 193 121
18 194 133
17 194 158
18 195 137
17 195 181
18 195 203
17 195 208
18 196 141
17 197 117
18 197 170
17 198 130
18 198 145
17 198 150
18 198 174
17 198 193
18 198 220
17 198 225
18 200 111
17 200 162
18 201 177
17 201 205
18 202 141
17 202 146
18 202 181
17 202 186
18 202 217
17 203 119
18 203 221
17 204 158
18 204 173
17 204 225
18 205 131
17 205 198
18 206 135
17 206 142
18 206 177
17 206 182
18 207 210
17 208 154
18 208 169
17 208 214
18 209 111
17 209 116
18 209 128
17 209 194
18 210 132
17 210 137
18 210 173
17 210 178
18 211 206
17 212 149
18 212 165
17 212 210
18 212 225
17 213 112
18 213 169
17 213 190
18 214 126
17 214 133
18 215 161
17 215 173
18 215 202
17 216 145
18 216 185
17 216 206
18 216 221
17 217 225
18 218 122
17 218 127
18 218 157
17 219 162
18 219 188
17 219 193
18 220 113
17 220 139
18 220 217
17 221 174
18 222 117
17 222 123
18 222 151
17 222 205
18 222 221
17 223 155
18 223 225
17 224 135
18 224 186
17 225 167
18 225 190
17 229 9
18 229 21
17 229 26
18 229 38
17 229 43
18 229 81
17 229 86
18 229 98
17 229 103
18 229 115
17 229 120
18 229 145
17 229 150
18 229 162
17 229 179
18 229 192
17 230 55
18 230 132
17 231 67
18 231 136
17 231 166
18 232 0
17 233 4
18 233 140
17 233 146
18 233 194
17 234 18
18 234 36
17 234 79
18 234 96
17 234 112
18 234 160
17 235 40
18 235 91
17 235 100
18 235 124
17 235 129
18 235 177
17 235 182
18 236 30
17 236 52
18 237 64
17 237 141
18 237 163
17 238 0
18 238 68
17 238 73
18 238 156
17 238 167
18 238 194
17 239 12
18 239 33
17 239 88
18 240 24
17 240 109
18 240 121
17 241 29
18 241 41
17 241 46
18 241 100
17 241 125
18 241 152
17 241 179
18 242 58
17 242 63
18 242 104
17 242 137
18 242 158
17 242 163
18 242 191
17 243 82
18 244 0
17 244 5
18 244 75
17 245 17
18 245 94
17 245 118
18 245 149
17 245 175
18 245 194
17 246 38
18 246 98
17 246 105
18 246 153
17 246 159
18 247 29
17 247 50
18 247 130
17 247 190
18 248 33
17 248 62
18 248 77
17 248 134
18 249 0
17 249 81
18 249 146
17 249 171
18 250 4
17 250 9
18 250 93
17 250 99
18 250 150
17 250 155
18 250 185
17 251 21
18 251 115
17 251 120
18 252 35
17 252 40
18 252 73
17 253 52
18 253 188
17 253 193
18 254 0
17 254 5
18 254 64
17 254 69
18 254 110
17 254 132
18 254 144
17 254 151
18 254 166
17 255 81
18 255 93
17 255 116
18 255 170
17 255 175
18 256 17
17 256 30
18 256 97
17 257 101
18 258 21
17 258 42
18 258 146
17 258 163
18 258 187
17 259 0
18 259 25
17 259 54
18 259 127
17 259 191
18 260 12
17 260 66
18 260 91
17 260 131
18 260 150
17 261 78
18 261 95
17 261 113
18 261 154
17 261 175
18 262 16
17 262 29
18 262 143
17 262 158
18 263 20
17 263 99
18 264 24
17 264 41
18 264 125
17 264 187
18 265 0
17 265 5
18 265 53
17 265 58
18 265 89
17 265 170
18 266 70
17 266 129
18 266 145
17 266 150
18 267 17
17 267 74
18 267 93
17 267 111
18 267 182
17 268 21
18 268 33
17 269 1
18 269 37
17 269 50
18 269 86
17 269 97
18 269 123
17 269 162
18 270 41
17 270 141
18 270 185
17 270 190
18 271 13
17 271 62
18 271 90
17 272 17
18 272 45
17 272 127
18 272 153
17 272 174
18 273 31
17 273 74
18 273 108
17 273 113
18 273 157
17 274 86
18 275 0
17 275 5
18 275 35
17 275 40
18 275 52
17 275 57
18 275 98
17 275 161
18 275 186
17 276 139
18 276 190
17 277 69
18 277 102
17 277 109
18 277 151
17 277 194
18 278 17
17 278 22
18 278 123
17 278 173
18 279 81
17 279 127
18 279 155
17 280 0
18 280 34
17 280 49
18 280 85
17 280 90
18 280 185
17 281 61
18 281 104
17 281 159
18 281 189
17 282 12
18 282 38
17 282 139
18 282 151
17 283 73
18 283 108
17 283 113
18 283 193
17 284 24
18 284 42
17 284 86
18 284 171
17 284 176
18 285 100
17 285 125
18 285 154
17 286 0
18 286 46
17 286 51
18 286 104
17 286 188
18 287 36
17 287 63
18 287 149
17 287 158
18 288 12
17 288 17
18 288 108
17 288 137
18 289 40
17 289 75
18 289 96
17 289 112
18 289 170
17 290 47
18 290 87
17 290 174
18 291 29
17 291 92
18 291 104
17 291 124
18 291 151
17 292 0
18 292 33
17 292 59
18 292 186
17 292 191
18 293 12
17 293 71
18 293 155
17 293 160
18 294 16
17 294 21
18 294 37
17 294 42
18 294 107
17 294 136
18 295 83
17 295 88
18 295 111
17 295 116
18 295 148
17 296 54
18 296 102
17 296 172
18 297 33
17 297 152
18 297 184
17 298 0
18 298 12
17 298 17
18 298 66
17 298 128
18 298 188
17 298 193
18 299 37
17 299 70
18 299 105
17 299 112
18 299 164
17 300 41
18 300 82
17 300 140
18 301 29
17 301 86
18 301 98
17 301 168
18 302 33
17 302 53
18 302 180
17 302 185
18 303 10
17 303 65
18 303 102
17 303 107
18 303 123
17 303 152
18 304 0
17 304 14
18 304 127
17 304 132
18 305 4
17 305 26
18 305 77
17 305 82
18 306 38
17 306 43
18 306 96
17 306 164
18 307 118
17 307 144
18 307 176
17 307 181
18 308 7
17 308 55
18 308 100
17 308 122
18 308 193
17 309 67
18 309 104
17 310 3
18 310 15
17 310 20
18 310 92
17 310 108
18 310 134
17 310 156
18 311 32
17 311 37
18 311 79
17 311 138
18 312 49
17 312 88
18 312 168
17 312 173
18 313 83
17 313 185
18 314 53
17 314 58
18 314 100
17 314 120
18 314 150
17 315 12
18 315 70
17 315 104
18 315 132
17 316 0
18 316 24
17 316 29
18 316 74
17 316 79
18 316 154
17 316 159
18 317 41
17 317 46
18 317 136
17 317 141
18 318 91
17 318 116
18 318 171
17 318 176
18 319 95
17 319 100
18 319 188
17 319 193
18 320 58
17 320 63
18 320 128
17 320 155
18 321 10
17 321 15
18 321 75
17 321 132
18 322 0
17 322 27
18 322 39
17 322 79
18 322 167
17 322 172
18 323 4
17 323 43
18 323 91
17 323 96
18 323 111
17 323 185
18 324 55
17 324 115
18 324 144
17 324 149
18 325 59
17 325 127
18 326 7
17 326 63
18 326 161
17 326 168
18 327 0
17 327 11
18 327 23
17 327 36
18 327 75
17 327 88
18 327 107
17 327 181
18 328 27
17 328 111
18 328 139
17 328 145
18 329 31
17 329 48
18 329 79
17 329 193
18 330 3
17 330 123
18 330 157
17 330 162
18 331 83
17 331 177
18 332 7
17 332 20
18 332 60
17 332 65
18 332 98
17 332 103
18 332 135
17 332 140
18 333 11
17 333 32
18 333 87
17 333 189
18 334 0
17 334 44
18 334 77
17 334 115
18 334 152
17 334 158
18 335 15
17 335 91
18 335 172
17 336 56
18 336 81
17 336 127
18 337 3
17 337 176
18 338 7
17 338 19
18 338 68
17 338 103
18 338 139
17 338 144
18 339 11
17 339 31
18 339 72
17 339 77
18 339 168
17 339 188
18 340 43
17 340 48
18 340 115
17 340 120
18 340 156
17 341 0
18 341 89
17 341 164
18 342 14
17 342 60
18 342 93
17 342 98
18 342 132
17 342 140
18 342 160
17 343 73
18 343 136
17 343 176
18 344 18
17 344 23
18 344 110
17 344 116
18 344 152
17 345 35
18 345 85
17 345 156
18 345 188
17 345 193
18 346 10
17 346 47
18 346 89
17 346 94
18 346 128
17 347 69
18 347 132
17 347 168
18 348 0
17 348 6
18 348 59
17 348 106
18 348 136
17 348 141
18 349 18
17 349 81
18 349 180
17 349 185
18 350 22
17 350 27
18 350 63
17 350 118
18 351 39
17 351 153
18 352 43
17 352 48
18 352 93
17 352 98
18 352 130
17 352 137
18 353 0
17 353 15
18 353 66
17 353 71
18 353 165
17 353 170
18 354 4
17 354 110
18 355 8
17 355 36
18 355 60
17 355 83
18 355 182
17 355 187
18 356 27
17 356 122
18 356 148
17 357 67
18 357 152
17 357 157
18 358 0
17 358 48
18 358 63
17 358 95
18 358 134
17 359 4
18 359 16
17 359 21
18 359 138
17 359 169
18 360 79
17 360 107
18 360 142
17 360 181
18 361 33
17 361 83
18 361 146
17 361 153
18 361 193
17 362 37
18 362 59
17 362 119
18 362 131
17 363 0
18 363 63
17 363 68
18 363 135
17 363 165
18 364 14
17 364 95
18 364 139
17 365 18
18 365 30
17 365 49
18 365 143
17 365 148
18 365 177
17 365 190
18 366 107
17 366 112
18 366 181
17 367 64
18 367 79
17 367 128
18 367 160
17 368 34
18 368 83
17 368 88
18 368 124
17 369 0
18 369 12
17 369 140
18 369 164
17 369 169
18 369 184
17 370 100
18 371 16
17 371 21
18 371 46
17 371 51
18 371 75
17 371 152
18 371 188
17 371 193
18 372 79
17 372 84
18 372 112
17 372 117
18 373 63
17 373 129
18 373 180
17 374 9
18 374 33
17 374 38
18 374 67
17 374 96
18 374 164
17 375 71
18 375 141
17 375 146
18 375 168
17 375 176
18 376 0
17 376 108
18 376 172
17 376 188
18 377 4
17 377 21
18 377 50
17 377 55
18 377 158
17 378 34
18 378 83
17 378 88
18 378 120
17 378 125
18 379 137
17 379 142
18 379 162
17 380 8
18 380 46
17 380 67
18 380 100
17 380 166
18 381 0
17 381 51
18 381 79
17 381 104
18 381 154
17 381 178
18 382 116
17 382 121
18 382 158
17 382 190
18 383 20
17 383 25
18 383 83
17 383 134
18 384 3
17 384 37
18 384 87
17 384 92
18 385 62
17 385 146
18 385 161
17 386 7
18 386 66
17 386 71
18 386 165
17 386 170
18 387 49
17 387 104
18 387 116
17 387 130
18 387 182
17 388 19
18 388 53
17 388 83
18 388 120
17 388 186
18 389 0
17 389 31
18 389 57
17 389 142
18 389 157
17 390 61
18 390 95
17 390 161
18 391 43
17 391 99
18 391 123
17 392 4
18 392 47
17 392 73
18 392 114
17 392 173
18 393 51
17 393 119
18 393 131
17 393 136
18 393 153
17 394 16
18 394 55
17 394 85
18 394 185
17 394 190
18 395 28
17 395 33
18 395 110
17 395 149
18 396 59
17 396 64
18 396 161
17 396 166
18 397 0
17 397 45
18 397 97
17 397 106
18 398 4
17 398 9
18 398 76
17 398 81
18 398 101
17 398 128
18 398 178
17 398 186
18 399 118
17 399 140
18 399 182
17 400 21
18 400 93
17 400 158
18 401 33
17 401 38
18 401 56
17 402 0
18 402 60
17 402 65
18 402 97
17 402 102
18 402 121
17 402 170
18 403 50
17 403 77
18 403 114
17 404 12
18 404 89
17 404 125
18 404 150
17 404 182
18 404 194
17 405 30
18 405 93
17 405 137
18 405 154
17 406 54
18 406 117
17 406 158
18 407 24
17 407 42
18 407 97
17 408 0
18 408 66
17 408 71
18 408 101
17 408 106
18 408 170
17 408 175
18 409 83
17 409 121
18 409 148
17 409 191
18 410 12
17 410 17
18 410 87
17 410 133
18 410 152
17 411 29
18 411 91
17 412 51
18 412 63
17 412 95
18 412 156
17 412 161
18 412 186
17 413 67
18 413 116
17 414 0
18 414 41
17 414 79
18 414 107
17 414 145
18 414 173
17 414 182
18 415 12
17 415 112
18 415 124
17 415 129
18 415 177
17 415 194
18 416 16
17 416 21
18 416 45
17 416 91
18 417 33
17 417 60
18 417 157
17 418 141
18 418 161
17 418 166
18 419 37
17 419 72
18 419 103
17 419 108
18 420 0
17 420 5
18 420 41
17 420 46
18 420 84
17 420 121
18 420 153
17 420 178
18 420 190
17 421 17
18 421 133
17 421 194
18 422 29
17 422 88
18 422 157
17 422 162
18 423 33
17 423 58
18 423 100
17 423 137
18 424 37
17 424 42
18 424 104
17 424 117
18 424 149
17 424 174
18 425 0
17 425 70
18 425 82
17 425 187
18 426 4
17 426 9
18 426 108
17 426 153
18 427 21
17 427 26
18 427 112
17 427 129
18 428 53
17 428 86
18 428 98
17 428 165
18 429 38
17 429 57
18 429 102
17 429 141
18 430 0
17 430 5
18 430 42
17 430 116
18 430 177
17 430 182
18 431 46
17 431 69
18 431 81
17 431 194
18 432 17
17 432 22
18 432 50
17 432 153
18 433 34
17 433 95
18 433 107
17 433 128
18 434 38
17 434 111
18 434 165
17 434 170
18 435 0
17 435 42
18 435 54
17 435 59
18 435 83
17 435 140
18 436 4
17 436 9
18 436 87
17 436 182
18 437 71
17 437 91
18 437 123
17 437 194
18 438 21
17 438 26
18 438 75
17 438 104
18 438 152
17 438 157
18 439 79
17 439 127
18 440 0
17 440 5
18 440 38
17 440 51
18 440 83
17 440 169
18 441 42
17 441 63
18 441 116
17 441 139
18 442 17
17 442 22
18 442 46
17 442 87
18 442 120
17 442 153
18 442 181
17 442 186
18 443 75
17 443 99
18 444 34
17 444 165
18 445 0
17 445 38
18 445 79
17 445 111
18 445 123
17 445 128
18 446 4
17 446 9
18 446 50
17 446 55
18 446 177
17 446 182
18 447 67
17 447 83
18 447 140
17 447 145
18 448 21
17 448 26
18 448 71
17 448 95
18 448 157
17 448 194
18 449 75
17 449 107
18 449 161
17 450 0
18 450 121
17 450 165
18 451 38
17 451 43
18 451 125
17 451 130
18 451 177
17 452 12
18 452 55
17 452 60
18 452 78
17 452 181
18 453 72
17 453 82
18 453 142
17 453 147
18 454 24
17 454 29
18 454 94
17 454 99
18 454 117
17 454 159
18 454 193
17 455 121
18 456 0
17 456 5
18 456 75
17 456 171
18 457 41
17 457 46
18 457 111
17 457 133
18 458 17
17 458 25
18 458 58
17 458 63
18 458 183
17 458 188
18 459 21
17 459 79
18 459 91
17 459 115
18 459 145
17 459 150
18 460 37
17 460 95
18 460 107
17 460 162
18 461 0
17 461 42
18 461 127
17 462 4
18 462 74
17 462 174
18 463 16
17 463 54
18 463 110
17 463 131
18 464 20
17 464 25
18 464 66
17 464 88
18 464 143
17 464 186
18 465 37
17 465 70
18 465 82
17 465 106
18 465 118
17 465 147
18 466 100
17 466 159
18 467 0
17 467 13
18 467 41
17 467 46
18 467 122
17 467 127
18 468 4
17 468 171
18 469 8
17 469 58
18 469 84
17 469 139
18 470 25
17 470 30
18 470 88
17 470 93
18 470 116
17 470 183
18 471 70
17 471 123
18 471 151
17 472 0
18 472 42
17 472 74
18 472 105
17 472 155
18 473 12
17 473 17
18 473 46
17 473 51
18 473 109
17 473 135
18 473 167
17 474 89
18 474 113
17 474 171
18 474 194
17 475 117
18 475 147
17 476 29
18 476 63
17 476 68
18 476 101
17 476 151
18 476 183
17 476 190
18 477 41
17 477 47
18 477 84
17 477 105
18 477 129
17 478 0
18 478 12
17 478 163
18 479 16
17 479 80
18 479 133
17 479 138
18 480 20
17 480 25
18 480 59
17 480 64
18 480 92
17 480 175
18 481 96
17 481 101
18 481 116
17 481 121
18 482 37
17 482 42
18 482 150
17 482 155
18 482 187
17 482 192
18 483 10
17 483 76
18 484 0
17 484 14
18 484 54
17 484 60
18 484 133
17 484 167
18 485 4
17 485 88
18 485 112
17 485 117
18 485 137
17 485 142
18 486 26
17 486 31
18 486 179
17 486 184
18 487 100
17 488 8
18 488 43
17 488 48
18 488 71
17 488 104
18 488 129
17 488 154
18 489 0
17 489 75
18 489 133
17 489 138
18 490 20
17 490 27
18 490 60
17 490 166
18 491 64
17 491 87
18 491 116
17 491 121
18 491 178
17 491 193
18 492 3
17 492 39
18 492 68
17 492 99
18 492 182
17 493 134
18 493 149
17 494 16
18 494 51
17 0 229
18 0 241
17 0 246
18 0 258
17 0 263
18 0 275
17 0 280
18 0 292
17 0 297
18 0 309
17 0 314
18 0 326
17 0 331
18 0 343
17 0 348
18 0 360
17 0 365
18 0 377
17 0 382
18 0 394
17 0 399
18 0 411
17 0 416
18 0 428
17 0 433
18 0 445
17 0 450
18 0 462
17 0 467
18 0 479
17 0 484
18 5 239
17 5 255
18 5 273
17 5 289
18 5 307
17 5 323
18 5 341
17 5 357
18 5 375
17 5 391
18 5 409
17 5 425
18 5 443
17 5 459
18 5 477
17 6 243
18 6 267
17 6 277
18 6 301
17 6 311
18 6 335
17 6 345
18 6 369
17 6 379
18 6 403
17 6 413
18 6 437
17 6 447
18 6 471
17 6 481
18 6 493
17 10 232
18 10 269
17 10 298
18 10 337
17 10 366
18 10 405
17 10 434
18 10 473
17 11 252
18 11 264
17 11 273
18 11 287
17 11 320
18 11 332
17 11 341
18 11 355
17 11 388
18 11 400
17 11 409
18 11 423
17 11 456
18 11 468
17 11 477
18 11 491
17 14 291
18 14 309
17 14 359
18 14 377
17 14 427
18 14 445
17 15 241
18 15 266
17 15 313
18 15 334
17 15 381
18 15 402
17 15 449
18 15 470
17 16 486
18 17 221
17 17 253
18 17 270
17 17 275
18 17 303
17 17 330
18 17 342
17 17 347
18 17 371
17 17 398
18 17 410
17 17 415
18 17 439
17 17 466
18 17 478
17 18 287
18 18 325
17 19 237
18 19 307
17 19 375
18 19 392
17 19 443
18 19 460
17 20 359
18 20 427
17 20 482
18 21 264
17 21 271
18 21 299
17 21 311
18 21 387
17 21 411
18 21 431
17 21 456
18 22 229
17 22 249
18 22 303
17 22 326
18 22 340
17 23 233
18 23 283
17 23 344
18 23 394
17 23 399
18 23 423
17 23 435
18 23 468
17 24 287
18 24 370
17 24 472
18 24 493
17 25 261
18 25 306
17 25 374
18 25 389
17 25 447
18 26 299
17 26 320
18 26 337
17 26 356
18 26 426
17 27 245
18 27 273
17 27 395
18 27 410
17 27 430
18 27 459
17 27 484
18 27 496
17 28 277
18 28 309
17 28 333
18 28 414
17 28 463
18 29 230
17 29 257
18 29 302
17 29 368
18 29 385
17 29 418
18 29 442
17 30 289
18 30 313
17 30 345
18 30 389
17 31 234
18 31 269
17 31 446
18 31 475
17 31 480
18 32 305
17 32 317
18 32 357
17 32 404
18 32 458
17 33 246
18 33 273
17 33 329
18 33 361
17 33 380
18 33 392
17 33 430
18 33 492
17 34 277
18 34 300
17 34 341
18 34 396
17 34 462
18 35 258
17 35 365
18 35 416
17 35 442
18 36 262
17 36 289
18 36 307
17 36 312
18 36 353
17 36 400
18 36 420
17 36 474
18 36 495
17 37 233
18 37 266
17 37 424
18 37 454
17 38 270
18 38 302
17 38 324
18 38 357
17 38 458
18 38 486
17 39 245
18 39 336
17 39 361
18 39 376
17 39 381
18 39 393
17 39 412
18 39 436
17 40 257
18 40 282
17 40 308
18 40 340
17 40 345
18 40 490
17 41 440
18 41 470
17 42 286
18 42 298
17 42 320
18 42 396
17 42 452
18 42 474
17 42 479
18 42 494
17 43 230
18 43 302
17 43 333
18 43 372
17 43 377
18 43 400
17 43 405
18 43 423
17 43 428
18 44 268
17 44 273
18 44 356
17 45 242
18 45 360
17 45 389
18 45 417
17 45 464
18 46 254
17 46 306
18 46 345
17 46 364
18 46 490
17 47 258
18 47 296
17 47 329
18 47 349
17 47 401
18 47 439
17 47 444
18 47 494
17 48 421
18 48 456
17 48 476
18 49 235
17 49 282
18 49 300
17 49 376
18 49 413
17 49 460
18 50 270
17 50 341
18 50 353
17 50 358
18 50 433
17 51 239
18 51 251
17 51 315
18 51 388
17 51 393
18 51 488
17 52 294
18 52 306
17 52 417
18 52 437
17 52 472
18 52 492
17 53 255
18 53 273
17 53 278
18 53 310
17 53 327
18 53 370
17 53 405
18 53 441
17 53 446
18 54 233
17 54 354
18 54 429
17 55 374
18 55 433
17 55 458
18 55 484
17 56 290
18 56 339
17 56 386
18 56 488
17 57 237
18 57 249
17 57 267
18 57 304
17 57 311
18 57 343
17 57 398
18 57 437
17 57 442
18 57 492
17 58 323
18 58 347
17 58 414
18 58 426
17 58 470
18 59 230
17 59 253
18 59 279
17 59 363
18 59 410
17 59 454
18 60 283
17 60 335
18 60 351
17 60 430
18 60 482
17 61 299
18 61 355
17 61 375
18 61 486
17 62 287
18 62 387
17 62 392
18 62 490
17 63 231
18 63 243
17 63 248
18 63 264
17 63 269
18 63 311
17 63 316
18 63 347
17 63 359
18 63 404
17 63 442
18 63 465
17 64 328
18 64 408
17 64 413
18 64 425
17 64 469
18 64 494
17 65 371
18 65 454
17 65 481
18 66 260
17 66 281
18 66 340
17 66 384
18 66 429
17 67 244
18 67 297
17 67 302
18 67 344
17 67 349
18 67 433
17 67 438
18 67 458
17 68 264
18 68 396
17 68 401
18 68 462
17 69 314
18 69 361
17 69 366
18 69 423
17 70 276
18 70 292
17 70 326
18 70 413
17 70 450
18 70 466
17 70 471
18 70 491
17 71 237
18 71 255
17 71 298
18 71 338
17 71 345
18 71 378
17 71 419
18 71 483
17 72 259
18 72 382
17 72 387
18 72 431
17 72 487
18 73 249
17 73 310
18 73 357
17 73 362
18 73 435
17 74 271
18 74 287
17 74 399
18 74 439
17 74 444
18 74 461
17 74 467
18 75 291
17 75 322
18 75 340
17 75 374
18 75 411
17 76 253
18 76 334
17 76 415
18 76 456
17 76 479
18 77 237
17 77 295
18 77 344
17 77 349
18 77 427
17 77 432
18 78 241
17 78 265
18 78 282
17 78 386
18 78 491
17 79 307
18 79 337
17 79 361
18 79 459
17 80 245
18 80 277
17 80 398
18 80 410
17 80 444
18 80 463
17 80 468
18 80 495
17 81 286
18 81 319
17 81 324
18 81 341
17 81 373
18 82 236
17 82 257
18 82 345
17 82 414
18 82 426
17 82 480
18 83 240
17 83 298
18 83 349
17 83 354
18 83 430
17 83 456
18 84 229
17 84 269
18 84 281
17 84 385
18 84 434
17 84 439
18 84 492
17 85 310
18 85 335
17 85 366
18 85 408
17 86 233
18 86 245
17 86 250
18 86 339
17 86 468
18 87 284
17 87 289
18 87 322
17 87 343
18 87 378
17 87 397
18 87 424
17 87 451
18 88 262
17 88 326
18 88 411
17 88 428
18 88 480
17 88 485
18 89 227
17 89 301
18 89 355
17 89 360
18 89 415
17 90 246
18 90 266
17 90 271
18 90 381
17 90 463
18 91 313
17 91 338
18 91 372
17 91 385
18 91 419
17 91 440
18 92 230
17 92 283
18 92 317
17 92 322
18 92 376
17 92 406
18 92 423
17 92 475
18 93 234
17 93 258
18 93 295
17 93 350
18 93 397
17 94 238
18 94 401
17 94 427
18 94 452
17 94 457
18 94 487
17 95 299
18 95 362
17 95 367
18 95 379
17 96 270
18 96 311
17 96 318
18 96 333
17 96 469
18 96 491
17 97 250
18 97 337
17 97 342
18 97 383
17 97 388
18 97 416
17 97 439
18 97 495
17 98 233
18 98 282
17 98 287
18 98 403
17 98 420
18 98 481
17 99 354
18 99 407
17 99 451
18 99 485
17 100 262
18 100 313
17 100 330
18 100 377
17 100 463
18 101 245
17 101 299
18 101 366
17 101 384
18 101 399
17 101 432
18 101 489
17 102 228
18 102 274
17 102 279
18 102 317
17 102 411
18 102 475
17 103 249
18 103 321
17 103 342
18 103 370
17 103 444
18 103 479
17 104 325
18 104 374
17 104 483
18 104 495
17 105 291
18 105 310
17 105 354
18 105 378
17 105 396
18 105 423
17 105 428
18 105 456
17 106 261
18 106 314
17 106 460
18 106 472
17 107 237
18 107 273
17 107 337
18 107 366
17 107 382
18 107 476
17 108 277
18 108 303
17 108 318
18 108 370
17 108 408
18 108 440
17 109 249
18 109 307
17 109 349
18 109 374
17 109 420
18 109 444
17 110 448
18 110 479
17 110 484
18 111 229
17 111 289
18 111 311
17 111 330
18 111 361
17 111 378
18 111 393
17 111 432
18 111 470
17 112 261
18 112 365
17 112 397
18 112 460
17 113 234
18 113 273
17 113 342
18 113 369
17 113 466
18 114 277
17 114 301
18 114 314
17 114 409
18 114 495
17 115 246
18 115 281
17 115 318
18 115 354
17 115 373
18 115 389
17 115 421
18 115 443
17 115 478
18 116 285
17 116 358
18 116 447
17 116 452
18 116 490
17 117 270
18 117 289
17 117 330
18 117 393
17 118 258
18 118 293
17 118 397
18 118 433
17 119 237
18 119 297
17 119 310
18 119 342
17 119 437
18 119 464
17 119 469
18 119 493
17 120 282
18 120 301
17 120 346
18 120 369
17 120 382
18 120 409
17 120 414
18 121 249
17 121 322
18 121 373
17 121 481
18 122 253
17 122 358
18 122 377
17 122 449
18 123 268
17 123 294
18 123 334
17 123 426
18 123 461
17 124 272
18 124 306
17 124 338
18 124 393
17 124 398
18 124 465
17 125 237
18 125 256
17 125 310
18 125 370
17 125 410
18 125 438
17 125 469
18 125 492
17 126 260
18 126 284
17 126 350
18 126 374
17 126 379
18 126 442
17 127 288
18 127 322
17 127 422
18 127 481
17 128 326
18 128 362
17 128 394
18 128 446
17 128 451
18 128 485
17 129 229
18 129 248
17 129 300
18 129 366
17 129 434
18 129 463
17 130 252
18 130 271
17 130 276
18 130 338
17 130 343
18 130 370
17 130 375
18 130 406
17 131 312
18 131 389
17 131 410
18 131 467
17 131 472
18 131 488
17 132 355
18 132 492
17 133 264
18 133 288
17 133 293
18 133 422
17 133 427
18 133 445
17 134 238
18 134 324
17 134 329
18 134 367
17 134 393
18 134 449
17 134 454
18 134 484
17 135 305
18 135 371
17 135 405
18 135 439
17 135 468
18 135 495
17 136 250
18 136 276
17 136 281
18 136 341
17 136 346
18 136 375
17 136 380
18 136 488
17 137 317
18 137 417
17 137 423
18 137 480
17 138 358
18 138 442
17 138 450
18 139 262
17 139 267
18 139 293
17 139 298
18 139 435
17 139 463
18 139 484
17 140 236
18 140 329
17 140 334
18 140 370
17 140 376
18 140 391
17 140 396
18 140 490
17 141 310
18 141 408
17 141 413
18 141 445
17 142 248
18 142 279
17 142 284
18 142 346
17 142 351
18 142 438
17 142 475
18 142 494
17 143 263
18 143 322
17 143 425
18 144 326
17 144 363
18 144 387
17 144 392
18 144 448
17 144 453
18 144 487
17 145 231
18 145 275
17 145 296
18 145 330
17 145 405
18 145 441
17 146 243
18 146 334
17 146 339
18 146 375
17 146 465
18 146 491
17 147 257
18 147 279
17 147 308
18 147 379
17 147 417
18 147 436
17 148 283
18 148 320
17 148 351
18 148 383
17 148 388
18 148 444
17 148 449
18 148 477
17 149 324
18 149 429
17 149 481
18 149 494
17 150 269
18 150 363
17 150 368
18 150 400
17 150 461
18 151 236
17 151 252
18 151 295
17 151 300
18 151 404
17 151 409
18 151 433
17 152 240
18 152 336
17 152 341
18 152 380
17 152 437
18 152 473
17 153 312
18 153 384
17 153 421
18 154 264
17 154 281
18 154 353
17 154 358
18 154 388
17 154 393
18 154 449
17 154 454
18 154 477
17 155 296
18 155 324
17 155 329
18 155 481
17 155 486
18 156 229
17 156 234
18 156 268
17 156 370
18 156 405
17 156 433
18 156 466
17 157 249
18 157 272
17 157 308
18 157 409
17 157 414
18 157 470
17 158 276
18 158 341
17 158 346
18 158 382
17 158 389
18 158 445
17 158 450
18 158 474
17 159 261
18 159 291
17 159 320
18 159 426
17 159 478
18 160 358
17 160 363
18 160 401
17 160 462
18 161 229
17 161 243
18 161 295
17 161 300
18 161 332
17 161 405
18 161 490
17 162 336
18 162 375
17 162 383
18 162 429
17 162 434
18 162 494
17 163 255
18 163 272
17 163 312
18 163 379
17 163 417
18 163 446
17 163 474
18 164 237
17 164 276
18 164 288
17 164 348
18 164 395
17 164 450
18 165 267
17 165 292
18 165 324
17 165 399
18 165 486
17 166 328
18 166 360
17 166 365
18 166 462
17 167 241
18 167 304
17 167 411
18 167 428
17 167 466
18 167 490
17 168 271
18 168 308
17 168 340
18 168 377
17 168 382
18 168 432
17 168 437
18 168 494
17 169 253
18 169 286
17 169 312
18 169 394
17 169 478
18 170 230
17 170 324
18 170 352
17 170 357
18 170 423
17 170 449
18 171 234
17 171 290
18 171 398
17 171 403
18 171 461
17 172 265
18 172 282
17 172 336
18 172 369
17 172 374
18 172 427
17 172 433
18 172 490
17 173 238
18 173 302
17 173 307
18 173 415
17 173 465
18 173 494
17 174 278
18 174 348
17 174 353
18 174 386
17 174 391
18 174 419
17 174 445
18 175 228
17 175 250
18 175 319
17 175 477
18 176 232
17 176 323
18 176 365
17 176 370
18 176 423
17 176 428
18 176 457
17 177 290
18 177 403
17 177 408
18 177 489
17 178 262
18 178 302
17 178 335
18 178 382
17 178 387
18 178 440
17 178 461
18 178 493
17 179 237
18 179 274
17 179 306
18 179 347
17 179 473
18 180 229
17 180 278
18 180 318
17 180 351
18 180 399
17 180 420
18 180 444
17 180 449
18 181 249
17 181 363
18 181 485
17 182 253
18 182 322
17 182 327
18 182 375
17 182 383
18 182 403
17 182 432
18 182 489
17 183 290
18 183 379
17 183 407
18 183 493
17 184 265
18 184 302
17 184 339
18 184 395
17 184 445
18 184 460
17 184 465
18 185 237
17 185 306
18 185 318
17 185 477
18 186 241
17 186 246
18 186 277
17 186 323
18 186 351
17 186 356
18 186 399
17 186 419
18 187 281
17 187 286
18 187 368
17 187 373
18 187 489
17 188 227
18 188 258
17 188 335
18 188 385
17 188 403
18 188 431
17 188 436
18 188 456
17 188 461
18 188 493
17 189 298
18 189 389
17 190 242
18 190 262
17 190 267
18 190 316
17 190 347
18 190 393
17 190 415
18 190 448
17 190 473
18 191 310
17 191 365
18 191 397
17 191 485
18 192 254
17 192 279
18 192 320
17 192 325
18 192 359
17 192 382
18 192 427
17 192 432
18 192 452
17 192 457
18 193 237
17 193 291
18 193 377
17 194 258
18 194 313
17 194 337
18 194 400
17 194 405
18 194 444
17 194 469
18 195 303
17 196 241
18 196 270
17 196 275
18 196 307
17 196 317
18 196 349
17 196 354
18 196 393
17 196 417
18 196 448
17 196 453
18 196 481
17 197 366
18 197 485
17 198 253
18 198 287
17 198 329
18 198 378
17 198 389
18 198 429
17 198 434
18 198 489
17 199 291
18 199 310
17 199 401
18 199 465
17 200 237
18 200 265
17 200 271
18 200 303
17 200 341
18 200 382
17 200 413
18 200 469
17 200 474
18 200 493
17 201 446
18 202 283
17 202 314
18 202 353
17 202 358
18 202 425
17 202 430
18 202 458
17 203 249
18 203 306
17 203 370
18 203 385
17 203 462
18 203 486
17 204 261
18 204 287
17 204 326
18 204 389
17 204 394
18 204 490
17 205 291
18 205 406
17 205 442
18 205 494
17 206 237
18 206 273
17 206 310
18 206 338
17 206 343
18 206 410
17 206 415
18 206 474
17 206 479
18 207 277
17 207 382
18 207 454
17 208 322
18 208 355
17 208 360
18 208 427
17 208 458
18 209 249
17 209 254
18 209 281
17 209 286
18 209 302
17 209 403
18 209 431
17 209 436
18 209 470
17 210 230
18 210 266
17 210 306
18 210 334
17 210 339
18 210 372
17 210 475
18 210 490
17 211 270
18 211 376
17 212 242
18 212 298
17 212 318
18 212 351
17 212 356
18 212 392
17 212 415
18 212 448
17 212 453
18 212 494
17 213 282
18 213 380
17 213 396
18 213 427
17 213 432
18 214 330
17 214 335
18 214 368
17 214 465
18 214 486
17 215 254
18 215 294
17 215 302
18 215 372
17 215 384
18 215 408
17 216 237
18 216 266
17 216 314
18 216 347
17 216 352
18 216 376
17 216 444
18 216 477
17 216 482
18 217 270
17 217 275
18 217 494
17 218 326
18 218 364
17 218 412
18 218 424
17 218 456
18 219 249
17 219 287
18 219 368
17 219 380
18 219 395
17 219 400
18 219 428
17 220 263
18 220 338
17 220 343
18 220 372
17 220 432
18 220 468
17 220 473
18 221 253
17 221 299
18 222 235
17 222 240
18 222 257
17 222 311
18 222 355
17 222 360
18 222 444
17 222 449
18 222 485
17 223 275
18 223 375
17 223 392
18 223 422
17 224 323
18 224 335
17 224 409
18 224 426
17 224 461
18 224 489
17 225 287
18 225 339
17 225 379
18 225 404
17 226 197
18 226 216
17 226 229
18 226 251
17 226 258
18 226 270
17 226 343
18 226 371
17 226 430
18 226 473
17 226 478
18 226 493
17 227 299
18 227 355
17 227 442
18 228 209
17 228 311
18 228 359
17 228 367
18 228 420
17 228 454
18 229 219
17 229 241
18 229 273
17 229 278
18 229 333
17 229 391
18 229 424
17 230 223
18 230 253
17 230 337
18 230 403
17 230 408
18 230 466
17 230 474
18 230 489
17 231 290
18 231 323
17 231 352
18 231 379
17 232 198
18 232 211
17 232 257
18 232 269
17 232 428
18 232 493
17 233 235
18 233 302
17 233 307
18 233 327
17 233 383
18 233 420
17 233 440
18 233 469
17 234 215
18 234 273
17 234 331
18 234 364
17 234 369
18 234 452
17 234 457
18 234 485
17 235 277
18 235 319
17 235 346
18 235 395
17 235 400
18 235 489
17 236 247
18 236 323
17 236 412
18 236 472
17 237 227
18 237 267
17 237 289
18 237 358
17 237 424
18 237 476
17 238 199
18 238 259
17 238 301
18 238 436
17 238 449
18 238 480
17 239 211
18 239 239
17 239 263
18 239 313
17 239 327
18 239 341
17 239 362
18 239 379
17 239 384
18 239 440
17 239 484
18 240 317
17 240 396
18 240 444
17 240 461
18 241 243
17 241 275
18 241 321
17 241 345
18 241 374
17 241 408
18 241 473
17 242 223
18 242 247
17 242 420
18 242 477
17 243 251
18 243 287
17 243 292
18 243 338
17 243 357
18 243 432
17 243 437
18 243 495
17 244 202
18 244 235
17 244 304
18 244 377
17 244 449
18 245 214
17 245 239
18 245 263
17 245 268
18 245 316
17 245 322
18 245 369
17 245 381
18 245 480
17 246 218
18 246 334
17 246 393
18 246 461
17 246 466
18 246 484
17 247 280
18 247 340
17 247 345
18 247 373
17 247 405
18 247 488
17 248 417
18 248 429
17 249 230
18 249 250
17 249 255
18 249 292
17 249 297
18 249 357
17 249 362
18 249 433
17 249 438
18 249 492
17 250 205
18 250 309
17 250 314
18 250 336
17 250 377
18 250 450
17 250 455
18 250 477
17 251 267
18 251 326
17 251 341
18 251 389
17 251 481
18 252 217
17 252 242
18 252 330
17 252 393
18 252 467
17 253 221
18 253 279
17 253 284
18 253 353
17 253 358
18 253 405
17 253 410
18 253 427
17 253 434
18 253 471
17 254 306
18 254 372
17 254 447
18 254 493
17 255 254
18 255 296
17 255 323
18 255 335
17 255 475
18 256 205
17 256 233
18 256 300
17 256 376
18 256 388
17 256 422
18 256 459
17 257 209
18 257 266
17 257 271
18 257 318
17 257 339
18 257 463
17 257 487
18 258 245
17 258 351
18 258 368
17 258 392
18 258 404
17 258 443
18 258 467
17 259 221
18 259 249
17 259 283
18 259 363
17 259 408
18 259 434
17 259 471
18 260 295
17 260 301
18 260 313
17 260 372
18 260 438
17 260 455
18 261 203
17 261 253
18 261 320
17 261 325
18 261 386
17 261 483
18 262 233
17 262 238
18 262 265
17 262 420
18 263 207
17 263 212
18 263 269
17 263 274
18 263 337
17 263 342
18 263 365
17 263 401
18 264 315
17 264 432
18 264 444
17 264 449
18 264 466
17 265 224
18 265 286
17 265 291
18 265 354
17 265 361
18 265 382
17 265 387
18 265 413
17 265 470
18 265 494
17 266 199
18 266 249
17 266 262
18 266 303
17 266 311
18 266 373
17 267 323
18 267 377
17 267 482
18 268 236
17 268 245
18 268 257
17 268 335
18 268 416
17 268 421
18 268 460
17 269 211
18 269 240
17 269 274
18 269 306
17 269 347
18 269 398
17 269 403
18 269 442
17 269 464
18 270 286
17 270 370
18 270 382
17 270 446
18 270 494
17 271 223
18 271 290
17 271 295
18 271 359
17 271 386
18 271 433
17 271 476
18 272 202
17 272 258
18 272 309
17 272 314
18 272 363
17 272 417
18 272 437
17 273 206
18 273 235
17 273 241
18 273 326
17 273 331
18 273 458
17 274 270
18 274 343
17 274 398
18 274 429
17 274 441
18 274 488
17 275 218
18 275 253
17 275 282
18 275 347
17 275 352
18 275 366
17 275 379
18 275 410
17 275 462
18 275 492
17 276 304
18 276 370
17 277 230
18 277 294
17 277 323
18 277 374
17 277 474
18 278 256
17 278 261
18 278 298
17 278 340
18 278 391
17 278 414
18 278 426
17 278 431
18 278 452
17 279 206
18 279 242
17 279 456
18 279 486
17 280 273
18 280 315
17 280 361
18 280 395
17 280 400
18 280 443
17 281 218
18 281 246
17 281 285
18 281 334
17 281 375
18 281 387
17 281 468
18 281 490
17 282 250
18 282 300
17 282 311
18 282 351
17 282 427
18 282 447
17 283 200
18 283 230
17 283 235
18 283 304
17 283 323
18 283 355
17 283 451
18 283 480
17 284 262
18 284 337
17 284 391
18 284 411
17 284 484
18 285 212
17 285 341
18 285 415
17 285 439
18 285 463
17 286 274
18 286 295
17 286 359
18 286 371
17 286 419
18 287 216
17 287 221
18 287 246
17 287 299
18 287 375
17 287 403
18 287 467
17 287 472
18 288 250
17 288 255
18 288 286
17 288 311
18 288 333
17 288 379
18 288 431
17 289 203
18 289 233
17 289 337
18 289 352
17 289 435
18 289 450
17 289 455
18 289 494
17 290 237
18 290 267
17 290 391
18 290 484
17 291 217
18 291 289
17 291 294
18 291 323
17 291 415
18 291 488
17 292 251
18 292 271
17 292 276
18 292 327
17 292 356
18 292 368
17 292 373
18 292 427
17 292 467
18 293 229
17 293 306
18 293 331
17 293 403
18 293 446
17 293 451
18 293 479
17 294 233
18 294 263
17 294 385
18 294 431
17 295 205
18 295 267
17 295 290
18 295 318
17 295 335
18 295 347
17 295 435
18 295 483
17 296 245
18 296 322
17 296 351
18 296 397
17 296 463
18 296 487
17 297 217
18 297 271
17 297 302
18 297 326
17 297 365
18 297 414
17 297 419
18 297 491
17 298 229
18 298 257
17 298 275
18 298 330
17 298 377
18 298 447
17 298 475
18 299 261
17 299 314
18 299 400
17 299 431
18 299 451
17 300 241
18 300 265
17 300 344
18 300 389
17 300 404
18 300 455
17 301 205
18 301 287
17 301 292
18 301 333
17 301 360
18 301 393
17 301 459
18 301 487
17 302 253
18 302 269
17 302 443
18 302 491
17 303 217
18 303 304
17 303 309
18 303 325
17 303 372
18 303 397
17 303 416
18 303 471
17 304 229
18 304 273
17 304 278
18 304 329
17 304 337
18 304 355
17 304 384
18 304 475
17 304 480
18 304 495
17 305 198
18 305 265
17 305 428
18 306 241
17 306 246
18 306 321
17 306 351
18 306 400
17 306 455
18 307 210
17 307 290
18 307 332
17 307 363
18 307 404
17 307 409
18 307 467
17 308 258
18 308 270
17 308 302
18 308 325
17 308 440
18 308 471
17 308 476
18 308 491
17 309 214
18 309 274
17 309 375
18 309 394
17 309 421
18 309 495
17 310 226
18 310 238
17 310 278
18 310 314
17 310 336
18 310 387
17 311 197
18 311 242
17 311 318
18 311 398
17 311 405
18 311 433
17 311 464
18 312 209
17 312 246
18 312 330
17 312 348
18 312 451
17 313 290
18 313 360
17 313 365
18 313 390
17 313 417
18 313 455
17 313 485
18 314 258
17 314 263
18 314 302
17 314 437
18 314 459
17 315 213
18 315 236
17 315 306
18 315 377
17 315 386
18 315 400
17 316 240
18 316 275
17 316 327
18 316 339
17 316 344
18 316 381
17 316 473
18 317 197
17 317 225
18 317 279
17 317 284
18 317 318
17 317 357
18 317 404
17 317 409
18 317 428
17 317 449
18 317 462
17 318 252
18 318 322
17 318 432
18 318 466
17 319 205
18 319 296
17 319 301
18 319 369
17 319 374
18 319 397
17 319 485
18 320 264
17 320 269
18 320 421
17 321 217
18 321 236
17 321 313
18 321 337
17 321 353
18 321 386
17 321 393
18 321 425
17 321 444
18 321 469
17 322 240
18 322 325
17 322 341
18 322 405
17 322 473
18 323 229
17 323 281
18 323 293
17 323 365
18 323 409
17 323 414
18 323 456
17 324 252
18 324 297
17 324 329
18 324 428
17 324 460
18 325 197
17 325 202
18 325 233
17 325 264
18 325 301
17 325 306
18 325 377
17 325 382
18 325 432
17 325 437
18 325 485
17 326 402
18 326 489
17 327 214
18 327 226
17 327 276
18 327 318
17 327 350
18 327 394
17 328 237
18 328 291
17 328 322
18 328 340
17 328 423
18 328 449
17 328 454
18 328 471
17 328 476
18 328 493
17 329 295
18 329 344
17 329 362
18 329 374
17 330 249
18 330 334
17 330 378
18 330 397
17 331 205
18 331 228
17 331 261
18 331 287
17 331 307
18 331 390
17 331 411
18 331 435
17 331 440
18 331 466
17 332 232
18 332 401
17 332 472
18 332 487
17 333 217
18 333 273
17 333 283
18 333 337
17 333 345
18 333 357
17 334 244
18 334 277
17 334 319
18 334 331
17 334 371
18 334 393
17 334 423
18 334 452
17 334 457
18 334 491
17 335 201
18 335 295
17 335 300
18 335 361
17 335 397
18 336 256
17 336 435
18 336 483
17 337 213
18 337 228
17 337 260
18 337 312
17 337 338
18 337 365
17 337 383
18 337 409
17 337 487
18 338 232
17 338 237
18 338 272
17 338 278
18 338 333
17 338 413
18 338 447
17 338 453
18 338 468
17 339 290
18 339 350
17 339 472
18 340 249
17 340 316
18 340 328
17 340 354
18 340 368
17 340 425
18 341 200
17 341 205
18 341 224
17 341 253
18 341 302
17 341 372
18 341 394
17 341 399
18 342 228
17 342 233
18 342 306
17 342 334
18 342 437
17 342 442
18 342 464
17 343 265
18 343 310
17 343 468
18 343 483
17 344 217
18 344 245
17 344 277
18 344 346
17 344 384
18 344 411
17 344 416
18 344 454
17 344 487
18 345 289
17 345 294
18 345 326
17 345 350
18 345 364
17 346 229
18 346 249
17 346 314
18 346 368
17 346 428
18 346 458
17 347 205
18 347 253
17 347 258
18 347 306
17 347 330
18 347 372
17 347 396
18 347 462
17 348 376
18 348 408
17 348 440
18 348 478
17 348 483
18 349 241
17 349 270
18 349 342
17 349 412
18 349 452
17 349 466
18 350 217
17 350 222
18 350 245
17 350 282
18 350 309
17 350 346
18 350 360
17 350 424
18 351 197
17 351 249
18 351 294
17 351 323
18 351 364
17 351 388
18 351 456
17 352 201
18 352 234
17 352 298
18 352 313
17 352 368
18 352 460
17 352 479
18 352 494
17 353 261
18 353 317
17 353 400
18 353 436
17 354 213
18 354 238
17 354 335
18 354 357
17 354 440
18 354 452
17 355 242
18 355 273
17 355 278
18 355 361
17 355 380
18 355 412
17 355 417
18 355 463
17 356 225
18 356 290
17 356 310
18 356 347
17 356 467
18 356 490
17 357 254
18 357 294
17 357 322
18 357 351
17 357 392
18 357 429
17 358 199
18 358 298
17 358 365
18 358 433
17 358 453
18 358 479
17 358 486
18 359 237
17 359 266
18 359 302
17 359 404
18 360 211
17 360 216
18 360 334
17 360 339
18 360 354
17 360 437
18 361 241
17 361 246
18 361 278
17 361 283
18 361 306
17 361 377
18 361 416
17 361 421
18 362 228
17 362 310
18 362 358
17 362 449
18 362 464
17 362 469
18 362 481
17 363 258
18 363 295
17 363 322
18 363 389
17 363 394
18 364 202
17 364 207
18 364 232
17 364 335
18 364 350
17 364 362
18 364 485
17 365 236
18 365 270
17 365 275
18 365 299
17 365 406
18 365 432
17 366 219
18 366 303
17 366 436
18 366 460
17 366 465
18 366 489
17 367 248
18 367 287
17 367 374
18 367 386
17 367 418
18 367 479
17 368 291
18 368 307
17 368 312
18 368 346
17 368 351
18 368 390
17 368 448
18 368 493
17 369 231
18 369 260
17 369 265
18 369 324
17 369 329
18 369 394
17 369 399
18 369 483
17 370 205
18 370 341
17 370 430
18 371 243
17 371 277
18 371 303
17 371 363
18 371 411
17 371 460
18 371 475
17 371 487
18 372 217
17 372 308
18 372 384
17 372 442
18 372 479
17 373 221
18 373 247
17 373 252
18 373 344
17 373 388
18 373 415
17 374 289
18 374 320
17 374 325
18 374 348
17 374 419
18 374 454
17 375 233
18 375 264
17 375 269
18 375 337
17 375 352
18 375 374
17 375 400
18 375 471
17 375 483
18 375 504
17 376 202
18 376 214
17 376 301
18 376 378
17 376 431
18 376 475
17 377 248
18 377 281
17 377 382
18 377 412
17 377 458
18 378 313
17 378 321
18 378 340
17 378 364
18 378 443
17 379 218
18 379 260
17 379 265
18 379 285
17 379 344
18 379 394
17 379 479
18 379 494
17 380 289
18 380 333
17 380 416
18 380 447
17 381 230
18 381 242
17 381 376
18 381 398
17 381 403
18 381 451
17 382 202
18 382 277
17 382 301
18 382 315
17 382 356
18 382 428
17 382 433
18 382 468
17 383 214
18 383 246
17 383 251
18 383 281
17 383 337
18 383 388
17 383 455
18 383 472
17 384 285
18 384 319
17 384 324
18 384 368
17 384 488
18 385 263
17 385 268
18 385 349
17 385 372
18 385 392
17 385 399
18 385 445
17 385 476
18 386 226
17 386 239
18 386 312
17 386 412
18 386 424
17 386 429
18 386 449
17 387 297
18 387 384
17 388 198
18 388 210
17 388 280
18 388 316
17 388 353
18 388 365
17 388 464
18 389 214
17 389 219
18 389 231
17 389 251
18 389 320
17 389 333
18 389 345
17 389 388
18 389 441
17 390 235
18 390 263
17 390 408
18 390 445
17 390 450
18 390 486
17 391 267
18 391 292
17 391 309
18 391 324
17 391 369
18 391 381
17 391 421
18 391 476
17 392 349
18 392 400
17 392 433
18 392 480
17 392 490
18 393 208
17 393 215
18 393 296
17 393 328
18 393 363
17 394 228
18 394 246
17 394 279
18 394 300
17 394 404
18 394 461
17 394 466
18 395 202
17 395 250
18 395 262
17 395 304
18 395 320
17 395 382
18 395 394
17 395 417
18 395 445
17 396 340
18 396 449
17 396 481
18 397 210
17 397 266
18 397 291
17 397 316
18 397 359
17 397 364
18 397 376
17 397 429
18 397 453
17 398 224
18 398 239
17 398 398
18 398 441
17 398 457
18 398 493
17 399 199
18 399 214
17 399 243
18 399 295
17 399 300
18 399 328
17 399 413
18 399 476
17 400 278
18 400 332
17 400 352
18 400 392
17 400 445
18 400 469
17 401 255
18 401 336
17 401 377
18 402 217
17 402 312
18 402 340
17 402 425
18 402 479
17 402 484
18 403 210
17 403 233
18 403 267
17 403 290
18 403 324
17 403 364
18 403 408
17 404 221
18 404 271
17 404 328
18 404 344
17 404 389
18 404 401
17 404 437
18 404 456
17 404 461
18 404 473
17 405 198
18 405 245
17 405 250
18 405 302
17 405 348
18 405 412
17 406 275
18 406 306
17 406 416
18 406 449
17 406 480
18 407 212
17 407 262
18 407 340
17 407 360
18 407 375
17 408 216
18 408 310
17 408 315
18 408 379
17 408 384
18 408 403
17 408 428
18 408 453
17 409 230
18 409 242
17 409 287
18 409 299
17 409 344
18 409 407
17 409 457
18 409 471
17 410 246
18 410 303
17 410 327
18 410 396
17 410 411
18 410 440
17 410 475
18 410 491
17 411 203
18 411 371
17 411 444
18 412 258
17 412 271
18 412 307
17 412 356
18 412 375
17 412 380
18 412 400
17 412 423
18 413 262
17 413 283
18 413 311
17 413 339
18 413 404
17 413 487
18 414 215
17 414 220
18 414 240
17 414 296
18 414 315
17 414 320
18 414 392
17 414 466
18 415 232
17 415 368
18 415 396
17 415 435
18 415 455
17 416 236
18 416 248
17 416 253
18 416 265
17 416 351
18 416 407
17 416 412
18 416 459
17 417 206
18 417 308
17 417 332
18 417 400
17 417 478
18 418 269
17 418 274
18 418 312
17 418 380
18 418 424
17 418 447
18 419 286
17 419 291
18 419 316
17 419 363
18 419 392
17 419 428
18 419 462
17 420 218
18 420 230
17 420 249
18 420 303
17 420 320
18 420 344
17 420 396
18 420 466
17 421 262
18 421 375
17 421 408
18 421 440
17 421 470
18 421 489
17 422 234
18 422 307
17 422 348
18 422 420
17 423 206
18 423 311
17 423 332
18 423 457
17 423 485
18 424 274
17 424 279
18 424 315
17 424 379
18 424 391
17 424 424
18 424 443
17 425 258
18 425 291
17 425 296
18 425 360
17 425 365
18 425 436
17 425 453
18 425 465
17 426 218
18 426 245
17 426 319
18 426 395
17 426 400
18 426 447
17 427 199
18 427 230
17 427 344
18 427 412
17 427 469
18 428 234
17 428 241
18 428 253
17 428 270
18 428 308
17 428 416
18 428 439
17 428 481
18 428 495
17 429 288
18 429 312
17 429 331
18 429 356
17 429 361
18 429 389
17 429 443
18 430 211
17 430 374
18 430 428
17 431 227
18 431 256
17 431 300
18 431 393
17 431 455
18 432 215
17 432 260
18 432 281
17 432 316
18 432 397
17 432 402
18 432 432
17 433 343
18 433 386
17 433 436
18 433 467
17 433 472
18 433 491
17 434 239
18 434 251
17 434 277
18 434 355
17 434 370
18 434 414
17 434 419
18 434 484
17 435 206
18 435 218
17 435 223
18 435 272
17 435 289
18 435 311
17 435 328
18 435 359
17 435 390
18 435 448
17 436 255
18 436 363
17 437 307
18 437 382
17 437 431
18 437 452
17 437 457
18 437 487
17 438 235
18 438 267
17 438 352
18 438 402
17 438 407
18 438 491
17 439 219
18 439 249
17 439 273
18 439 300
17 439 319
18 439 339
17 439 386
18 439 443
17 439 469
18 439 481
17 440 285
18 440 343
17 440 364
18 440 376
17 440 419
18 440 447
17 441 206
18 441 331
17 441 453
18 441 494
17 442 231
18 442 252
17 442 257
18 442 303
17 442 347
18 442 380
17 442 398
18 442 484
17 443 269
18 443 297
17 443 307
18 443 335
17 443 431
18 443 488
17 444 359
18 444 410
17 444 415
18 444 443
17 444 465
18 444 479
17 445 218
18 445 243
17 445 281
18 445 319
17 445 324
18 445 339
17 445 373
18 445 385
17 445 447
18 446 198
17 446 247
18 446 293
17 446 343
18 446 389
17 446 394
18 446 491
17 447 206
18 447 299
17 447 427
18 447 459
17 448 230
18 448 259
17 448 264
18 448 303
17 448 355
18 448 406
17 448 411
18 448 476
17 448 487
18 449 276
17 449 307
18 449 335
17 449 368
18 449 439
17 450 242
18 450 295
17 450 319
18 450 383
17 450 390
18 450 443
17 450 463
18 450 480
17 451 218
18 451 280
17 451 331
18 451 447
17 452 254
18 452 284
17 452 291
18 452 343
17 452 348
18 452 402
17 452 407
18 452 422
17 452 451
18 453 204
17 453 303
18 453 379
17 453 426
18 453 475
17 454 230
18 454 266
17 454 271
18 454 360
17 454 384
18 454 438
17 454 481
18 454 493
17 455 200
18 455 212
17 455 315
18 455 364
17 456 242
18 456 286
17 456 327
18 456 368
17 456 396
18 456 418
17 456 442
18 456 462
17 456 467
18 457 216
17 457 339
18 457 372
17 457 422
18 458 220
17 458 225
18 458 254
17 458 259
18 458 290
17 458 295
18 458 351
17 458 356
18 458 376
17 459 307
18 459 380
17 459 408
18 459 434
17 459 454
18 459 491
17 460 209
18 460 237
17 460 271
18 460 283
17 460 384
18 460 478
17 461 319
18 461 368
17 461 438
18 461 482
17 461 487
18 462 199
17 462 221
18 462 241
17 462 246
18 462 287
17 462 331
18 462 372
17 462 396
18 462 466
17 463 291
18 463 343
17 463 348
18 463 376
17 463 420
18 463 470
17 464 203
18 464 233
17 464 258
18 464 303
17 464 360
18 464 432
17 464 450
18 464 474
17 465 307
18 465 380
17 465 408
18 465 462
17 465 478
18 466 215
17 466 237
18 466 270
17 466 275
18 466 384
17 466 389
18 467 198
17 467 287
18 467 319
17 467 324
18 467 372
17 467 436
18 467 466
17 468 219
18 468 249
17 468 254
18 468 336
17 468 341
18 468 376
17 469 299
18 469 353
17 469 401
18 469 419
17 469 424
18 469 470
17 470 202
18 470 231
17 470 266
18 470 357
17 470 362
18 470 380
17 470 385
18 470 448
17 470 453
18 470 474
17 470 487
18 471 214
17 471 311
18 471 413
17 472 235
18 472 278
17 472 283
18 472 465
17 473 247
18 473 323
17 473 328
18 473 374
17 473 397
18 473 435
17 473 440
18 473 477
17 474 218
18 474 259
17 474 295
18 474 340
17 474 345
18 474 416
17 474 481
18 475 230
17 475 307
18 475 357
17 475 378
18 475 409
17 475 420
18 475 468
17 476 202
18 476 263
17 476 268
18 476 361
17 476 366
18 476 390
17 476 452
18 476 472
17 477 319
18 477 432
17 478 214
18 478 233
17 478 238
18 478 280
17 478 285
18 478 412
17 478 436
18 478 464
17 478 476
18 478 492
17 479 250
18 479 331
17 479 336
18 479 393
17 479 398
18 480 226
17 480 264
18 480 297
17 480 302
18 480 348
17 480 353
18 480 416
17 480 448
18 480 468
17 481 314
18 481 376
17 481 381
18 481 420
17 482 204
18 482 230
17 482 276
18 482 365
17 482 424
18 482 460
17 482 472
18 482 487
17 483 234
18 483 326
17 483 332
18 483 369
17 483 394
18 483 409
17 484 216
18 484 246
17 484 259
18 484 288
17 484 293
18 484 413
17 484 436
18 484 464
17 485 344
18 485 373
17 486 271
18 486 305
17 486 310
18 486 356
17 486 361
18 486 377
17 486 417
18 486 448
17 486 453
18 486 483
17 487 228
18 487 249
17 487 322
18 487 381
17 487 386
18 487 405
17 487 468
18 487 487
17 488 205
18 488 253
17 488 283
18 488 409
17 488 429
18 488 491
17 489 334
18 489 398
17 490 240
18 490 257
17 490 262
18 490 295
17 490 300
18 490 372
17 490 413
18 490 441
17 490 449
18 490 480
17 491 217
18 491 346
17 491 351
18 491 376
17 491 382
18 491 402
17 491 462
18 491 484
17 492 274
18 492 312
17 492 317
18 492 363
17 492 425
18 492 488
17 493 329
18 493 367
17 493 492
18 494 205
17 522 23
18 522 103
17 993 7
18 993 22
17 993 56
18 993 110
17 993 153
18 993 186
17 994 40
18 994 71
17 994 76
18 994 101
17 994 117
18 994 131
17 994 136
18 994 208
17 23 522
18 23 602
17 316 988
18 317 696
17 491 720
18 491 854
17 492 590
18 492 623
17 492 686
18 492 776
17 492 905
18 492 992
17 493 527
18 493 540
17 493 575
18 493 628
17 493 633
18 493 667
17 493 732
18 493 749
17 493 762
18 493 801
17 493 817
18 493 829
17 493 834
18 493 883
17 493 890
18 493 923
17 493 944
18 493 958
17 493 963
18 493 975
17 495 514
18 495 546
17 496 988
18 497 214
17 515 988
18 516 221
17 517 487
18 517 689
17 522 521
18 522 697
17 527 487
18 527 988
17 604 988
18 605 487
17 650 988
18 651 487
17 691 988
18 692 378
17 717 988
18 718 489
17 757 988
18 758 439
17 812 487
18 812 581
17 819 988
18 820 488
17 838 988
18 839 487
17 844 988
18 845 487
17 871 988
18 872 487
17 879 988
18 880 490
17 888 988
18 889 329
17 891 490
18 893 344
17 901 988
18 902 487
17 914 988
18 915 487
17 947 486
18 947 980
17 962 487
18 962 991
17 967 988
18 968 486
17 993 212
18 993 228
17 993 233
18 993 251
17 993 258
18 993 285
17 993 290
18 993 393
17 993 398
18 993 436
17 993 442
18 993 473
17 993 497
18 993 509
17 993 711
18 994 276
17 994 318
18 994 331
17 994 338
18 994 370
17 994 377
18 994 427
17 994 458
18 994 477
17 994 515
18 994 557
17 994 576
18 994 635
17 994 641
18 994 654
17 994 659
18 994 733
17 994 754
18 994 791
17 994 816
18 994 839
17 994 845
18 994 876
17 994 896
18 994 942
