142 0 0
93 0 2
93 0 19
143 30 30
93 0 36
93 20 0
93 20 37
93 40 0
93 40 37
93 0 53
93 0 70
93 0 87
93 20 54
93 20 71
93 20 88
93 40 54
93 40 71
93 40 88
93 47 17
93 60 0
93 60 34
93 60 51
93 60 68
93 60 85
93 67 17
93 80 0
93 80 34
93 80 51
93 80 68
93 80 85
93 87 17
93 100 0
93 100 34
93 100 51
93 100 68
93 100 85
93 0 104
93 0 121
93 0 138
93 0 155
93 0 172
93 0 189
93 0 206
93 0 223
93 20 105
93 20 122
93 20 139
93 20 156
93 20 173
93 20 190
93 20 207
93 20 224
93 40 105
93 40 122
93 40 139
93 40 156
93 40 173
93 40 190
93 40 207
93 40 224
93 60 102
93 60 119
93 60 136
93 60 153
93 60 170
93 60 187
93 60 204
93 60 221
93 80 102
93 80 119
93 80 136
93 80 153
93 80 170
93 80 187
93 80 204
93 80 221
93 100 102
93 100 119
93 100 136
93 100 153
93 100 170
93 100 187
93 100 204
93 100 221
93 107 17
93 120 0
93 120 34
93 120 51
93 120 68
93 120 85
93 120 102
93 120 119
93 120 136
93 120 153
93 120 170
93 120 187
93 120 204
93 120 221
93 127 17
93 140 0
93 140 34
93 140 51
93 140 68
93 140 85
93 140 102
93 140 119
93 140 136
93 140 153
93 140 170
93 140 187
93 140 204
93 140 221
93 147 17
93 160 0
93 160 34
93 160 51
93 160 68
93 160 85
93 160 102
93 160 119
93 160 136
93 160 153
93 160 170
93 160 187
93 160 204
93 160 221
93 167 17
93 180 0
93 180 34
93 180 51
93 180 68
93 180 85
93 180 102
93 180 119
93 180 136
93 180 153
93 180 170
93 180 187
93 180 204
93 180 221
93 187 17
93 200 0
93 200 34
93 200 51
93 200 68
93 200 85
93 200 102
93 200 119
93 200 136
93 200 153
93 200 170
93 200 187
93 200 204
93 200 221
93 207 17
93 220 0
93 220 34
93 220 51
93 220 68
93 220 85
93 220 102
93 220 119
93 220 136
93 220 153
93 220 170
93 220 187
93 220 204
93 220 221
93 0 240
93 0 257
93 0 274
93 0 291
93 0 308
93 0 325
93 0 342
93 0 359
93 0 376
93 0 393
93 0 410
93 0 427
93 0 444
93 0 461
93 0 478
93 0 495
93 20 241
93 20 258
93 20 275
93 20 292
93 20 309
93 20 326
93 20 343
93 20 360
93 20 377
93 20 394
93 20 411
93 20 428
93 20 445
93 20 462
93 20 479
93 20 496
93 40 241
93 40 258
93 40 275
93 40 292
93 40 309
93 40 326
93 40 343
93 40 360
93 40 377
93 40 394
93 40 411
93 40 428
93 40 445
93 40 462
93 40 479
93 40 496
93 60 238
93 60 255
93 60 272
93 60 289
93 60 306
93 60 323
93 60 340
93 60 357
93 60 374
93 60 391
93 60 408
93 60 425
93 60 442
93 60 459
93 60 476
93 60 493
93 80 238
93 80 255
93 80 272
93 80 289
93 80 306
93 80 323
93 80 340
93 80 357
93 80 374
93 80 391
93 80 408
93 80 425
93 80 442
93 80 459
93 80 476
93 80 493
93 100 238
93 100 255
93 100 272
93 100 289
93 100 306
93 100 323
93 100 340
93 100 357
93 100 374
93 100 391
93 100 408
93 100 425
93 100 442
93 100 459
93 100 476
93 100 493
93 120 238
93 120 255
93 120 272
93 120 289
93 120 306
93 120 323
93 120 340
93 120 357
93 120 374
93 120 391
93 120 408
93 120 425
93 120 442
93 120 459
93 120 476
93 120 493
93 140 238
93 140 255
93 140 272
93 140 289
93 140 306
93 140 323
93 140 340
93 140 357
93 140 374
93 140 391
93 140 408
93 140 425
93 140 442
93 140 459
93 140 476
93 140 493
93 160 238
93 160 255
93 160 272
93 160 289
93 160 306
93 160 323
93 160 340
93 160 357
93 160 374
93 160 391
93 160 408
93 160 425
93 160 442
93 160 459
93 160 476
93 160 493
93 180 238
93 180 255
93 180 272
93 180 289
93 180 306
93 180 323
93 180 340
93 180 357
93 180 374
93 180 391
93 180 408
93 180 425
93 180 442
93 180 459
93 180 476
93 180 493
93 200 238
93 200 255
93 200 272
93 200 289
93 200 306
93 200 323
93 200 340
93 200 357
93 200 374
93 200 391
93 200 408
93 200 425
93 200 442
93 200 459
93 200 476
93 200 493
93 220 238
93 220 255
93 220 272
93 220 289
93 220 306
93 220 323
93 220 340
93 220 357
93 220 374
93 220 391
93 220 408
93 220 425
93 220 442
93 220 459
93 220 476
93 220 493
93 227 17
93 240 0
93 240 34
93 240 51
93 240 68
93 240 85
93 240 102
93 240 119
93 240 136
93 240 153
93 240 170
93 240 187
93 240 204
93 240 221
93 240 238
93 240 255
93 240 272
93 240 289
93 240 306
93 240 323
93 240 340
93 240 357
93 240 374
93 240 391
93 240 408
93 240 425
93 240 442
93 240 459
93 240 476
93 240 493
93 247 17
93 260 0
93 260 34
93 260 51
93 260 68
93 260 85
93 260 102
93 260 119
93 260 136
93 260 153
93 260 170
93 260 187
93 260 204
93 260 221
93 260 238
93 260 255
93 260 272
93 260 289
93 260 306
93 260 323
93 260 340
93 260 357
93 260 374
93 260 391
93 260 408
93 260 425
93 260 442
93 260 459
93 260 476
93 260 493
93 267 17
93 280 0
93 280 34
93 280 51
93 280 68
93 280 85
93 280 102
93 280 119
93 280 136
93 280 153
93 280 170
93 280 187
93 280 204
93 280 221
93 280 238
93 280 255
93 280 272
93 280 289
93 280 306
93 280 323
93 280 340
93 280 357
93 280 374
93 280 391
93 280 408
93 280 425
93 280 442
93 280 459
93 280 476
93 280 493
93 287 17
93 300 0
93 300 34
93 300 51
93 300 68
93 300 85
93 300 102
93 300 119
93 300 136
93 300 153
93 300 170
93 300 187
93 300 204
93 300 221
93 300 238
93 300 255
93 300 272
93 300 289
93 300 306
93 300 323
93 300 340
93 300 357
93 300 374
93 300 391
93 300 408
93 300 425
93 300 442
93 300 459
93 300 476
93 300 493
93 307 17
93 320 0
93 320 34
93 320 51
93 320 68
93 320 85
93 320 102
93 320 119
93 320 136
93 320 153
93 320 170
93 320 187
93 320 204
93 320 221
93 320 238
93 320 255
93 320 272
93 320 289
93 320 306
93 320 323
93 320 340
93 320 357
93 320 374
93 320 391
93 320 408
93 320 425
93 320 442
93 320 459
93 320 476
93 320 493
93 327 17
93 340 0
93 340 34
93 340 51
93 340 68
93 340 85
93 340 102
93 340 119
93 340 136
93 340 153
93 340 170
93 340 187
93 340 204
93 340 221
93 340 238
93 340 255
93 340 272
93 340 289
93 340 306
93 340 323
93 340 340
93 340 357
93 340 374
93 340 391
93 340 408
93 340 425
93 340 442
93 340 459
93 340 476
93 340 493
93 347 17
93 360 0
93 360 34
93 360 51
93 360 68
93 360 85
93 360 102
93 360 119
93 360 136
93 360 153
93 360 170
93 360 187
93 360 204
93 360 221
93 360 238
93 360 255
93 360 272
93 360 289
93 360 306
93 360 323
93 360 340
93 360 357
93 360 374
93 360 391
93 360 408
93 360 425
93 360 442
93 360 459
93 360 476
93 360 493
93 367 17
93 380 0
93 380 34
93 380 51
93 380 68
93 380 85
93 380 102
93 380 119
93 380 136
93 380 153
93 380 170
93 380 187
93 380 204
93 380 221
93 380 238
93 380 255
93 380 272
93 380 289
93 380 306
93 380 323
93 380 340
93 380 357
93 380 374
93 380 391
93 380 408
93 380 425
93 380 442
93 380 459
93 380 476
93 380 493
93 387 17
93 400 0
93 400 34
93 400 51
93 400 68
93 400 85
93 400 102
93 400 119
93 400 136
93 400 153
93 400 170
93 400 187
93 400 204
93 400 221
93 400 238
93 400 255
93 400 272
93 400 289
93 400 306
93 400 323
93 400 340
93 400 357
93 400 374
93 400 391
93 400 408
93 400 425
93 400 442
93 400 459
93 400 476
93 400 493
93 407 17
93 420 0
93 420 34
93 420 51
93 420 68
93 420 85
93 420 102
93 420 119
93 420 136
93 420 153
93 420 170
93 420 187
93 420 204
93 420 221
93 420 238
93 420 255
93 420 272
93 420 289
93 420 306
93 420 323
93 420 340
93 420 357
93 420 374
93 420 391
93 420 408
93 420 425
93 420 442
93 420 459
93 420 476
93 420 493
93 427 17
93 440 0
93 440 34
93 440 51
93 440 68
93 440 85
93 440 102
93 440 119
93 440 136
93 440 153
93 440 170
93 440 187
93 440 204
93 440 221
93 440 238
93 440 255
93 440 272
93 440 289
93 440 306
93 440 323
93 440 340
93 440 357
93 440 374
93 440 391
93 440 408
93 440 425
93 440 442
93 440 459
93 440 476
93 440 493
93 447 17
93 460 0
93 460 34
93 460 51
93 460 68
93 460 85
93 460 102
93 460 119
93 460 136
93 460 153
93 460 170
93 460 187
93 460 204
93 460 221
93 460 238
93 460 255
93 460 272
93 460 289
93 460 306
93 460 323
93 460 340
93 460 357
93 460 374
93 460 391
93 460 408
93 460 425
93 460 442
93 460 459
93 460 476
93 460 493
93 467 17
93 480 0
93 480 34
93 480 51
93 480 68
93 480 85
93 480 102
93 480 119
93 480 136
93 480 153
93 480 170
93 480 187
93 480 204
93 480 221
93 480 238
93 480 255
93 480 272
93 480 289
93 480 306
93 480 323
93 480 340
93 480 357
93 480 374
93 480 391
93 480 408
93 480 425
93 480 442
93 480 459
93 480 476
93 480 493
93 487 17
93 500 0
93 500 34
93 500 51
93 500 68
93 500 85
93 500 102
93 500 119
93 500 136
93 500 153
93 500 170
93 500 187
93 500 204
93 500 221
93 500 238
93 500 255
93 500 272
93 500 289
93 500 306
93 500 323
93 500 340
93 500 357
93 500 374
93 500 391
93 500 408
93 500 425
93 500 442
93 500 459
93 500 476
93 500 493
93 0 512
93 0 529
93 0 546
93 0 563
93 0 580
93 0 597
93 0 614
93 0 631
93 0 648
93 0 665
93 0 682
93 0 699
93 0 716
93 0 733
93 0 750
93 0 767
93 0 784
93 0 801
93 0 818
93 0 835
93 0 852
93 0 869
93 0 886
93 0 903
93 0 920
93 0 937
93 0 954
93 0 971
93 20 513
93 20 530
93 20 547
93 20 564
93 20 581
93 20 598
93 20 615
93 20 632
93 20 649
93 20 666
93 20 683
93 20 700
93 20 717
93 20 734
93 20 751
93 20 768
93 20 785
93 20 802
93 20 819
93 20 836
93 20 853
93 20 870
93 20 887
93 20 904
93 20 921
93 20 938
93 20 955
93 20 972
93 40 513
93 40 530
93 40 547
93 40 564
93 40 581
93 40 598
93 40 615
93 40 632
93 40 649
93 40 666
93 40 683
93 40 700
93 40 717
93 40 734
93 40 751
93 40 768
93 40 785
93 40 802
93 40 819
93 40 836
93 40 853
93 40 870
93 40 887
93 40 904
93 40 921
93 40 938
93 40 955
93 40 972
93 60 510
93 60 527
93 60 544
93 60 561
93 60 578
93 60 595
93 60 612
93 60 629
93 60 646
93 60 663
93 60 680
93 60 697
93 60 714
93 60 731
93 60 748
93 60 765
93 60 782
93 60 799
93 60 816
93 60 833
93 60 850
93 60 867
93 60 884
93 60 901
93 60 918
93 60 935
93 60 952
93 60 969
93 80 510
93 80 527
93 80 544
93 80 561
93 80 578
93 80 595
93 80 612
93 80 629
93 80 646
93 80 663
93 80 680
93 80 697
93 80 714
93 80 731
93 80 748
93 80 765
93 80 782
93 80 799
93 80 816
93 80 833
93 80 850
93 80 867
93 80 884
93 80 901
93 80 918
93 80 935
93 80 952
93 80 969
93 100 510
93 100 527
93 100 544
93 100 561
93 100 578
93 100 595
93 100 612
93 100 629
93 100 646
93 100 663
93 100 680
93 100 697
93 100 714
93 100 731
93 100 748
93 100 765
93 100 782
93 100 799
93 100 816
93 100 833
93 100 850
93 100 867
93 100 884
93 100 901
93 100 918
93 100 935
93 100 952
93 100 969
93 120 510
93 120 527
93 120 544
93 120 561
93 120 578
93 120 595
93 120 612
93 120 629
93 120 646
93 120 663
93 120 680
93 120 697
93 120 714
93 120 731
93 120 748
93 120 765
93 120 782
93 120 799
93 120 816
93 120 833
93 120 850
93 120 867
93 120 884
93 120 901
93 120 918
93 120 935
93 120 952
93 120 969
93 140 510
93 140 527
93 140 544
93 140 561
93 140 578
93 140 595
93 140 612
93 140 629
93 140 646
93 140 663
93 140 680
93 140 697
93 140 714
93 140 731
93 140 748
93 140 765
93 140 782
93 140 799
93 140 816
93 140 833
93 140 850
93 140 867
93 140 884
93 140 901
93 140 918
93 140 935
93 140 952
93 140 969
93 160 510
93 160 527
93 160 544
93 160 561
93 160 578
93 160 595
93 160 612
93 160 629
93 160 646
93 160 663
93 160 680
93 160 697
93 160 714
93 160 731
93 160 748
93 160 765
93 160 782
93 160 799
93 160 816
93 160 833
93 160 850
93 160 867
93 160 884
93 160 901
93 160 918
93 160 935
93 160 952
93 160 969
93 180 510
93 180 527
93 180 544
93 180 561
93 180 578
93 180 595
93 180 612
93 180 629
93 180 646
93 180 663
93 180 680
93 180 697
93 180 714
93 180 731
93 180 748
93 180 765
93 180 782
93 180 799
93 180 816
93 180 833
93 180 850
93 180 867
93 180 884
93 180 901
93 180 918
93 180 935
93 180 952
93 180 969
93 200 510
93 200 527
93 200 544
93 200 561
93 200 578
93 200 595
93 200 612
93 200 629
93 200 646
93 200 663
93 200 680
93 200 697
93 200 714
93 200 731
93 200 748
93 200 765
93 200 782
93 200 799
93 200 816
93 200 833
93 200 850
93 200 867
93 200 884
93 200 901
93 200 918
93 200 935
93 200 952
93 200 969
93 220 510
93 220 527
93 220 544
93 220 561
93 220 578
93 220 595
93 220 612
93 220 629
93 220 646
93 220 663
93 220 680
93 220 697
93 220 714
93 220 731
93 220 748
93 220 765
93 220 782
93 220 799
93 220 816
93 220 833
93 220 850
93 220 867
93 220 884
93 220 901
93 220 918
93 220 935
93 220 952
93 220 969
93 240 510
93 240 527
93 240 544
93 240 561
93 240 578
93 240 595
93 240 612
93 240 629
93 240 646
93 240 663
93 240 680
93 240 697
93 240 714
93 240 731
93 240 748
93 240 765
93 240 782
93 240 799
93 240 816
93 240 833
93 240 850
93 240 867
93 240 884
93 240 901
93 240 918
93 240 935
93 240 952
93 240 969
93 260 510
93 260 527
93 260 544
93 260 561
93 260 578
93 260 595
93 260 612
93 260 629
93 260 646
93 260 663
93 260 680
93 260 697
93 260 714
93 260 731
93 260 748
93 260 765
93 260 782
93 260 799
93 260 816
93 260 833
93 260 850
93 260 867
93 260 884
93 260 901
93 260 918
93 260 935
93 260 952
93 260 969
93 280 510
93 280 527
93 280 544
93 280 561
93 280 578
93 280 595
93 280 612
93 280 629
93 280 646
93 280 663
93 280 680
93 280 697
93 280 714
93 280 731
93 280 748
93 280 765
93 280 782
93 280 799
93 280 816
93 280 833
93 280 850
93 280 867
93 280 884
93 280 901
93 280 918
93 280 935
93 280 952
93 280 969
93 300 510
93 300 527
93 300 544
93 300 561
93 300 578
93 300 595
93 300 612
93 300 629
93 300 646
93 300 663
93 300 680
93 300 697
93 300 714
93 300 731
93 300 748
93 300 765
93 300 782
93 300 799
93 300 816
93 300 833
93 300 850
93 300 867
93 300 884
93 300 901
93 300 918
93 300 935
93 300 952
93 300 969
93 320 510
93 320 527
93 320 544
93 320 561
93 320 578
93 320 595
93 320 612
93 320 629
93 320 646
93 320 663
93 320 680
93 320 697
93 320 714
93 320 731
93 320 748
93 320 765
93 320 782
93 320 799
93 320 816
93 320 833
93 320 850
93 320 867
93 320 884
93 320 901
93 320 918
93 320 935
93 320 952
93 320 969
93 340 510
93 340 527
93 340 544
93 340 561
93 340 578
93 340 595
93 340 612
93 340 629
93 340 646
93 340 663
93 340 680
93 340 697
93 340 714
93 340 731
93 340 748
93 340 765
93 340 782
93 340 799
93 340 816
93 340 833
93 340 850
93 340 867
93 340 884
93 340 901
93 340 918
93 340 935
93 340 952
93 340 969
93 360 510
93 360 527
93 360 544
93 360 561
93 360 578
93 360 595
93 360 612
93 360 629
93 360 646
93 360 663
93 360 680
93 360 697
93 360 714
93 360 731
93 360 748
93 360 765
93 360 782
93 360 799
93 360 816
93 360 833
93 360 850
93 360 867
93 360 884
93 360 901
93 360 918
93 360 935
93 360 952
93 360 969
93 380 510
93 380 527
93 380 544
93 380 561
93 380 578
93 380 595
93 380 612
93 380 629
93 380 646
93 380 663
93 380 680
93 380 697
93 380 714
93 380 731
93 380 748
93 380 765
93 380 782
93 380 799
93 380 816
93 380 833
93 380 850
93 380 867
93 380 884
93 380 901
93 380 918
93 380 935
93 380 952
93 380 969
93 400 510
93 400 527
93 400 544
93 400 561
93 400 578
93 400 595
93 400 612
93 400 629
93 400 646
93 400 663
93 400 680
93 400 697
93 400 714
93 400 731
93 400 748
93 400 765
93 400 782
93 400 799
93 400 816
93 400 833
93 400 850
93 400 867
93 400 884
93 400 901
93 400 918
93 400 935
93 400 952
93 400 969
93 420 510
93 420 527
93 420 544
93 420 561
93 420 578
93 420 595
93 420 612
93 420 629
93 420 646
93 420 663
93 420 680
93 420 697
93 420 714
93 420 731
93 420 748
93 420 765
93 420 782
93 420 799
93 420 816
93 420 833
93 420 850
93 420 867
93 420 884
93 420 901
93 420 918
93 420 935
93 420 952
93 420 969
93 440 510
93 440 527
93 440 544
93 440 561
93 440 578
93 440 595
93 440 612
93 440 629
93 440 646
93 440 663
93 440 680
93 440 697
93 440 714
93 440 731
93 440 748
93 440 765
93 440 782
93 440 799
93 440 816
93 440 833
93 440 850
93 440 867
93 440 884
93 440 901
93 440 918
93 440 935
93 440 952
93 440 969
93 460 510
93 460 527
93 460 544
93 460 561
93 460 578
93 460 595
93 460 612
93 460 629
93 460 646
93 460 663
93 460 680
93 460 697
93 460 714
93 460 731
93 460 748
93 460 765
93 460 782
93 460 799
93 460 816
93 460 833
93 460 850
93 460 867
93 460 884
93 460 901
93 460 918
93 460 935
93 460 952
93 460 969
93 480 510
93 480 527
93 480 544
93 480 561
93 480 578
93 480 595
93 480 612
93 480 629
93 480 646
93 480 663
93 480 680
93 480 697
93 480 714
93 480 731
93 480 748
93 480 765
93 480 782
93 480 799
93 480 816
93 480 833
93 480 850
93 480 867
93 480 884
93 480 901
93 480 918
93 480 935
93 480 952
93 480 969
93 500 510
93 500 527
93 500 544
93 500 561
93 500 578
93 500 595
93 500 612
93 500 629
93 500 646
93 500 663
93 500 680
93 500 697
93 500 714
93 500 731
93 500 748
93 500 765
93 500 782
93 500 799
93 500 816
93 500 833
93 500 850
93 500 867
93 500 884
93 500 901
93 500 918
93 500 935
93 500 952
93 500 969
93 507 17
93 520 0
93 520 34
93 520 51
93 520 68
93 520 85
93 520 102
93 520 119
93 520 136
93 520 153
93 520 170
93 520 187
93 520 204
93 520 221
93 520 238
93 520 255
93 520 272
93 520 289
93 520 306
93 520 323
93 520 340
93 520 357
93 520 374
93 520 391
93 520 408
93 520 425
93 520 442
93 520 459
93 520 476
93 520 493
93 520 510
93 520 527
93 520 544
93 520 561
93 520 578
93 520 595
93 520 612
93 520 629
93 520 646
93 520 663
93 520 680
93 520 697
93 520 714
93 520 731
93 520 748
93 520 765
93 520 782
93 520 799
93 520 816
93 520 833
93 520 850
93 520 867
93 520 884
93 520 901
93 520 918
93 520 935
93 520 952
93 520 969
93 527 17
93 540 0
93 540 34
93 540 51
93 540 68
93 540 85
93 540 102
93 540 119
93 540 136
93 540 153
93 540 170
93 540 187
93 540 204
93 540 221
93 540 238
93 540 255
93 540 272
93 540 289
93 540 306
93 540 323
93 540 340
93 540 357
93 540 374
93 540 391
93 540 408
93 540 425
93 540 442
93 540 459
93 540 476
93 540 493
93 540 510
93 540 527
93 540 544
93 540 561
93 540 578
93 540 595
93 540 612
93 540 629
93 540 646
93 540 663
93 540 680
93 540 697
93 540 714
93 540 731
93 540 748
93 540 765
93 540 782
93 540 799
93 540 816
93 540 833
93 540 850
93 540 867
93 540 884
93 540 901
93 540 918
93 540 935
93 540 952
93 540 969
93 547 17
93 560 0
93 560 34
93 560 51
93 560 68
93 560 85
93 560 102
93 560 119
93 560 136
93 560 153
93 560 170
93 560 187
93 560 204
93 560 221
93 560 238
93 560 255
93 560 272
93 560 289
93 560 306
93 560 323
93 560 340
93 560 357
93 560 374
93 560 391
93 560 408
93 560 425
93 560 442
93 560 459
93 560 476
93 560 493
93 560 510
93 560 527
93 560 544
93 560 561
93 560 578
93 560 595
93 560 612
93 560 629
93 560 646
93 560 663
93 560 680
93 560 697
93 560 714
93 560 731
93 560 748
93 560 765
93 560 782
93 560 799
93 560 816
93 560 833
93 560 850
93 560 867
93 560 884
93 560 901
93 560 918
93 560 935
93 560 952
93 560 969
93 567 17
93 580 0
93 580 34
93 580 51
93 580 68
93 580 85
93 580 102
93 580 119
93 580 136
93 580 153
93 580 170
93 580 187
93 580 204
93 580 221
93 580 238
93 580 255
93 580 272
93 580 289
93 580 306
93 580 323
93 580 340
93 580 357
93 580 374
93 580 391
93 580 408
93 580 425
93 580 442
93 580 459
93 580 476
93 580 493
93 580 510
93 580 527
93 580 544
93 580 561
93 580 578
93 580 595
93 580 612
93 580 629
93 580 646
93 580 663
93 580 680
93 580 697
93 580 714
93 580 731
93 580 748
93 580 765
93 580 782
93 580 799
93 580 816
93 580 833
93 580 850
93 580 867
93 580 884
93 580 901
93 580 918
93 580 935
93 580 952
93 580 969
93 587 17
93 600 0
93 600 34
93 600 51
93 600 68
93 600 85
93 600 102
93 600 119
93 600 136
93 600 153
93 600 170
93 600 187
93 600 204
93 600 221
93 600 238
93 600 255
93 600 272
93 600 289
93 600 306
93 600 323
93 600 340
93 600 357
93 600 374
93 600 391
93 600 408
93 600 425
93 600 442
93 600 459
93 600 476
93 600 493
93 600 510
93 600 527
93 600 544
93 600 561
93 600 578
93 600 595
93 600 612
93 600 629
93 600 646
93 600 663
93 600 680
93 600 697
93 600 714
93 600 731
93 600 748
93 600 765
93 600 782
93 600 799
93 600 816
93 600 833
93 600 850
93 600 867
93 600 884
93 600 901
93 600 918
93 600 935
93 600 952
93 600 969
93 607 17
93 620 0
93 620 34
93 620 51
93 620 68
93 620 85
93 620 102
93 620 119
93 620 136
93 620 153
93 620 170
93 620 187
93 620 204
93 620 221
93 620 238
93 620 255
93 620 272
93 620 289
93 620 306
93 620 323
93 620 340
93 620 357
93 620 374
93 620 391
93 620 408
93 620 425
93 620 442
93 620 459
93 620 476
93 620 493
93 620 510
93 620 527
93 620 544
93 620 561
93 620 578
93 620 595
93 620 612
93 620 629
93 620 646
93 620 663
93 620 680
93 620 697
93 620 714
93 620 731
93 620 748
93 620 765
93 620 782
93 620 799
93 620 816
93 620 833
93 620 850
93 620 867
93 620 884
93 620 901
93 620 918
93 620 935
93 620 952
93 620 969
93 627 17
93 640 0
93 640 34
93 640 51
93 640 68
93 640 85
93 640 102
93 640 119
93 640 136
93 640 153
93 640 170
93 640 187
93 640 204
93 640 221
93 640 238
93 640 255
93 640 272
93 640 289
93 640 306
93 640 323
93 640 340
93 640 357
93 640 374
93 640 391
93 640 408
93 640 425
93 640 442
93 640 459
93 640 476
93 640 493
93 640 510
93 640 527
93 640 544
93 640 561
93 640 578
93 640 595
93 640 612
93 640 629
93 640 646
93 640 663
93 640 680
93 640 697
93 640 714
93 640 731
93 640 748
93 640 765
93 640 782
93 640 799
93 640 816
93 640 833
93 640 850
93 640 867
93 640 884
93 640 901
93 640 918
93 640 935
93 640 952
93 640 969
93 647 17
93 660 0
93 660 34
93 660 51
93 660 68
93 660 85
93 660 102
93 660 119
93 660 136
93 660 153
93 660 170
93 660 187
93 660 204
93 660 221
93 660 238
93 660 255
93 660 272
93 660 289
93 660 306
93 660 323
93 660 340
93 660 357
93 660 374
93 660 391
93 660 408
93 660 425
93 660 442
93 660 459
93 660 476
93 660 493
93 660 510
93 660 527
93 660 544
93 660 561
93 660 578
93 660 595
93 660 612
93 660 629
93 660 646
93 660 663
93 660 680
93 660 697
93 660 714
93 660 731
93 660 748
93 660 765
93 660 782
93 660 799
93 660 816
93 660 833
93 660 850
93 660 867
93 660 884
93 660 901
93 660 918
93 660 935
93 660 952
93 660 969
93 667 17
93 680 0
93 680 34
93 680 51
93 680 68
93 680 85
93 680 102
93 680 119
93 680 136
93 680 153
93 680 170
93 680 187
93 680 204
93 680 221
93 680 238
93 680 255
93 680 272
93 680 289
93 680 306
93 680 323
93 680 340
93 680 357
93 680 374
93 680 391
93 680 408
93 680 425
93 680 442
93 680 459
93 680 476
93 680 493
93 680 510
93 680 527
93 680 544
93 680 561
93 680 578
93 680 595
93 680 612
93 680 629
93 680 646
93 680 663
93 680 680
93 680 697
93 680 714
93 680 731
93 680 748
93 680 765
93 680 782
93 680 799
93 680 816
93 680 833
93 680 850
93 680 867
93 680 884
93 680 901
93 680 918
93 680 935
93 680 952
93 680 969
93 687 17
93 700 0
93 700 34
93 700 51
93 700 68
93 700 85
93 700 102
93 700 119
93 700 136
93 700 153
93 700 170
93 700 187
93 700 204
93 700 221
93 700 238
93 700 255
93 700 272
93 700 289
93 700 306
93 700 323
93 700 340
93 700 357
93 700 374
93 700 391
93 700 408
93 700 425
93 700 442
93 700 459
93 700 476
93 700 493
93 700 510
93 700 527
93 700 544
93 700 561
93 700 578
93 700 595
93 700 612
93 700 629
93 700 646
93 700 663
93 700 680
93 700 697
93 700 714
93 700 731
93 700 748
93 700 765
93 700 782
93 700 799
93 700 816
93 700 833
93 700 850
93 700 867
93 700 884
93 700 901
93 700 918
93 700 935
93 700 952
93 700 969
93 707 17
93 720 0
93 720 34
93 720 51
93 720 68
93 720 85
93 720 102
93 720 119
93 720 136
93 720 153
93 720 170
93 720 187
93 720 204
93 720 221
93 720 238
93 720 255
93 720 272
93 720 289
93 720 306
93 720 323
93 720 340
93 720 357
93 720 374
93 720 391
93 720 408
93 720 425
93 720 442
93 720 459
93 720 476
93 720 493
93 720 510
93 720 527
93 720 544
93 720 561
93 720 578
93 720 595
93 720 612
93 720 629
93 720 646
93 720 663
93 720 680
93 720 697
93 720 714
93 720 731
93 720 748
93 720 765
93 720 782
93 720 799
93 720 816
93 720 833
93 720 850
93 720 867
93 720 884
93 720 901
93 720 918
93 720 935
93 720 952
93 720 969
93 727 17
93 740 0
93 740 34
93 740 51
93 740 68
93 740 85
93 740 102
93 740 119
93 740 136
93 740 153
93 740 170
93 740 187
93 740 204
93 740 221
93 740 238
93 740 255
93 740 272
93 740 289
93 740 306
93 740 323
93 740 340
93 740 357
93 740 374
93 740 391
93 740 408
93 740 425
93 740 442
93 740 459
93 740 476
93 740 493
93 740 510
93 740 527
93 740 544
93 740 561
93 740 578
93 740 595
93 740 612
93 740 629
93 740 646
93 740 663
93 740 680
93 740 697
93 740 714
93 740 731
93 740 748
93 740 765
93 740 782
93 740 799
93 740 816
93 740 833
93 740 850
93 740 867
93 740 884
93 740 901
93 740 918
93 740 935
93 740 952
93 740 969
93 747 17
93 760 0
93 760 34
93 760 51
93 760 68
93 760 85
93 760 102
93 760 119
93 760 136
93 760 153
93 760 170
93 760 187
93 760 204
93 760 221
93 760 238
93 760 255
93 760 272
93 760 289
93 760 306
93 760 323
93 760 340
93 760 357
93 760 374
93 760 391
93 760 408
93 760 425
93 760 442
93 760 459
93 760 476
93 760 493
93 760 510
93 760 527
93 760 544
93 760 561
93 760 578
93 760 595
93 760 612
93 760 629
93 760 646
93 760 663
93 760 680
93 760 697
93 760 714
93 760 731
93 760 748
93 760 765
93 760 782
93 760 799
93 760 816
93 760 833
93 760 850
93 760 867
93 760 884
93 760 901
93 760 918
93 760 935
93 760 952
93 760 969
93 767 17
93 780 0
93 780 34
93 780 51
93 780 68
93 780 85
93 780 102
93 780 119
93 780 136
93 780 153
93 780 170
93 780 187
93 780 204
93 780 221
93 780 238
93 780 255
93 780 272
93 780 289
93 780 306
93 780 323
93 780 340
93 780 357
93 780 374
93 780 391
93 780 408
93 780 425
93 780 442
93 780 459
93 780 476
93 780 493
93 780 510
93 780 527
93 780 544
93 780 561
93 780 578
93 780 595
93 780 612
93 780 629
93 780 646
93 780 663
93 780 680
93 780 697
93 780 714
93 780 731
93 780 748
93 780 765
93 780 782
93 780 799
93 780 816
93 780 833
93 780 850
93 780 867
93 780 884
93 780 901
93 780 918
93 780 935
93 780 952
93 780 969
93 787 17
93 800 0
93 800 34
93 800 51
93 800 68
93 800 85
93 800 102
93 800 119
93 800 136
93 800 153
93 800 170
93 800 187
93 800 204
93 800 221
93 800 238
93 800 255
93 800 272
93 800 289
93 800 306
93 800 323
93 800 340
93 800 357
93 800 374
93 800 391
93 800 408
93 800 425
93 800 442
93 800 459
93 800 476
93 800 493
93 800 510
93 800 527
93 800 544
93 800 561
93 800 578
93 800 595
93 800 612
93 800 629
93 800 646
93 800 663
93 800 680
93 800 697
93 800 714
93 800 731
93 800 748
93 800 765
93 800 782
93 800 799
93 800 816
93 800 833
93 800 850
93 800 867
93 800 884
93 800 901
93 800 918
93 800 935
93 800 952
93 800 969
93 807 17
93 820 0
93 820 34
93 820 51
93 820 68
93 820 85
93 820 102
93 820 119
93 820 136
93 820 153
93 820 170
93 820 187
93 820 204
93 820 221
93 820 238
93 820 255
93 820 272
93 820 289
93 820 306
93 820 323
93 820 340
93 820 357
93 820 374
93 820 391
93 820 408
93 820 425
93 820 442
93 820 459
93 820 476
93 820 493
93 820 510
93 820 527
93 820 544
93 820 561
93 820 578
93 820 595
93 820 612
93 820 629
93 820 646
93 820 663
93 820 680
93 820 697
93 820 714
93 820 731
93 820 748
93 820 765
93 820 782
93 820 799
93 820 816
93 820 833
93 820 850
93 820 867
93 820 884
93 820 901
93 820 918
93 820 935
93 820 952
93 820 969
93 827 17
93 840 0
93 840 34
93 840 51
93 840 68
93 840 85
93 840 102
93 840 119
93 840 136
93 840 153
93 840 170
93 840 187
93 840 204
93 840 221
93 840 238
93 840 255
93 840 272
93 840 289
93 840 306
93 840 323
93 840 340
93 840 357
93 840 374
93 840 391
93 840 408
93 840 425
93 840 442
93 840 459
93 840 476
93 840 493
93 840 510
93 840 527
93 840 544
93 840 561
93 840 578
93 840 595
93 840 612
93 840 629
93 840 646
93 840 663
93 840 680
93 840 697
93 840 714
93 840 731
93 840 748
93 840 765
93 840 782
93 840 799
93 840 816
93 840 833
93 840 850
93 840 867
93 840 884
93 840 901
93 840 918
93 840 935
93 840 952
93 840 969
93 847 17
93 860 0
93 860 34
93 860 51
93 860 68
93 860 85
93 860 102
93 860 119
93 860 136
93 860 153
93 860 170
93 860 187
93 860 204
93 860 221
93 860 238
93 860 255
93 860 272
93 860 289
93 860 306
93 860 323
93 860 340
93 860 357
93 860 374
93 860 391
93 860 408
93 860 425
93 860 442
93 860 459
93 860 476
93 860 493
93 860 510
93 860 527
93 860 544
93 860 561
93 860 578
93 860 595
93 860 612
93 860 629
93 860 646
93 860 663
93 860 680
93 860 697
93 860 714
93 860 731
93 860 748
93 860 765
93 860 782
93 860 799
93 860 816
93 860 833
93 860 850
93 860 867
93 860 884
93 860 901
93 860 918
93 860 935
93 860 952
93 860 969
93 867 17
93 880 0
93 880 34
93 880 51
93 880 68
93 880 85
93 880 102
93 880 119
93 880 136
93 880 153
93 880 170
93 880 187
93 880 204
93 880 221
93 880 238
93 880 255
93 880 272
93 880 289
93 880 306
93 880 323
93 880 340
93 880 357
93 880 374
93 880 391
93 880 408
93 880 425
93 880 442
93 880 459
93 880 476
93 880 493
93 880 510
93 880 527
93 880 544
93 880 561
93 880 578
93 880 595
93 880 612
93 880 629
93 880 646
93 880 663
93 880 680
93 880 697
93 880 714
93 880 731
93 880 748
93 880 765
93 880 782
93 880 799
93 880 816
93 880 833
93 880 850
93 880 867
93 880 884
93 880 901
93 880 918
93 880 935
93 880 952
93 880 969
93 887 17
93 900 0
93 900 34
93 900 51
93 900 68
93 900 85
93 900 102
93 900 119
93 900 136
93 900 153
93 900 170
93 900 187
93 900 204
93 900 221
93 900 238
93 900 255
93 900 272
93 900 289
93 900 306
93 900 323
93 900 340
93 900 357
93 900 374
93 900 391
93 900 408
93 900 425
93 900 442
93 900 459
93 900 476
93 900 493
93 900 510
93 900 527
93 900 544
93 900 561
93 900 578
93 900 595
93 900 612
93 900 629
93 900 646
93 900 663
93 900 680
93 900 697
93 900 714
93 900 731
93 900 748
93 900 765
93 900 782
93 900 799
93 900 816
93 900 833
93 900 850
93 900 867
93 900 884
93 900 901
93 900 918
93 900 935
93 900 952
93 900 969
93 907 17
93 920 0
93 920 34
93 920 51
93 920 68
93 920 85
93 920 102
93 920 119
93 920 136
93 920 153
93 920 170
93 920 187
93 920 204
93 920 221
93 920 238
93 920 255
93 920 272
93 920 289
93 920 306
93 920 323
93 920 340
93 920 357
93 920 374
93 920 391
93 920 408
93 920 425
93 920 442
93 920 459
93 920 476
93 920 493
93 920 510
93 920 527
93 920 544
93 920 561
93 920 578
93 920 595
93 920 612
93 920 629
93 920 646
93 920 663
93 920 680
93 920 697
93 920 714
93 920 731
93 920 748
93 920 765
93 920 782
93 920 799
93 920 816
93 920 833
93 920 850
93 920 867
93 920 884
93 920 901
93 920 918
93 920 935
93 920 952
93 920 969
93 927 17
93 940 0
93 940 34
93 940 51
93 940 68
93 940 85
93 940 102
93 940 119
93 940 136
93 940 153
93 940 170
93 940 187
93 940 204
93 940 221
93 940 238
93 940 255
93 940 272
93 940 289
93 940 306
93 940 323
93 940 340
93 940 357
93 940 374
93 940 391
93 940 408
93 940 425
93 940 442
93 940 459
93 940 476
93 940 493
93 940 510
93 940 527
93 940 544
93 940 561
93 940 578
93 940 595
93 940 612
93 940 629
93 940 646
93 940 663
93 940 680
93 940 697
93 940 714
93 940 731
93 940 748
93 940 765
93 940 782
93 940 799
93 940 816
93 940 833
93 940 850
93 940 867
93 940 884
93 940 901
93 940 918
93 940 935
93 940 952
93 940 969
93 947 17
93 960 0
93 960 34
93 960 51
93 960 68
93 960 85
93 960 102
93 960 119
93 960 136
93 960 153
93 960 170
93 960 187
93 960 204
93 960 221
93 960 238
93 960 255
93 960 272
93 960 289
93 960 306
93 960 323
93 960 340
93 960 357
93 960 374
93 960 391
93 960 408
93 960 425
93 960 442
93 960 459
93 960 476
93 960 493
93 960 510
93 960 527
93 960 544
93 960 561
93 960 578
93 960 595
93 960 612
93 960 629
93 960 646
93 960 663
93 960 680
93 960 697
93 960 714
93 960 731
93 960 748
93 960 765
93 960 782
93 960 799
93 960 816
93 960 833
93 960 850
93 960 867
93 960 884
93 960 901
93 960 918
93 960 935
93 960 952
93 960 969
93 967 17
93 980 0
93 980 34
93 980 51
93 980 68
93 980 85
93 980 102
93 980 119
93 980 136
93 980 153
93 980 170
93 980 187
93 980 204
93 980 221
93 980 238
93 980 255
93 980 272
93 980 289
93 980 306
93 980 323
93 980 340
93 980 357
93 980 374
93 980 391
93 980 408
93 980 425
93 980 442
93 980 459
93 980 476
93 980 493
93 980 510
93 980 527
93 980 544
93 980 561
93 980 578
93 980 595
93 980 612
93 980 629
93 980 646
93 980 663
93 980 680
93 980 697
93 980 714
93 980 731
93 980 748
93 980 765
93 980 782
93 980 799
93 980 816
93 980 833
93 980 850
93 980 867
93 980 884
93 980 901
93 980 918
93 980 935
93 980 952
93 980 969
