c:\users\e177647u\source\repos\polyhash\polyhash\debug\vc141.pdb
c:\users\e177647u\source\repos\polyhash\polyhash\debug\vc141.idb
c:\users\e177647u\source\repos\polyhash\polyhash\debug\placement.obj
c:\users\e177647u\source\repos\polyhash\polyhash\debug\utility.obj
c:\users\e177647u\source\repos\polyhash\polyhash\debug\residence.obj
c:\users\e177647u\source\repos\polyhash\polyhash\debug\parserout.obj
c:\users\e177647u\source\repos\polyhash\polyhash\debug\parser.obj
c:\users\e177647u\source\repos\polyhash\polyhash\debug\map.obj
c:\users\e177647u\source\repos\polyhash\polyhash\debug\main.obj
c:\users\e177647u\source\repos\polyhash\polyhash\debug\cell.obj
c:\users\e177647u\source\repos\polyhash\polyhash\debug\batiment.obj
c:\users\e177647u\source\repos\polyhash\debug\polyhash.exe
c:\users\e177647u\source\repos\polyhash\debug\polyhash.ilk
c:\users\e177647u\source\repos\polyhash\debug\polyhash.pdb
c:\users\e177647u\source\repos\polyhash\polyhash\debug\polyhash.tlog\cl.command.1.tlog
c:\users\e177647u\source\repos\polyhash\polyhash\debug\polyhash.tlog\cl.read.1.tlog
c:\users\e177647u\source\repos\polyhash\polyhash\debug\polyhash.tlog\cl.write.1.tlog
c:\users\e177647u\source\repos\polyhash\polyhash\debug\polyhash.tlog\link.command.1.tlog
c:\users\e177647u\source\repos\polyhash\polyhash\debug\polyhash.tlog\link.read.1.tlog
c:\users\e177647u\source\repos\polyhash\polyhash\debug\polyhash.tlog\link.write.1.tlog
